[2025-12-01 16:33:47] Command triggered for store_id 10 with PID 20782
PHP Notice:  Undefined index: REQUEST_URI in /var/www/vhosts/wantadigital.com/www/theartisttree-mis/class/SessionManager.php on line 59
PHP Notice:  Undefined index: REQUEST_URI in /var/www/vhosts/wantadigital.com/www/theartisttree-mis/class/SessionManager.php on line 59
PHP Notice:  Undefined index: REQUEST_URI in /var/www/vhosts/wantadigital.com/www/theartisttree-mis/class/SessionManager.php on line 59
PHP Notice:  Undefined index: REQUEST_URI in /var/www/vhosts/wantadigital.com/www/theartisttree-mis/class/SessionManager.php on line 59
PHP Notice:  Undefined index: REQUEST_URI in /var/www/vhosts/wantadigital.com/www/theartisttree-mis/class/SessionManager.php on line 59
PHP Notice:  Undefined index: REQUEST_URI in /var/www/vhosts/wantadigital.com/www/theartisttree-mis/inc/security.php on line 41
<ul><li>Hawthorne<li>0 product(s) found for reset<li>164 product(s) found for discount<li>2489456<li>2458984<li>2486400<li>2459720<li>2460592<li>2464376<li>2461136<li>2461608<li>2466064<li>2464904<li>2465360<li>2465816<li>2465760<li>2466472<li>2468064<li>2468536<li>2469040<li>2469480<li>2469952<li>2470424<li>2470896<li>2471368<li>2472160<li>2472632<li>2473104<li>2473176<li>2473712<li>2474392<li>2474864<li>2519400<li>2520512<li>2476872<li>2477360<li>2478184<li>2478128<li>2522328<li>2479280<li>2479608<li>2480144<li>2480696<li>2481072<li>2482184<li>2482608<li>2483176<li>2484256<li>2484568<li>2485040<li>2485480<li>2486128<li>2486616<li>2487104<li>2487464<li>2488208<li>2488840<li>2489248<li>2489656<li>2490128<li>2490664<li>2491008<li>2491464<li>2492560<li>2493304<li>2493616<li>2493992<li>2494448<li>2494840<li>2495376<li>2495896<li>2496240<li>2496824<li>2497184<li>2497576<li>2498128<li>2498600<li>2499056<li>2499544<li>2501136<li>2501608<li>2502080<li>2502536<li>2503056<li>2503528<li>2503872<li>2542696<li>2504768<li>2505272<li>2505696<li>2506280<li>2506736<li>2506984<li>2507504<li>2507960<li>2508576<li>2508968<li>2509312<li>2509768<li>2510224<li>2510808<li>2511152<li>2511672<li>2512128<li>2512472<li>2512960<li>2513480<li>2513856<li>2514424<li>2514848<li>2515496<li>2521504<li>2521928<li>2522352<li>2522728<li>2523312<li>2524040<li>2524096<li>2524568<li>2525024<li>2525688<li>2525984<li>2526504<li>2526864<li>2527448<li>2519472<li>2528248<li>2528640<li>2529208<li>2529616<li>2530008<li>2530560<li>2531000<li>2531344<li>2531816<li>2532352<li>2532728<li>2533344<li>2533672<li>2534096<li>2534664<li>2535040<li>2535464<li>2535968<li>2541784<li>2536992<li>2537384<li>2537776<li>2538248<li>2538688<li>2539112<li>2539568<li>2540024<li>2540480<li>2546968<li>2553904<li>2554264<li>2542912<li>2543384<li>2586368<li>2544328<li>2556720<li>2545704<li>2546128<li>2558232<li>2548192<li>2548664</ul><hr />{"success":true,"response":"164 products updated","redirect":null}[2025-12-01 16:35:13] Command triggered for store_id 10 with PID 20950
PHP Notice:  Undefined index: REQUEST_URI in /var/www/vhosts/wantadigital.com/www/theartisttree-mis/class/SessionManager.php on line 59
PHP Notice:  Undefined index: REQUEST_URI in /var/www/vhosts/wantadigital.com/www/theartisttree-mis/class/SessionManager.php on line 59
PHP Notice:  Undefined index: REQUEST_URI in /var/www/vhosts/wantadigital.com/www/theartisttree-mis/class/SessionManager.php on line 59
PHP Notice:  Undefined index: REQUEST_URI in /var/www/vhosts/wantadigital.com/www/theartisttree-mis/class/SessionManager.php on line 59
PHP Notice:  Undefined index: REQUEST_URI in /var/www/vhosts/wantadigital.com/www/theartisttree-mis/class/SessionManager.php on line 59
PHP Notice:  Undefined index: REQUEST_URI in /var/www/vhosts/wantadigital.com/www/theartisttree-mis/inc/security.php on line 41
<ul><li>Hawthorne<li>0 product(s) found for reset<li>164 product(s) found for discount<li>2489456<li>2458984<li>2486400<li>2459720<li>2460592<li>2464376<li>2461136<li>2461608<li>2466064<li>2464904<li>2465360<li>2465816<li>2465760<li>2466472<li>2468064<li>2468536<li>2469040<li>2469480<li>2469952<li>2470424<li>2470896<li>2471368<li>2472160<li>2472632<li>2473104<li>2473176<li>2473712<li>2474392<li>2474864<li>2519400<li>2520512<li>2476872<li>2477360<li>2478184<li>2478128<li>2522328<li>2479280<li>2479608<li>2480144<li>2480696<li>2481072<li>2482184<li>2482608<li>2483176<li>2484256<li>2484568<li>2485040<li>2485480<li>2486128<li>2486616<li>2487104<li>2487464<li>2488208<li>2488840<li>2489248<li>2489656<li>2490128<li>2490664<li>2491008<li>2491464<li>2492560<li>2493304<li>2493616<li>2493992<li>2494448<li>2494840<li>2495376<li>2495896<li>2496240<li>2496824<li>2497184<li>2497576<li>2498128<li>2498600<li>2499056<li>2499544<li>2501136<li>2501608<li>2502080<li>2502536<li>2503056<li>2503528<li>2503872<li>2542696<li>2504768<li>2505272<li>2505696<li>2506280<li>2506736<li>2506984<li>2507504<li>2507960<li>2508576<li>2508968<li>2509312<li>2509768<li>2510224<li>2510808<li>2511152<li>2511672<li>2512128<li>2512472<li>2512960<li>2513480<li>2513856<li>2514424<li>2514848<li>2515496<li>2521504<li>2521928<li>2522352<li>2522728<li>2523312<li>2524040<li>2524096<li>2524568<li>2525024<li>2525688<li>2525984<li>2526504<li>2526864<li>2527448<li>2519472<li>2528248<li>2528640<li>2529208<li>2529616<li>2530008<li>2530560<li>2531000<li>2531344<li>2531816<li>2532352<li>2532728<li>2533344<li>2533672<li>2534096<li>2534664<li>2535040<li>2535464<li>2535968<li>2541784<li>2536992<li>2537384<li>2537776<li>2538248<li>2538688<li>2539112<li>2539568<li>2540024<li>2540480<li>2546968<li>2553904<li>2554264<li>2542912<li>2543384<li>2586368<li>2544328<li>2556720<li>2545704<li>2546128<li>2558232<li>2548192<li>2548664</ul><hr />{"success":true,"response":"164 products updated","redirect":null}[2025-12-01 16:40:11] Command triggered for store_id 10 with PID 21171
PHP Notice:  Undefined index: REQUEST_URI in /var/www/vhosts/wantadigital.com/www/theartisttree-mis/class/SessionManager.php on line 59
PHP Notice:  Undefined index: REQUEST_URI in /var/www/vhosts/wantadigital.com/www/theartisttree-mis/class/SessionManager.php on line 59
PHP Notice:  Undefined index: REQUEST_URI in /var/www/vhosts/wantadigital.com/www/theartisttree-mis/class/SessionManager.php on line 59
PHP Notice:  Undefined index: REQUEST_URI in /var/www/vhosts/wantadigital.com/www/theartisttree-mis/class/SessionManager.php on line 59
PHP Notice:  Undefined index: REQUEST_URI in /var/www/vhosts/wantadigital.com/www/theartisttree-mis/class/SessionManager.php on line 59
PHP Notice:  Undefined index: REQUEST_URI in /var/www/vhosts/wantadigital.com/www/theartisttree-mis/inc/security.php on line 41
<ul><li>Hawthorne<li>0 product(s) found for reset<li>0 product(s) found for discount</ul><hr />{"success":true,"response":"0 products updated","redirect":null}[2025-12-01 16:43:16] Command triggered for store_id 10 with PID 21388
PHP Notice:  Undefined index: REQUEST_URI in /var/www/vhosts/wantadigital.com/www/theartisttree-mis/class/SessionManager.php on line 59
PHP Notice:  Undefined index: REQUEST_URI in /var/www/vhosts/wantadigital.com/www/theartisttree-mis/class/SessionManager.php on line 59
PHP Notice:  Undefined index: REQUEST_URI in /var/www/vhosts/wantadigital.com/www/theartisttree-mis/class/SessionManager.php on line 59
PHP Notice:  Undefined index: REQUEST_URI in /var/www/vhosts/wantadigital.com/www/theartisttree-mis/class/SessionManager.php on line 59
PHP Notice:  Undefined index: REQUEST_URI in /var/www/vhosts/wantadigital.com/www/theartisttree-mis/class/SessionManager.php on line 59
PHP Notice:  Undefined index: REQUEST_URI in /var/www/vhosts/wantadigital.com/www/theartisttree-mis/inc/security.php on line 41
<ul><li>Hawthorne<li>0 product(s) found for reset<li>164 product(s) found for discount<li>2489456<li>2458984<li>2486400<li>2459720<li>2460592<li>2464376<li>2461136<li>2461608<li>2466064<li>2464904<li>2465360<li>2465816<li>2465760<li>2466472<li>2468064<li>2468536<li>2469040<li>2469480<li>2469952<li>2470424<li>2470896<li>2471368<li>2472160<li>2472632<li>2473104<li>2473176<li>2473712<li>2474392<li>2474864<li>2519400<li>2520512<li>2476872<li>2477360<li>2478184<li>2478128<li>2522328<li>2479280<li>2479608<li>2480144<li>2480696<li>2481072<li>2482184<li>2482608<li>2483176<li>2484256<li>2484568<li>2485040<li>2485480<li>2486128<li>2486616<li>2487104<li>2487464<li>2488208<li>2488840<li>2489248<li>2489656<li>2490128<li>2490664<li>2491008<li>2491464<li>2492560<li>2493304<li>2493616<li>2493992<li>2494448<li>2494840<li>2495376<li>2495896<li>2496240<li>2496824<li>2497184<li>2497576<li>2498128<li>2498600<li>2499056<li>2499544<li>2501136<li>2501608<li>2502080<li>2502536<li>2503056<li>2503528<li>2503872<li>2542696<li>2504768<li>2505272<li>2505696<li>2506280<li>2506736<li>2506984<li>2507504<li>2507960<li>2508576<li>2508968<li>2509312<li>2509768<li>2510224<li>2510808<li>2511152<li>2511672<li>2512128<li>2512472<li>2512960<li>2513480<li>2513856<li>2514424<li>2514848<li>2515496<li>2521504<li>2521928<li>2522352<li>2522728<li>2523312<li>2524040<li>2524096<li>2524568<li>2525024<li>2525688<li>2525984<li>2526504<li>2526864<li>2527448<li>2519472<li>2528248<li>2528640<li>2529208<li>2529616<li>2530008<li>2530560<li>2531000<li>2531344<li>2531816<li>2532352<li>2532728<li>2533344<li>2533672<li>2534096<li>2534664<li>2535040<li>2535464<li>2535968<li>2541784<li>2536992<li>2537384<li>2537776<li>2538248<li>2538688<li>2539112<li>2539568<li>2540024<li>2540480<li>2546968<li>2553904<li>2554264<li>2542912<li>2543384<li>2586368<li>2544328<li>2556720<li>2545704<li>2546128<li>2558232<li>2548192<li>2548664</ul><hr />{"success":true,"response":"164 products updated","redirect":null}[2025-12-01 16:49:06] Command triggered for store_id 10 with PID 21620
PHP Notice:  Undefined index: REQUEST_URI in /var/www/vhosts/wantadigital.com/www/theartisttree-mis/class/SessionManager.php on line 59
PHP Notice:  Undefined index: REQUEST_URI in /var/www/vhosts/wantadigital.com/www/theartisttree-mis/class/SessionManager.php on line 59
PHP Notice:  Undefined index: REQUEST_URI in /var/www/vhosts/wantadigital.com/www/theartisttree-mis/class/SessionManager.php on line 59
PHP Notice:  Undefined index: REQUEST_URI in /var/www/vhosts/wantadigital.com/www/theartisttree-mis/class/SessionManager.php on line 59
PHP Notice:  Undefined index: REQUEST_URI in /var/www/vhosts/wantadigital.com/www/theartisttree-mis/class/SessionManager.php on line 59
PHP Notice:  Undefined index: REQUEST_URI in /var/www/vhosts/wantadigital.com/www/theartisttree-mis/inc/security.php on line 41
<ul><li>Hawthorne<li>0 product(s) found for reset<li>0 product(s) found for discount</ul><hr />{"success":true,"response":"0 products updated","redirect":null}[2025-12-01 16:50:24] Command triggered for store_id 10 with PID 21726
PHP Notice:  Undefined index: REQUEST_URI in /var/www/vhosts/wantadigital.com/www/theartisttree-mis/class/SessionManager.php on line 59
PHP Notice:  Undefined index: REQUEST_URI in /var/www/vhosts/wantadigital.com/www/theartisttree-mis/class/SessionManager.php on line 59
PHP Notice:  Undefined index: REQUEST_URI in /var/www/vhosts/wantadigital.com/www/theartisttree-mis/class/SessionManager.php on line 59
PHP Notice:  Undefined index: REQUEST_URI in /var/www/vhosts/wantadigital.com/www/theartisttree-mis/class/SessionManager.php on line 59
PHP Notice:  Undefined index: REQUEST_URI in /var/www/vhosts/wantadigital.com/www/theartisttree-mis/class/SessionManager.php on line 59
PHP Notice:  Undefined index: REQUEST_URI in /var/www/vhosts/wantadigital.com/www/theartisttree-mis/inc/security.php on line 41
<ul><li>Hawthorne<li>0 product(s) found for reset<li>0 product(s) found for discount</ul><hr />{"success":true,"response":"0 products updated","redirect":null}