[2025-12-02 10:07:46] Command triggered for store_id 5 with PID 4834
PHP Notice:  Undefined index: REQUEST_URI in /var/www/vhosts/wantadigital.com/www/theartisttree-mis/class/SessionManager.php on line 59
PHP Notice:  Undefined index: REQUEST_URI in /var/www/vhosts/wantadigital.com/www/theartisttree-mis/class/SessionManager.php on line 59
PHP Notice:  Undefined index: REQUEST_URI in /var/www/vhosts/wantadigital.com/www/theartisttree-mis/class/SessionManager.php on line 59
PHP Notice:  Undefined index: REQUEST_URI in /var/www/vhosts/wantadigital.com/www/theartisttree-mis/class/SessionManager.php on line 59
PHP Notice:  Undefined index: REQUEST_URI in /var/www/vhosts/wantadigital.com/www/theartisttree-mis/class/SessionManager.php on line 59
PHP Notice:  Undefined index: REQUEST_URI in /var/www/vhosts/wantadigital.com/www/theartisttree-mis/inc/security.php on line 41
<ul><li>Riverside<li>0 product(s) found for reset<li>0 product(s) found for discount</ul><hr />{"success":true,"response":"0 products updated","redirect":null}[2025-12-02 10:08:17] Command triggered for store_id 5 with PID 4908
PHP Notice:  Undefined index: REQUEST_URI in /var/www/vhosts/wantadigital.com/www/theartisttree-mis/class/SessionManager.php on line 59
PHP Notice:  Undefined index: REQUEST_URI in /var/www/vhosts/wantadigital.com/www/theartisttree-mis/class/SessionManager.php on line 59
PHP Notice:  Undefined index: REQUEST_URI in /var/www/vhosts/wantadigital.com/www/theartisttree-mis/class/SessionManager.php on line 59
PHP Notice:  Undefined index: REQUEST_URI in /var/www/vhosts/wantadigital.com/www/theartisttree-mis/class/SessionManager.php on line 59
PHP Notice:  Undefined index: REQUEST_URI in /var/www/vhosts/wantadigital.com/www/theartisttree-mis/class/SessionManager.php on line 59
PHP Notice:  Undefined index: REQUEST_URI in /var/www/vhosts/wantadigital.com/www/theartisttree-mis/inc/security.php on line 41
<ul><li>Riverside<li>0 product(s) found for reset<li>231 product(s) found for discount<li>2611592<li>2671256<li>2649152<li>2671088<li>2647296<li>2674088<li>2673296<li>2655896<li>2674992<li>2675448<li>2652976<li>2668904<li>2676624<li>2647496<li>2666128<li>2678200<li>2679312<li>2679768<li>2650064<li>2687816<li>2687408<li>2681304<li>2681104<li>2674464<li>2592360<li>2682880<li>2683448<li>2672000<li>2665752<li>2594560<li>2662088<li>2685312<li>2685976<li>2675936<li>2680344<li>2659056<li>2690760<li>2689248<li>2631768<li>2690784<li>2690952<li>2683344<li>2692064<li>2669088<li>2669272<li>2693024<li>2670536<li>2695344<li>2694864<li>2671488<li>2699640<li>2695584<li>2689768<li>2697320<li>2674152<li>2697616<li>2676232<li>2686176<li>2687176<li>2703856<li>2609640<li>2700272<li>2706712<li>2701024<li>2701240<li>2701056<li>2617472<li>2714296<li>2708592<li>2708904<li>2708704<li>2709376<li>2716072<li>2687504<li>2710584<li>2687264<li>2717864<li>2689552<li>2682120<li>2690080<li>2666680<li>2690896<li>2714264<li>2696208<li>2715248<li>2708336<li>2693048<li>2626432<li>2694072<li>2717280<li>2717704<li>2723088<li>2700264<li>2719152<li>2719624<li>2696864<li>2720232<li>2697904<li>2721800<li>2723024<li>2723192<li>2722824<li>2710584<li>2723792<li>2723960<li>2696864<li>2697336<li>2708736<li>2698184<li>2649088<li>2710104<li>2712632<li>2651144<li>2711792<li>2706120<li>2706576<li>2702152<li>2702672<li>2703128<li>2703584<li>2704040<li>2697776<li>2705592<li>2716992<li>2699080<li>2711664<li>2712120<li>2712576<li>2708232<li>2708704<li>2713928<li>2672048<li>2710072<li>2715296<li>2710984<li>2717800<li>2716776<li>2732472<li>2735552<li>2719424<li>2715000<li>2720224<li>2720968<li>2727376<li>2655144<li>2722048<li>2717800<li>2718192<li>2718712<li>2723984<li>2724264<li>2731024<li>2731480<li>2720960<li>2732376<li>2732832<li>2727336<li>2731352<li>2726928<li>2723200<li>2742944<li>2724560<li>2733632<li>2730352<li>2728744<li>2726384<li>2726872<li>2732160<li>2727736<li>2738704<li>2734280<li>2738112<li>2735192<li>2740528<li>2748784<li>2736544<li>2755840<li>2742336<li>2737976<li>2738368<li>2685680<li>2683544<li>2738360<li>2738808<li>2746272<li>2750480<li>2747200<li>2740600<li>2748160<li>2719560<li>2749264<li>2742680<li>2743120<li>2750584<li>2744000<li>2751464<li>2752544<li>2753016<li>2753440<li>2746856<li>2725056<li>2754792<li>2696336<li>2755056<li>2689000<li>2689040<li>2726864<li>2756376<li>2702272<li>2756816<li>2703168<li>2768800<li>2757616<li>2759816<li>2761008<li>2765168<li>2758584<li>2707576<li>2762072<li>2763184<li>2767360<li>2750016<li>2767072<li>2757936<li>2765224<li>2765840<li>2759256<li>2766720<li>2760136<li>2767632<li>2761032</ul><hr />{"success":true,"response":"226 products updated","redirect":null}[2025-12-02 10:16:33] Command triggered for store_id 5 with PID 5370
PHP Notice:  Undefined index: REQUEST_URI in /var/www/vhosts/wantadigital.com/www/theartisttree-mis/class/SessionManager.php on line 59
PHP Notice:  Undefined index: REQUEST_URI in /var/www/vhosts/wantadigital.com/www/theartisttree-mis/class/SessionManager.php on line 59
PHP Notice:  Undefined index: REQUEST_URI in /var/www/vhosts/wantadigital.com/www/theartisttree-mis/class/SessionManager.php on line 59
PHP Notice:  Undefined index: REQUEST_URI in /var/www/vhosts/wantadigital.com/www/theartisttree-mis/class/SessionManager.php on line 59
PHP Notice:  Undefined index: REQUEST_URI in /var/www/vhosts/wantadigital.com/www/theartisttree-mis/class/SessionManager.php on line 59
PHP Notice:  Undefined index: REQUEST_URI in /var/www/vhosts/wantadigital.com/www/theartisttree-mis/inc/security.php on line 41
<ul><li>Riverside<li>0 product(s) found for reset<li>0 product(s) found for discount</ul><hr />{"success":true,"response":"0 products updated","redirect":null}[2025-12-02 10:17:10] Command triggered for store_id 5 with PID 5680
PHP Notice:  Undefined index: REQUEST_URI in /var/www/vhosts/wantadigital.com/www/theartisttree-mis/class/SessionManager.php on line 59
PHP Notice:  Undefined index: REQUEST_URI in /var/www/vhosts/wantadigital.com/www/theartisttree-mis/class/SessionManager.php on line 59
PHP Notice:  Undefined index: REQUEST_URI in /var/www/vhosts/wantadigital.com/www/theartisttree-mis/class/SessionManager.php on line 59
PHP Notice:  Undefined index: REQUEST_URI in /var/www/vhosts/wantadigital.com/www/theartisttree-mis/class/SessionManager.php on line 59
PHP Notice:  Undefined index: REQUEST_URI in /var/www/vhosts/wantadigital.com/www/theartisttree-mis/class/SessionManager.php on line 59
PHP Notice:  Undefined index: REQUEST_URI in /var/www/vhosts/wantadigital.com/www/theartisttree-mis/inc/security.php on line 41
<ul><li>Riverside<li>0 product(s) found for reset<li>0 product(s) found for discount</ul><hr />{"success":true,"response":"0 products updated","redirect":null}[2025-12-02 10:31:18] Command triggered for store_id 5 with PID 6200
PHP Notice:  Undefined index: REQUEST_URI in /var/www/vhosts/wantadigital.com/www/theartisttree-mis/class/SessionManager.php on line 59
PHP Notice:  Undefined index: REQUEST_URI in /var/www/vhosts/wantadigital.com/www/theartisttree-mis/class/SessionManager.php on line 59
PHP Notice:  Undefined index: REQUEST_URI in /var/www/vhosts/wantadigital.com/www/theartisttree-mis/class/SessionManager.php on line 59
PHP Notice:  Undefined index: REQUEST_URI in /var/www/vhosts/wantadigital.com/www/theartisttree-mis/class/SessionManager.php on line 59
PHP Notice:  Undefined index: REQUEST_URI in /var/www/vhosts/wantadigital.com/www/theartisttree-mis/class/SessionManager.php on line 59
PHP Notice:  Undefined index: REQUEST_URI in /var/www/vhosts/wantadigital.com/www/theartisttree-mis/inc/security.php on line 41
<ul><li>Riverside<li>147 product(s) found for reset<li>2479296<li>2476104<li>2467616<li>2476648<li>2468592<li>2481624<li>2477360<li>2469784<li>2533864<li>2484120<li>2484944<li>2472232<li>2472464<li>2481400<li>2473360<li>2472272<li>2472272<li>2475264<li>2474776<li>2473288<li>2473288<li>2473432<li>2473432<li>2474016<li>2473304<li>2473304<li>2473304<li>2473304<li>2473304<li>2474616<li>2474728<li>2475472<li>2475576<li>2476000<li>2476472<li>2476992<li>2480960<li>2480960<li>2481024<li>2477352<li>2477792<li>2478584<li>2479264<li>2479736<li>2480144<li>2480616<li>2481568<li>2481688<li>2481720<li>2481952<li>2481656<li>2478856<li>2481576<li>2481576<li>2481576<li>2481688<li>2481576<li>2481688<li>2481576<li>2481880<li>2481576<li>2481672<li>2481672<li>2543848<li>2481464<li>2481464<li>2481464<li>2485240<li>2481576<li>2485400<li>2485368<li>2481576<li>2481576<li>2485336<li>2481576<li>2481576<li>2481672<li>2481544<li>2481544<li>2481704<li>2473128<li>2481672<li>2481576<li>2481432<li>2481832<li>2481720<li>2481464<li>2543848<li>2481880<li>2481432<li>2481544<li>2481576<li>2543848<li>2481880<li>2481784<li>2481544<li>2481464<li>2481912<li>2481576<li>2486400<li>2486368<li>2486400<li>2486368<li>2482816<li>2482816<li>2482784<li>2486400<li>2491744<li>2492056<li>2492464<li>2486368<li>2485912<li>2496616<li>2495560<li>2493768<li>2497008<li>2495632<li>2497944<li>2555392<li>2493224<li>2490584<li>2498120<li>2494696<li>2502496<li>2492720<li>2499640<li>2497320<li>2494008<li>2500800<li>2498632<li>2494736<li>2495152<li>2494752<li>2494720<li>2500608<li>2494704<li>2494720<li>2493920<li>2494720<li>2465536<li>2498288<li>2494768<li>2494768<li>2494624<li>2494800<li>2492248<li>2494808<li>0 product(s) found for discount</ul><hr />{"success":true,"response":"55 products updated","redirect":null}[2025-12-02 10:35:25] Command triggered for store_id 5 with PID 6415
PHP Notice:  Undefined index: REQUEST_URI in /var/www/vhosts/wantadigital.com/www/theartisttree-mis/class/SessionManager.php on line 59
PHP Notice:  Undefined index: REQUEST_URI in /var/www/vhosts/wantadigital.com/www/theartisttree-mis/class/SessionManager.php on line 59
PHP Notice:  Undefined index: REQUEST_URI in /var/www/vhosts/wantadigital.com/www/theartisttree-mis/class/SessionManager.php on line 59
PHP Notice:  Undefined index: REQUEST_URI in /var/www/vhosts/wantadigital.com/www/theartisttree-mis/class/SessionManager.php on line 59
PHP Notice:  Undefined index: REQUEST_URI in /var/www/vhosts/wantadigital.com/www/theartisttree-mis/class/SessionManager.php on line 59
PHP Notice:  Undefined index: REQUEST_URI in /var/www/vhosts/wantadigital.com/www/theartisttree-mis/inc/security.php on line 41
<ul><li>Riverside<li>147 product(s) found for reset<li>2458000<li>2454368<li>2445424<li>2454000<li>2445488<li>2458064<li>2453360<li>2445328<li>2508592<li>2458448<li>2458832<li>2445680<li>2445456<li>2453952<li>2445456<li>2444336<li>2444336<li>2447328<li>2446024<li>2444504<li>2444504<li>2444648<li>2444648<li>2445232<li>2444520<li>2444520<li>2444520<li>2444520<li>2444520<li>2445832<li>2445128<li>2445416<li>2445064<li>2445032<li>2445064<li>2445128<li>2449048<li>2449048<li>2449112<li>2445032<li>2445032<li>2445064<li>2445288<li>2445288<li>2445224<li>2445224<li>2445704<li>2445352<li>2445336<li>2445160<li>2444816<li>2442016<li>2444736<li>2444736<li>2444736<li>2444848<li>2444736<li>2444848<li>2444736<li>2445040<li>2444736<li>2444832<li>2444832<li>2507008<li>2444624<li>2444624<li>2444624<li>2448400<li>2444736<li>2448560<li>2448528<li>2444736<li>2444736<li>2448496<li>2444736<li>2444736<li>2444832<li>2444704<li>2444704<li>2444864<li>2436288<li>2444832<li>2444736<li>2444592<li>2444992<li>2444880<li>2444624<li>2507008<li>2445040<li>2444592<li>2444704<li>2444736<li>2507008<li>2445040<li>2444944<li>2444704<li>2444624<li>2445072<li>2444736<li>2449560<li>2449528<li>2449560<li>2449528<li>2445976<li>2445976<li>2445944<li>2449560<li>2454088<li>2453960<li>2453928<li>2447400<li>2446504<li>2456712<li>2455224<li>2453048<li>2455480<li>2453688<li>2455512<li>2512504<li>2449896<li>2446824<li>2453960<li>2450040<li>2456760<li>2446584<li>2453048<li>2450232<li>2446520<li>2452856<li>2450200<li>2446312<li>2446728<li>2446328<li>2446296<li>2452184<li>2446280<li>2446296<li>2445496<li>2446296<li>2417112<li>2449864<li>2446344<li>2446344<li>2446200<li>2446376<li>2443824<li>2446384<li>0 product(s) found for discount</ul><hr />{"success":true,"response":"0 products updated","redirect":null}[2025-12-02 10:52:16] Command triggered for store_id 5 with PID 7624
PHP Notice:  Undefined index: REQUEST_URI in /var/www/vhosts/wantadigital.com/www/theartisttree-mis/class/SessionManager.php on line 59
PHP Notice:  Undefined index: REQUEST_URI in /var/www/vhosts/wantadigital.com/www/theartisttree-mis/class/SessionManager.php on line 59
PHP Notice:  Undefined index: REQUEST_URI in /var/www/vhosts/wantadigital.com/www/theartisttree-mis/class/SessionManager.php on line 59
PHP Notice:  Undefined index: REQUEST_URI in /var/www/vhosts/wantadigital.com/www/theartisttree-mis/class/SessionManager.php on line 59
PHP Notice:  Undefined index: REQUEST_URI in /var/www/vhosts/wantadigital.com/www/theartisttree-mis/class/SessionManager.php on line 59
PHP Notice:  Undefined index: REQUEST_URI in /var/www/vhosts/wantadigital.com/www/theartisttree-mis/inc/security.php on line 41
<ul><li>Riverside<li>147 product(s) found for reset<li>2458000<li>2454368<li>2445424<li>2454000<li>2445488<li>2458064<li>2453360<li>2445328<li>2508592<li>2458448<li>2458832<li>2445680<li>2445456<li>2453952<li>2445456<li>2444336<li>2444336<li>2447328<li>2446024<li>2444504<li>2444504<li>2444648<li>2444648<li>2445232<li>2444520<li>2444520<li>2444520<li>2444520<li>2444520<li>2445832<li>2445128<li>2445416<li>2445064<li>2445032<li>2445064<li>2445128<li>2449048<li>2449048<li>2449112<li>2445032<li>2445032<li>2445064<li>2445288<li>2445288<li>2445224<li>2445224<li>2445704<li>2445352<li>2445336<li>2445160<li>2444816<li>2442016<li>2444736<li>2444736<li>2444736<li>2444848<li>2444736<li>2444848<li>2444736<li>2445040<li>2444736<li>2444832<li>2444832<li>2507008<li>2444624<li>2444624<li>2444624<li>2448400<li>2444736<li>2448560<li>2448528<li>2444736<li>2444736<li>2448496<li>2444736<li>2444736<li>2444832<li>2444704<li>2444704<li>2444864<li>2436288<li>2444832<li>2444736<li>2444592<li>2444992<li>2444880<li>2444624<li>2507008<li>2445040<li>2444592<li>2444704<li>2444736<li>2507008<li>2445040<li>2444944<li>2444704<li>2444624<li>2445072<li>2444736<li>2449560<li>2449528<li>2449560<li>2449528<li>2445976<li>2445976<li>2445944<li>2449560<li>2454088<li>2453960<li>2453928<li>2447400<li>2446504<li>2456712<li>2455224<li>2453048<li>2455480<li>2453688<li>2455512<li>2512504<li>2449896<li>2446824<li>2453960<li>2450040<li>2456760<li>2446584<li>2453048<li>2450232<li>2446520<li>2452856<li>2450200<li>2446312<li>2446728<li>2446328<li>2446296<li>2452184<li>2446280<li>2446296<li>2445496<li>2446296<li>2417112<li>2449864<li>2446344<li>2446344<li>2446200<li>2446376<li>2443824<li>2446384<li>0 product(s) found for discount</ul><hr />{"success":true,"response":"0 products updated","redirect":null}