[2025-12-02 10:07:46] Command triggered for store_id 3 with PID 4830
PHP Notice:  Undefined index: REQUEST_URI in /var/www/vhosts/wantadigital.com/www/theartisttree-mis/class/SessionManager.php on line 59
PHP Notice:  Undefined index: REQUEST_URI in /var/www/vhosts/wantadigital.com/www/theartisttree-mis/class/SessionManager.php on line 59
PHP Notice:  Undefined index: REQUEST_URI in /var/www/vhosts/wantadigital.com/www/theartisttree-mis/class/SessionManager.php on line 59
PHP Notice:  Undefined index: REQUEST_URI in /var/www/vhosts/wantadigital.com/www/theartisttree-mis/class/SessionManager.php on line 59
PHP Notice:  Undefined index: REQUEST_URI in /var/www/vhosts/wantadigital.com/www/theartisttree-mis/class/SessionManager.php on line 59
PHP Notice:  Undefined index: REQUEST_URI in /var/www/vhosts/wantadigital.com/www/theartisttree-mis/inc/security.php on line 41
<ul><li>Beverly<li>0 product(s) found for reset<li>0 product(s) found for discount</ul><hr />{"success":true,"response":"0 products updated","redirect":null}[2025-12-02 10:08:17] Command triggered for store_id 3 with PID 4904
PHP Notice:  Undefined index: REQUEST_URI in /var/www/vhosts/wantadigital.com/www/theartisttree-mis/class/SessionManager.php on line 59
PHP Notice:  Undefined index: REQUEST_URI in /var/www/vhosts/wantadigital.com/www/theartisttree-mis/class/SessionManager.php on line 59
PHP Notice:  Undefined index: REQUEST_URI in /var/www/vhosts/wantadigital.com/www/theartisttree-mis/class/SessionManager.php on line 59
PHP Notice:  Undefined index: REQUEST_URI in /var/www/vhosts/wantadigital.com/www/theartisttree-mis/class/SessionManager.php on line 59
PHP Notice:  Undefined index: REQUEST_URI in /var/www/vhosts/wantadigital.com/www/theartisttree-mis/class/SessionManager.php on line 59
PHP Notice:  Undefined index: REQUEST_URI in /var/www/vhosts/wantadigital.com/www/theartisttree-mis/inc/security.php on line 41
<ul><li>Beverly<li>0 product(s) found for reset<li>231 product(s) found for discount<li>2564360<li>2562224<li>2641616<li>2642064<li>2649528<li>2653736<li>2650456<li>2647232<li>2651416<li>2630648<li>2652520<li>2645936<li>2646376<li>2653840<li>2647256<li>2654720<li>2655800<li>2656272<li>2656696<li>2650112<li>2628312<li>2658048<li>2599592<li>2658312<li>2592256<li>2592296<li>2630120<li>2659632<li>2605528<li>2653712<li>2606424<li>2661600<li>2660872<li>2663072<li>2664624<li>2665048<li>2658104<li>2610832<li>2662704<li>2666440<li>2666880<li>2653272<li>2670328<li>2661192<li>2668480<li>2669096<li>2662512<li>2669976<li>2667128<li>2671248<li>2664288<li>2636408<li>2696072<li>2673968<li>2685448<li>2672112<li>2698904<li>2698112<li>2680712<li>2699808<li>2700264<li>2677792<li>2693720<li>2701440<li>2672312<li>2690944<li>2706392<li>2704128<li>2704912<li>2674880<li>2712992<li>2712224<li>2706120<li>2705920<li>2699280<li>2617176<li>2707696<li>2708264<li>2696816<li>2690568<li>2619376<li>2686904<li>2698720<li>2710792<li>2700752<li>2709912<li>2683872<li>2714248<li>2714064<li>2656584<li>2715600<li>2715768<li>2708160<li>2716520<li>2693904<li>2694088<li>2717840<li>2695352<li>2718720<li>2719320<li>2696304<li>2719672<li>2720400<li>2713288<li>2723168<li>2698968<li>2722432<li>2701048<li>2710992<li>2711992<li>2724064<li>2634456<li>2729856<li>2725528<li>2725840<li>2726056<li>2725872<li>2642288<li>2739112<li>2733408<li>2737096<li>2733520<li>2734192<li>2740888<li>2712320<li>2735400<li>2712080<li>2742680<li>2714368<li>2706936<li>2714896<li>2691496<li>2715712<li>2743848<li>2721024<li>2739704<li>2737904<li>2717864<li>2651248<li>2718888<li>2742096<li>2742520<li>2743216<li>2725080<li>2743968<li>2744440<li>2721680<li>2745048<li>2722720<li>2746616<li>2747920<li>2746648<li>2747280<li>2735400<li>2748608<li>2748776<li>2721680<li>2722152<li>2733552<li>2723000<li>2673904<li>2734920<li>2728104<li>2675960<li>2736608<li>2730936<li>2731392<li>2726968<li>2727488<li>2727944<li>2728400<li>2728856<li>2726328<li>2730408<li>2741808<li>2723896<li>2736480<li>2736936<li>2737392<li>2733048<li>2733520<li>2738744<li>2696864<li>2734888<li>2743488<li>2735800<li>2736256<li>2741592<li>2749456<li>2749912<li>2744240<li>2739816<li>2745040<li>2745784<li>2752192<li>2679960<li>2746864<li>2746352<li>2743008<li>2743528<li>2748800<li>2749080<li>2755840<li>2756296<li>2745776<li>2757192<li>2758008<li>2752152<li>2756168<li>2748008<li>2748016<li>2759928<li>2749376<li>2754712<li>2755168<li>2761752<li>2751200<li>2751688<li>2756976<li>2752552<li>2763520<li>2759096<li>2759552<li>2760008<li>2765344<li>2765768<li>2761360<li>2772824<li>2767152<li>2766528<li>2763184</ul><hr />{"success":true,"response":"226 products updated","redirect":null}[2025-12-02 10:16:33] Command triggered for store_id 3 with PID 5366
PHP Notice:  Undefined index: REQUEST_URI in /var/www/vhosts/wantadigital.com/www/theartisttree-mis/class/SessionManager.php on line 59
PHP Notice:  Undefined index: REQUEST_URI in /var/www/vhosts/wantadigital.com/www/theartisttree-mis/class/SessionManager.php on line 59
PHP Notice:  Undefined index: REQUEST_URI in /var/www/vhosts/wantadigital.com/www/theartisttree-mis/class/SessionManager.php on line 59
PHP Notice:  Undefined index: REQUEST_URI in /var/www/vhosts/wantadigital.com/www/theartisttree-mis/class/SessionManager.php on line 59
PHP Notice:  Undefined index: REQUEST_URI in /var/www/vhosts/wantadigital.com/www/theartisttree-mis/class/SessionManager.php on line 59
PHP Notice:  Undefined index: REQUEST_URI in /var/www/vhosts/wantadigital.com/www/theartisttree-mis/inc/security.php on line 41
<ul><li>Beverly<li>0 product(s) found for reset<li>0 product(s) found for discount</ul><hr />{"success":true,"response":"0 products updated","redirect":null}[2025-12-02 10:17:10] Command triggered for store_id 3 with PID 5676
PHP Notice:  Undefined index: REQUEST_URI in /var/www/vhosts/wantadigital.com/www/theartisttree-mis/class/SessionManager.php on line 59
PHP Notice:  Undefined index: REQUEST_URI in /var/www/vhosts/wantadigital.com/www/theartisttree-mis/class/SessionManager.php on line 59
PHP Notice:  Undefined index: REQUEST_URI in /var/www/vhosts/wantadigital.com/www/theartisttree-mis/class/SessionManager.php on line 59
PHP Notice:  Undefined index: REQUEST_URI in /var/www/vhosts/wantadigital.com/www/theartisttree-mis/class/SessionManager.php on line 59
PHP Notice:  Undefined index: REQUEST_URI in /var/www/vhosts/wantadigital.com/www/theartisttree-mis/class/SessionManager.php on line 59
PHP Notice:  Undefined index: REQUEST_URI in /var/www/vhosts/wantadigital.com/www/theartisttree-mis/inc/security.php on line 41
<ul><li>Beverly<li>0 product(s) found for reset<li>0 product(s) found for discount</ul><hr />{"success":true,"response":"0 products updated","redirect":null}[2025-12-02 10:31:18] Command triggered for store_id 3 with PID 6196
PHP Notice:  Undefined index: REQUEST_URI in /var/www/vhosts/wantadigital.com/www/theartisttree-mis/class/SessionManager.php on line 59
PHP Notice:  Undefined index: REQUEST_URI in /var/www/vhosts/wantadigital.com/www/theartisttree-mis/class/SessionManager.php on line 59
PHP Notice:  Undefined index: REQUEST_URI in /var/www/vhosts/wantadigital.com/www/theartisttree-mis/class/SessionManager.php on line 59
PHP Notice:  Undefined index: REQUEST_URI in /var/www/vhosts/wantadigital.com/www/theartisttree-mis/class/SessionManager.php on line 59
PHP Notice:  Undefined index: REQUEST_URI in /var/www/vhosts/wantadigital.com/www/theartisttree-mis/class/SessionManager.php on line 59
PHP Notice:  Undefined index: REQUEST_URI in /var/www/vhosts/wantadigital.com/www/theartisttree-mis/inc/security.php on line 41
<ul><li>Beverly<li>147 product(s) found for reset<li>2443448<li>2443384<li>2443448<li>2443384<li>2443384<li>2465672<li>2465728<li>2466472<li>2466576<li>2467000<li>2467472<li>2467992<li>2468280<li>2468280<li>2468344<li>2467960<li>2468352<li>2469144<li>2469824<li>2470296<li>2470704<li>2471176<li>2472128<li>2472248<li>2472280<li>2472512<li>2482984<li>2483216<li>2476040<li>2485072<li>2477016<li>2490080<li>2490552<li>2478208<li>2542288<li>2492576<li>2488696<li>2480656<li>2480888<li>2489984<li>2481784<li>2480968<li>2480696<li>2480008<li>2483200<li>2481776<li>2481776<li>2481920<li>2481856<li>2482504<li>2481648<li>2478848<li>2481568<li>2481568<li>2481568<li>2481680<li>2481568<li>2481680<li>2485248<li>2481872<li>2481568<li>2481664<li>2481664<li>2543840<li>2481456<li>2481456<li>2481456<li>2485232<li>2481568<li>2481712<li>2481680<li>2481568<li>2481568<li>2481648<li>2481568<li>2481568<li>2481664<li>2481536<li>2481536<li>2481696<li>2473120<li>2481664<li>2481568<li>2481424<li>2481536<li>2481712<li>2481456<li>2543840<li>2481872<li>2481536<li>2481536<li>2481568<li>2543840<li>2485248<li>2481776<li>2481536<li>2481568<li>2481904<li>2481568<li>2486392<li>2486360<li>2486392<li>2486360<li>2482808<li>2482808<li>2482776<li>2486392<li>2491736<li>2498408<li>2492456<li>2486360<li>2485904<li>2492872<li>2492928<li>2494120<li>2494376<li>2495624<li>2489312<li>2555384<li>2489480<li>2493952<li>2498112<li>2490952<li>2502488<li>2496448<li>2499632<li>2497312<li>2500360<li>2500792<li>2494888<li>2493912<li>2498424<li>2498392<li>2494712<li>2500600<li>2494696<li>2498360<li>2493912<li>2494984<li>2465528<li>2498344<li>2494760<li>2494760<li>2494616<li>2494792<li>2494928<li>2495104<li>0 product(s) found for discount</ul><hr />{"success":true,"response":"55 products updated","redirect":null}[2025-12-02 10:35:25] Command triggered for store_id 3 with PID 6411
PHP Notice:  Undefined index: REQUEST_URI in /var/www/vhosts/wantadigital.com/www/theartisttree-mis/class/SessionManager.php on line 59
PHP Notice:  Undefined index: REQUEST_URI in /var/www/vhosts/wantadigital.com/www/theartisttree-mis/class/SessionManager.php on line 59
PHP Notice:  Undefined index: REQUEST_URI in /var/www/vhosts/wantadigital.com/www/theartisttree-mis/class/SessionManager.php on line 59
PHP Notice:  Undefined index: REQUEST_URI in /var/www/vhosts/wantadigital.com/www/theartisttree-mis/class/SessionManager.php on line 59
PHP Notice:  Undefined index: REQUEST_URI in /var/www/vhosts/wantadigital.com/www/theartisttree-mis/class/SessionManager.php on line 59
PHP Notice:  Undefined index: REQUEST_URI in /var/www/vhosts/wantadigital.com/www/theartisttree-mis/inc/security.php on line 41
<ul><li>Beverly<li>147 product(s) found for reset<li>2443448<li>2443384<li>2443448<li>2443384<li>2443384<li>2444376<li>2443992<li>2444280<li>2443928<li>2443896<li>2443928<li>2443992<li>2444232<li>2444232<li>2444296<li>2443912<li>2443896<li>2443928<li>2444152<li>2444152<li>2444088<li>2444088<li>2444568<li>2444216<li>2444200<li>2444024<li>2453632<li>2453424<li>2445792<li>2454368<li>2445856<li>2458464<li>2458496<li>2445696<li>2508960<li>2458848<li>2454528<li>2446048<li>2445824<li>2454480<li>2445824<li>2444976<li>2444704<li>2444016<li>2446392<li>2444936<li>2444936<li>2445080<li>2445016<li>2445664<li>2444808<li>2442008<li>2444728<li>2444728<li>2444728<li>2444840<li>2444728<li>2444840<li>2448408<li>2445032<li>2444728<li>2444824<li>2444824<li>2507000<li>2444616<li>2444616<li>2444616<li>2448392<li>2444728<li>2444872<li>2444840<li>2444728<li>2444728<li>2444808<li>2444728<li>2444728<li>2444824<li>2444696<li>2444696<li>2444856<li>2436280<li>2444824<li>2444728<li>2444584<li>2444696<li>2444872<li>2444616<li>2507000<li>2445032<li>2444696<li>2444696<li>2444728<li>2507000<li>2448408<li>2444936<li>2444696<li>2444728<li>2445064<li>2444728<li>2449552<li>2449520<li>2449552<li>2449520<li>2445968<li>2445968<li>2445936<li>2449552<li>2454080<li>2460256<li>2453920<li>2447392<li>2446496<li>2453024<li>2452592<li>2453344<li>2452848<li>2453680<li>2446880<li>2512496<li>2446208<li>2450192<li>2453952<li>2446352<li>2456752<li>2450256<li>2453040<li>2450224<li>2452816<li>2452848<li>2446512<li>2445488<li>2450000<li>2449968<li>2446288<li>2452176<li>2446272<li>2449936<li>2445488<li>2446560<li>2417104<li>2449920<li>2446336<li>2446336<li>2446192<li>2446368<li>2446504<li>2446680<li>0 product(s) found for discount</ul><hr />{"success":true,"response":"0 products updated","redirect":null}[2025-12-02 10:52:16] Command triggered for store_id 3 with PID 7620
PHP Notice:  Undefined index: REQUEST_URI in /var/www/vhosts/wantadigital.com/www/theartisttree-mis/class/SessionManager.php on line 59
PHP Notice:  Undefined index: REQUEST_URI in /var/www/vhosts/wantadigital.com/www/theartisttree-mis/class/SessionManager.php on line 59
PHP Notice:  Undefined index: REQUEST_URI in /var/www/vhosts/wantadigital.com/www/theartisttree-mis/class/SessionManager.php on line 59
PHP Notice:  Undefined index: REQUEST_URI in /var/www/vhosts/wantadigital.com/www/theartisttree-mis/class/SessionManager.php on line 59
PHP Notice:  Undefined index: REQUEST_URI in /var/www/vhosts/wantadigital.com/www/theartisttree-mis/class/SessionManager.php on line 59
PHP Notice:  Undefined index: REQUEST_URI in /var/www/vhosts/wantadigital.com/www/theartisttree-mis/inc/security.php on line 41
<ul><li>Beverly<li>147 product(s) found for reset<li>2443448<li>2443384<li>2443448<li>2443384<li>2443384<li>2444376<li>2443992<li>2444280<li>2443928<li>2443896<li>2443928<li>2443992<li>2444232<li>2444232<li>2444296<li>2443912<li>2443896<li>2443928<li>2444152<li>2444152<li>2444088<li>2444088<li>2444568<li>2444216<li>2444200<li>2444024<li>2453632<li>2453424<li>2445792<li>2454368<li>2445856<li>2458464<li>2458496<li>2445696<li>2508960<li>2458848<li>2454528<li>2446048<li>2445824<li>2454480<li>2445824<li>2444976<li>2444704<li>2444016<li>2446392<li>2444936<li>2444936<li>2445080<li>2445016<li>2445664<li>2444808<li>2442008<li>2444728<li>2444728<li>2444728<li>2444840<li>2444728<li>2444840<li>2448408<li>2445032<li>2444728<li>2444824<li>2444824<li>2507000<li>2444616<li>2444616<li>2444616<li>2448392<li>2444728<li>2444872<li>2444840<li>2444728<li>2444728<li>2444808<li>2444728<li>2444728<li>2444824<li>2444696<li>2444696<li>2444856<li>2436280<li>2444824<li>2444728<li>2444584<li>2444696<li>2444872<li>2444616<li>2507000<li>2445032<li>2444696<li>2444696<li>2444728<li>2507000<li>2448408<li>2444936<li>2444696<li>2444728<li>2445064<li>2444728<li>2449552<li>2449520<li>2449552<li>2449520<li>2445968<li>2445968<li>2445936<li>2449552<li>2454080<li>2460256<li>2453920<li>2447392<li>2446496<li>2453024<li>2452592<li>2453344<li>2452848<li>2453680<li>2446880<li>2512496<li>2446208<li>2450192<li>2453952<li>2446352<li>2456752<li>2450256<li>2453040<li>2450224<li>2452816<li>2452848<li>2446512<li>2445488<li>2450000<li>2449968<li>2446288<li>2452176<li>2446272<li>2449936<li>2445488<li>2446560<li>2417104<li>2449920<li>2446336<li>2446336<li>2446192<li>2446368<li>2446504<li>2446680<li>0 product(s) found for discount</ul><hr />{"success":true,"response":"0 products updated","redirect":null}