[2025-12-01 16:33:47] Command triggered for store_id 7 with PID 20776
PHP Notice:  Undefined index: REQUEST_URI in /var/www/vhosts/wantadigital.com/www/theartisttree-mis/class/SessionManager.php on line 59
PHP Notice:  Undefined index: REQUEST_URI in /var/www/vhosts/wantadigital.com/www/theartisttree-mis/class/SessionManager.php on line 59
PHP Notice:  Undefined index: REQUEST_URI in /var/www/vhosts/wantadigital.com/www/theartisttree-mis/class/SessionManager.php on line 59
PHP Notice:  Undefined index: REQUEST_URI in /var/www/vhosts/wantadigital.com/www/theartisttree-mis/class/SessionManager.php on line 59
PHP Notice:  Undefined index: REQUEST_URI in /var/www/vhosts/wantadigital.com/www/theartisttree-mis/class/SessionManager.php on line 59
PHP Notice:  Undefined index: REQUEST_URI in /var/www/vhosts/wantadigital.com/www/theartisttree-mis/inc/security.php on line 41
<ul><li>Oxnard<li>0 product(s) found for reset<li>164 product(s) found for discount<li>2458712<li>2459280<li>2490456<li>2459984<li>2487400<li>2460720<li>2461592<li>2465376<li>2462136<li>2462608<li>2467064<li>2465872<li>2466344<li>2466848<li>2467288<li>2467760<li>2468232<li>2468704<li>2469176<li>2469968<li>2470440<li>2470912<li>2470984<li>2471520<li>2472200<li>2472672<li>2517208<li>2518320<li>2474680<li>2475280<li>2475992<li>2475936<li>2520136<li>2477088<li>2477416<li>2477952<li>2478504<li>2478440<li>2479520<li>2481048<li>2481504<li>2481960<li>2482080<li>2482392<li>2482976<li>2483304<li>2484064<li>2484440<li>2484928<li>2485288<li>2486032<li>2486664<li>2487072<li>2487480<li>2487952<li>2488488<li>2488944<li>2489272<li>2490496<li>2491128<li>2491440<li>2491816<li>2492272<li>2492664<li>2493200<li>2493720<li>2494176<li>2494648<li>2495008<li>2495400<li>2495952<li>2496312<li>2496752<li>2497368<li>2498960<li>2499432<li>2499904<li>2500360<li>2500768<li>2501352<li>2501872<li>2540408<li>2502592<li>2503096<li>2503632<li>2504104<li>2504560<li>2504808<li>2505328<li>2505784<li>2506400<li>2506792<li>2507136<li>2507592<li>2508160<li>2508632<li>2508976<li>2509496<li>2509952<li>2510408<li>2510896<li>2511304<li>2511680<li>2512248<li>2512672<li>2513320<li>2519328<li>2519752<li>2520176<li>2520664<li>2521136<li>2521864<li>2521920<li>2522392<li>2522848<li>2523624<li>2523920<li>2524328<li>2524688<li>2525272<li>2517296<li>2526072<li>2526576<li>2526920<li>2527440<li>2527944<li>2528272<li>2528824<li>2529168<li>2529640<li>2530176<li>2530664<li>2531168<li>2531496<li>2531920<li>2532488<li>2532864<li>2533288<li>2533792<li>2539720<li>2534816<li>2535208<li>2535600<li>2536072<li>2536512<li>2536936<li>2537504<li>2537848<li>2538416<li>2538600<li>2539296<li>2546488<li>2553424<li>2553784<li>2542432<li>2543016<li>2593664<li>2543848<li>2556240<li>2545224<li>2545648<li>2557752<li>2547712<li>2548184</ul><hr />{"success":true,"response":"163 products updated","redirect":null}[2025-12-01 16:35:13] Command triggered for store_id 7 with PID 20944
PHP Notice:  Undefined index: REQUEST_URI in /var/www/vhosts/wantadigital.com/www/theartisttree-mis/class/SessionManager.php on line 59
PHP Notice:  Undefined index: REQUEST_URI in /var/www/vhosts/wantadigital.com/www/theartisttree-mis/class/SessionManager.php on line 59
PHP Notice:  Undefined index: REQUEST_URI in /var/www/vhosts/wantadigital.com/www/theartisttree-mis/class/SessionManager.php on line 59
PHP Notice:  Undefined index: REQUEST_URI in /var/www/vhosts/wantadigital.com/www/theartisttree-mis/class/SessionManager.php on line 59
PHP Notice:  Undefined index: REQUEST_URI in /var/www/vhosts/wantadigital.com/www/theartisttree-mis/class/SessionManager.php on line 59
PHP Notice:  Undefined index: REQUEST_URI in /var/www/vhosts/wantadigital.com/www/theartisttree-mis/inc/security.php on line 41
<ul><li>Oxnard<li>0 product(s) found for reset<li>164 product(s) found for discount<li>2458712<li>2459280<li>2490456<li>2459984<li>2487400<li>2460720<li>2461592<li>2465376<li>2462136<li>2462608<li>2467064<li>2465872<li>2466344<li>2466848<li>2467288<li>2467760<li>2468232<li>2468704<li>2469176<li>2469968<li>2470440<li>2470912<li>2470984<li>2471520<li>2472200<li>2472672<li>2517208<li>2518320<li>2474680<li>2475280<li>2475992<li>2475936<li>2520136<li>2477088<li>2477416<li>2477952<li>2478504<li>2478440<li>2479520<li>2481048<li>2481504<li>2481960<li>2482080<li>2482392<li>2482976<li>2483304<li>2484064<li>2484440<li>2484928<li>2485288<li>2486032<li>2486664<li>2487072<li>2487480<li>2487952<li>2488488<li>2488944<li>2489272<li>2490496<li>2491128<li>2491440<li>2491816<li>2492272<li>2492664<li>2493200<li>2493720<li>2494176<li>2494648<li>2495008<li>2495400<li>2495952<li>2496312<li>2496752<li>2497368<li>2498960<li>2499432<li>2499904<li>2500360<li>2500768<li>2501352<li>2501872<li>2540408<li>2502592<li>2503096<li>2503632<li>2504104<li>2504560<li>2504808<li>2505328<li>2505784<li>2506400<li>2506792<li>2507136<li>2507592<li>2508160<li>2508632<li>2508976<li>2509496<li>2509952<li>2510408<li>2510896<li>2511304<li>2511680<li>2512248<li>2512672<li>2513320<li>2519328<li>2519752<li>2520176<li>2520664<li>2521136<li>2521864<li>2521920<li>2522392<li>2522848<li>2523624<li>2523920<li>2524328<li>2524688<li>2525272<li>2517296<li>2526072<li>2526576<li>2526920<li>2527440<li>2527944<li>2528272<li>2528824<li>2529168<li>2529640<li>2530176<li>2530664<li>2531168<li>2531496<li>2531920<li>2532488<li>2532864<li>2533288<li>2533792<li>2539720<li>2534816<li>2535208<li>2535600<li>2536072<li>2536512<li>2536936<li>2537504<li>2537848<li>2538416<li>2538600<li>2539296<li>2546488<li>2553424<li>2553784<li>2542432<li>2543016<li>2593664<li>2543848<li>2556240<li>2545224<li>2545648<li>2557752<li>2547712<li>2548184</ul><hr />{"success":true,"response":"163 products updated","redirect":null}[2025-12-01 16:40:11] Command triggered for store_id 7 with PID 21165
PHP Notice:  Undefined index: REQUEST_URI in /var/www/vhosts/wantadigital.com/www/theartisttree-mis/class/SessionManager.php on line 59
PHP Notice:  Undefined index: REQUEST_URI in /var/www/vhosts/wantadigital.com/www/theartisttree-mis/class/SessionManager.php on line 59
PHP Notice:  Undefined index: REQUEST_URI in /var/www/vhosts/wantadigital.com/www/theartisttree-mis/class/SessionManager.php on line 59
PHP Notice:  Undefined index: REQUEST_URI in /var/www/vhosts/wantadigital.com/www/theartisttree-mis/class/SessionManager.php on line 59
PHP Notice:  Undefined index: REQUEST_URI in /var/www/vhosts/wantadigital.com/www/theartisttree-mis/class/SessionManager.php on line 59
PHP Notice:  Undefined index: REQUEST_URI in /var/www/vhosts/wantadigital.com/www/theartisttree-mis/inc/security.php on line 41
<ul><li>Oxnard<li>0 product(s) found for reset<li>0 product(s) found for discount</ul><hr />{"success":true,"response":"0 products updated","redirect":null}[2025-12-01 16:43:16] Command triggered for store_id 7 with PID 21382
PHP Notice:  Undefined index: REQUEST_URI in /var/www/vhosts/wantadigital.com/www/theartisttree-mis/class/SessionManager.php on line 59
PHP Notice:  Undefined index: REQUEST_URI in /var/www/vhosts/wantadigital.com/www/theartisttree-mis/class/SessionManager.php on line 59
PHP Notice:  Undefined index: REQUEST_URI in /var/www/vhosts/wantadigital.com/www/theartisttree-mis/class/SessionManager.php on line 59
PHP Notice:  Undefined index: REQUEST_URI in /var/www/vhosts/wantadigital.com/www/theartisttree-mis/class/SessionManager.php on line 59
PHP Notice:  Undefined index: REQUEST_URI in /var/www/vhosts/wantadigital.com/www/theartisttree-mis/class/SessionManager.php on line 59
PHP Notice:  Undefined index: REQUEST_URI in /var/www/vhosts/wantadigital.com/www/theartisttree-mis/inc/security.php on line 41
<ul><li>Oxnard<li>0 product(s) found for reset<li>164 product(s) found for discount<li>2458712<li>2459280<li>2490456<li>2459984<li>2487400<li>2460720<li>2461592<li>2465376<li>2462136<li>2462608<li>2467064<li>2465872<li>2466344<li>2466848<li>2467288<li>2467760<li>2468232<li>2468704<li>2469176<li>2469968<li>2470440<li>2470912<li>2470984<li>2471520<li>2472200<li>2472672<li>2517208<li>2518320<li>2474680<li>2475280<li>2475992<li>2475936<li>2520136<li>2477088<li>2477416<li>2477952<li>2478504<li>2478440<li>2479520<li>2481048<li>2481504<li>2481960<li>2482080<li>2482392<li>2482976<li>2483304<li>2484064<li>2484440<li>2484928<li>2485288<li>2486032<li>2486664<li>2487072<li>2487480<li>2487952<li>2488488<li>2488944<li>2489272<li>2490496<li>2491128<li>2491440<li>2491816<li>2492272<li>2492664<li>2493200<li>2493720<li>2494176<li>2494648<li>2495008<li>2495400<li>2495952<li>2496312<li>2496752<li>2497368<li>2498960<li>2499432<li>2499904<li>2500360<li>2500768<li>2501352<li>2501872<li>2540408<li>2502592<li>2503096<li>2503632<li>2504104<li>2504560<li>2504808<li>2505328<li>2505784<li>2506400<li>2506792<li>2507136<li>2507592<li>2508160<li>2508632<li>2508976<li>2509496<li>2509952<li>2510408<li>2510896<li>2511304<li>2511680<li>2512248<li>2512672<li>2513320<li>2519328<li>2519752<li>2520176<li>2520664<li>2521136<li>2521864<li>2521920<li>2522392<li>2522848<li>2523624<li>2523920<li>2524328<li>2524688<li>2525272<li>2517296<li>2526072<li>2526576<li>2526920<li>2527440<li>2527944<li>2528272<li>2528824<li>2529168<li>2529640<li>2530176<li>2530664<li>2531168<li>2531496<li>2531920<li>2532488<li>2532864<li>2533288<li>2533792<li>2539720<li>2534816<li>2535208<li>2535600<li>2536072<li>2536512<li>2536936<li>2537504<li>2537848<li>2538416<li>2538600<li>2539296<li>2546488<li>2553424<li>2553784<li>2542432<li>2543016<li>2593664<li>2543848<li>2556240<li>2545224<li>2545648<li>2557752<li>2547712<li>2548184</ul><hr />{"success":true,"response":"163 products updated","redirect":null}[2025-12-01 16:49:06] Command triggered for store_id 7 with PID 21614
PHP Notice:  Undefined index: REQUEST_URI in /var/www/vhosts/wantadigital.com/www/theartisttree-mis/class/SessionManager.php on line 59
PHP Notice:  Undefined index: REQUEST_URI in /var/www/vhosts/wantadigital.com/www/theartisttree-mis/class/SessionManager.php on line 59
PHP Notice:  Undefined index: REQUEST_URI in /var/www/vhosts/wantadigital.com/www/theartisttree-mis/class/SessionManager.php on line 59
PHP Notice:  Undefined index: REQUEST_URI in /var/www/vhosts/wantadigital.com/www/theartisttree-mis/class/SessionManager.php on line 59
PHP Notice:  Undefined index: REQUEST_URI in /var/www/vhosts/wantadigital.com/www/theartisttree-mis/class/SessionManager.php on line 59
PHP Notice:  Undefined index: REQUEST_URI in /var/www/vhosts/wantadigital.com/www/theartisttree-mis/inc/security.php on line 41
<ul><li>Oxnard<li>0 product(s) found for reset<li>0 product(s) found for discount</ul><hr />{"success":true,"response":"0 products updated","redirect":null}[2025-12-01 16:50:24] Command triggered for store_id 7 with PID 21720
PHP Notice:  Undefined index: REQUEST_URI in /var/www/vhosts/wantadigital.com/www/theartisttree-mis/class/SessionManager.php on line 59
PHP Notice:  Undefined index: REQUEST_URI in /var/www/vhosts/wantadigital.com/www/theartisttree-mis/class/SessionManager.php on line 59
PHP Notice:  Undefined index: REQUEST_URI in /var/www/vhosts/wantadigital.com/www/theartisttree-mis/class/SessionManager.php on line 59
PHP Notice:  Undefined index: REQUEST_URI in /var/www/vhosts/wantadigital.com/www/theartisttree-mis/class/SessionManager.php on line 59
PHP Notice:  Undefined index: REQUEST_URI in /var/www/vhosts/wantadigital.com/www/theartisttree-mis/class/SessionManager.php on line 59
PHP Notice:  Undefined index: REQUEST_URI in /var/www/vhosts/wantadigital.com/www/theartisttree-mis/inc/security.php on line 41
<ul><li>Oxnard<li>0 product(s) found for reset<li>0 product(s) found for discount</ul><hr />{"success":true,"response":"0 products updated","redirect":null}