[2025-12-02 10:07:46] Command triggered for store_id 7 with PID 4838
PHP Notice:  Undefined index: REQUEST_URI in /var/www/vhosts/wantadigital.com/www/theartisttree-mis/class/SessionManager.php on line 59
PHP Notice:  Undefined index: REQUEST_URI in /var/www/vhosts/wantadigital.com/www/theartisttree-mis/class/SessionManager.php on line 59
PHP Notice:  Undefined index: REQUEST_URI in /var/www/vhosts/wantadigital.com/www/theartisttree-mis/class/SessionManager.php on line 59
PHP Notice:  Undefined index: REQUEST_URI in /var/www/vhosts/wantadigital.com/www/theartisttree-mis/class/SessionManager.php on line 59
PHP Notice:  Undefined index: REQUEST_URI in /var/www/vhosts/wantadigital.com/www/theartisttree-mis/class/SessionManager.php on line 59
PHP Notice:  Undefined index: REQUEST_URI in /var/www/vhosts/wantadigital.com/www/theartisttree-mis/inc/security.php on line 41
<ul><li>Oxnard<li>0 product(s) found for reset<li>0 product(s) found for discount</ul><hr />{"success":true,"response":"0 products updated","redirect":null}[2025-12-02 10:08:17] Command triggered for store_id 7 with PID 4912
PHP Notice:  Undefined index: REQUEST_URI in /var/www/vhosts/wantadigital.com/www/theartisttree-mis/class/SessionManager.php on line 59
PHP Notice:  Undefined index: REQUEST_URI in /var/www/vhosts/wantadigital.com/www/theartisttree-mis/class/SessionManager.php on line 59
PHP Notice:  Undefined index: REQUEST_URI in /var/www/vhosts/wantadigital.com/www/theartisttree-mis/class/SessionManager.php on line 59
PHP Notice:  Undefined index: REQUEST_URI in /var/www/vhosts/wantadigital.com/www/theartisttree-mis/class/SessionManager.php on line 59
PHP Notice:  Undefined index: REQUEST_URI in /var/www/vhosts/wantadigital.com/www/theartisttree-mis/class/SessionManager.php on line 59
PHP Notice:  Undefined index: REQUEST_URI in /var/www/vhosts/wantadigital.com/www/theartisttree-mis/inc/security.php on line 41
<ul><li>Oxnard<li>0 product(s) found for reset<li>231 product(s) found for discount<li>2611360<li>2671024<li>2648920<li>2671792<li>2647064<li>2673856<li>2673064<li>2655664<li>2674760<li>2675216<li>2652744<li>2678560<li>2676392<li>2647264<li>2665896<li>2677968<li>2679080<li>2680816<li>2649832<li>2687584<li>2687176<li>2681072<li>2680872<li>2681528<li>2592128<li>2682648<li>2683216<li>2671768<li>2665520<li>2594328<li>2661856<li>2673672<li>2685744<li>2675704<li>2680112<li>2658824<li>2689200<li>2689016<li>2631536<li>2690552<li>2690720<li>2692096<li>2691472<li>2668856<li>2669040<li>2692792<li>2670304<li>2693672<li>2694272<li>2671256<li>2694624<li>2695352<li>2688240<li>2703088<li>2673920<li>2697384<li>2676000<li>2685944<li>2686944<li>2699016<li>2609408<li>2700040<li>2700480<li>2700792<li>2701008<li>2700824<li>2617240<li>2714064<li>2708360<li>2708672<li>2708472<li>2709144<li>2715840<li>2687272<li>2710352<li>2687032<li>2717632<li>2689320<li>2681888<li>2689848<li>2666448<li>2690664<li>2714032<li>2695976<li>2714656<li>2708104<li>2692816<li>2626200<li>2693840<li>2717048<li>2717472<li>2718168<li>2700032<li>2718920<li>2719392<li>2696632<li>2720000<li>2697672<li>2721568<li>2721840<li>2721600<li>2732168<li>2710352<li>2723560<li>2723728<li>2646768<li>2644632<li>2695352<li>2695800<li>2703264<li>2703736<li>2704192<li>2697592<li>2705152<li>2676552<li>2706616<li>2699672<li>2700112<li>2707576<li>2700992<li>2708456<li>2709536<li>2710008<li>2710432<li>2707584<li>2682048<li>2715520<li>2653328<li>2712048<li>2645992<li>2646032<li>2683856<li>2713368<li>2659264<li>2707448<li>2660160<li>2715336<li>2714608<li>2716808<li>2718000<li>2718424<li>2711840<li>2664568<li>2712704<li>2720176<li>2720616<li>2707008<li>2720328<li>2714928<li>2722216<li>2722832<li>2716248<li>2723712<li>2717128<li>2724624<li>2718024<li>2721456<li>2721928<li>2733328<li>2722776<li>2673680<li>2734696<li>2727520<li>2675736<li>2736384<li>2730712<li>2731168<li>2726744<li>2727264<li>2727720<li>2728176<li>2728632<li>2722368<li>2730544<li>2741584<li>2723672<li>2736256<li>2736712<li>2737168<li>2732824<li>2733296<li>2738520<li>2696640<li>2734664<li>2739888<li>2735576<li>2736392<li>2741368<li>2749232<li>2757520<li>2744016<li>2739592<li>2744816<li>2745560<li>2751968<li>2679736<li>2746640<li>2742392<li>2742784<li>2743304<li>2748576<li>2748856<li>2755616<li>2756072<li>2745552<li>2756968<li>2767880<li>2751928<li>2752208<li>2748144<li>2747792<li>2770160<li>2752528<li>2754488<li>2754944<li>2761528<li>2750976<li>2751464<li>2756752<li>2752328<li>2763296<li>2758872<li>2759328<li>2759784<li>2765120<li>2765544<li>2764512<li>2772600<li>2766928<li>2762568<li>2762960</ul><hr />{"success":true,"response":"226 products updated","redirect":null}[2025-12-02 10:16:33] Command triggered for store_id 7 with PID 5374
PHP Notice:  Undefined index: REQUEST_URI in /var/www/vhosts/wantadigital.com/www/theartisttree-mis/class/SessionManager.php on line 59
PHP Notice:  Undefined index: REQUEST_URI in /var/www/vhosts/wantadigital.com/www/theartisttree-mis/class/SessionManager.php on line 59
PHP Notice:  Undefined index: REQUEST_URI in /var/www/vhosts/wantadigital.com/www/theartisttree-mis/class/SessionManager.php on line 59
PHP Notice:  Undefined index: REQUEST_URI in /var/www/vhosts/wantadigital.com/www/theartisttree-mis/class/SessionManager.php on line 59
PHP Notice:  Undefined index: REQUEST_URI in /var/www/vhosts/wantadigital.com/www/theartisttree-mis/class/SessionManager.php on line 59
PHP Notice:  Undefined index: REQUEST_URI in /var/www/vhosts/wantadigital.com/www/theartisttree-mis/inc/security.php on line 41
<ul><li>Oxnard<li>0 product(s) found for reset<li>0 product(s) found for discount</ul><hr />{"success":true,"response":"0 products updated","redirect":null}[2025-12-02 10:17:10] Command triggered for store_id 7 with PID 5684
PHP Notice:  Undefined index: REQUEST_URI in /var/www/vhosts/wantadigital.com/www/theartisttree-mis/class/SessionManager.php on line 59
PHP Notice:  Undefined index: REQUEST_URI in /var/www/vhosts/wantadigital.com/www/theartisttree-mis/class/SessionManager.php on line 59
PHP Notice:  Undefined index: REQUEST_URI in /var/www/vhosts/wantadigital.com/www/theartisttree-mis/class/SessionManager.php on line 59
PHP Notice:  Undefined index: REQUEST_URI in /var/www/vhosts/wantadigital.com/www/theartisttree-mis/class/SessionManager.php on line 59
PHP Notice:  Undefined index: REQUEST_URI in /var/www/vhosts/wantadigital.com/www/theartisttree-mis/class/SessionManager.php on line 59
PHP Notice:  Undefined index: REQUEST_URI in /var/www/vhosts/wantadigital.com/www/theartisttree-mis/inc/security.php on line 41
<ul><li>Oxnard<li>0 product(s) found for reset<li>0 product(s) found for discount</ul><hr />{"success":true,"response":"0 products updated","redirect":null}[2025-12-02 10:31:18] Command triggered for store_id 7 with PID 6204
PHP Notice:  Undefined index: REQUEST_URI in /var/www/vhosts/wantadigital.com/www/theartisttree-mis/class/SessionManager.php on line 59
PHP Notice:  Undefined index: REQUEST_URI in /var/www/vhosts/wantadigital.com/www/theartisttree-mis/class/SessionManager.php on line 59
PHP Notice:  Undefined index: REQUEST_URI in /var/www/vhosts/wantadigital.com/www/theartisttree-mis/class/SessionManager.php on line 59
PHP Notice:  Undefined index: REQUEST_URI in /var/www/vhosts/wantadigital.com/www/theartisttree-mis/class/SessionManager.php on line 59
PHP Notice:  Undefined index: REQUEST_URI in /var/www/vhosts/wantadigital.com/www/theartisttree-mis/class/SessionManager.php on line 59
PHP Notice:  Undefined index: REQUEST_URI in /var/www/vhosts/wantadigital.com/www/theartisttree-mis/inc/security.php on line 41
<ul><li>Oxnard<li>147 product(s) found for reset<li>2479016<li>2479232<li>2467384<li>2476416<li>2468360<li>2483952<li>2484392<li>2469552<li>2533632<li>2486448<li>2484728<li>2472000<li>2472232<li>2484608<li>2473128<li>2472040<li>2472040<li>2472536<li>2474672<li>2473056<li>2473056<li>2473200<li>2473200<li>2473784<li>2473072<li>2473072<li>2473072<li>2473072<li>2473072<li>2474880<li>2474936<li>2475592<li>2475328<li>2475752<li>2476224<li>2476744<li>2477336<li>2477336<li>2477488<li>2477920<li>2478320<li>2478792<li>2479472<li>2479944<li>2480352<li>2480824<li>2481776<li>2481896<li>2482232<li>2482800<li>2487000<li>2486840<li>2486872<li>2486840<li>2483288<li>2483288<li>2483256<li>2486872<li>2492216<li>2492528<li>2492936<li>2486840<li>2486384<li>2493352<li>2487048<li>2494240<li>2488856<li>2496104<li>2489792<li>2555864<li>2490320<li>2494432<li>2498592<li>2497792<li>2499232<li>2493552<li>2500112<li>2494056<li>2494480<li>2501272<li>2495728<li>2494392<li>2495624<li>2495224<li>2495192<li>2501080<li>2495176<li>2495192<li>2494392<li>2495192<li>2466008<li>2498760<li>2495240<li>2495240<li>2495096<li>2495272<li>2495552<li>2492448<li>2495168<li>2495168<li>2495168<li>2495472<li>2495168<li>2495168<li>2498848<li>2495472<li>2495168<li>2498944<li>2495264<li>2557440<li>2495056<li>2495056<li>2495056<li>2498832<li>2495168<li>2495312<li>2498960<li>2495168<li>2495168<li>2498928<li>2495168<li>2495168<li>2498944<li>2495136<li>2495136<li>2498976<li>2486720<li>2495568<li>2495168<li>2495136<li>2498800<li>2498992<li>2495056<li>2557440<li>2495472<li>2495024<li>2495136<li>2495472<li>2557440<li>2495472<li>2499056<li>2498816<li>2495056<li>2495504<li>2495168<li>2493096<li>2495656<li>0 product(s) found for discount</ul><hr />{"success":true,"response":"56 products updated","redirect":null}[2025-12-02 10:35:25] Command triggered for store_id 7 with PID 6420
PHP Notice:  Undefined index: REQUEST_URI in /var/www/vhosts/wantadigital.com/www/theartisttree-mis/class/SessionManager.php on line 59
PHP Notice:  Undefined index: REQUEST_URI in /var/www/vhosts/wantadigital.com/www/theartisttree-mis/class/SessionManager.php on line 59
PHP Notice:  Undefined index: REQUEST_URI in /var/www/vhosts/wantadigital.com/www/theartisttree-mis/class/SessionManager.php on line 59
PHP Notice:  Undefined index: REQUEST_URI in /var/www/vhosts/wantadigital.com/www/theartisttree-mis/class/SessionManager.php on line 59
PHP Notice:  Undefined index: REQUEST_URI in /var/www/vhosts/wantadigital.com/www/theartisttree-mis/class/SessionManager.php on line 59
PHP Notice:  Undefined index: REQUEST_URI in /var/www/vhosts/wantadigital.com/www/theartisttree-mis/inc/security.php on line 41
<ul><li>Oxnard<li>147 product(s) found for reset<li>2457720<li>2457496<li>2445192<li>2453768<li>2445256<li>2460392<li>2460392<li>2445096<li>2508360<li>2460776<li>2458616<li>2445448<li>2445224<li>2457160<li>2445224<li>2444104<li>2444104<li>2444600<li>2445920<li>2444272<li>2444272<li>2444416<li>2444416<li>2445000<li>2444288<li>2444288<li>2444288<li>2444288<li>2444288<li>2445280<li>2444896<li>2445504<li>2444832<li>2444800<li>2444832<li>2444896<li>2445440<li>2445440<li>2445184<li>2445104<li>2444800<li>2444832<li>2445056<li>2445056<li>2444992<li>2444992<li>2445472<li>2445120<li>2445408<li>2444928<li>2449080<li>2448920<li>2448952<li>2448920<li>2445368<li>2445368<li>2445336<li>2448952<li>2453480<li>2453352<li>2453320<li>2446792<li>2445896<li>2452424<li>2445688<li>2452440<li>2446248<li>2453080<li>2446280<li>2511896<li>2445912<li>2449592<li>2453352<li>2452056<li>2452472<li>2446280<li>2452440<li>2445944<li>2445912<li>2452248<li>2446216<li>2444888<li>2446120<li>2445720<li>2445688<li>2451576<li>2445672<li>2445688<li>2444888<li>2445688<li>2416504<li>2449256<li>2445736<li>2445736<li>2445592<li>2445768<li>2446048<li>2442944<li>2445664<li>2445664<li>2445664<li>2445968<li>2445664<li>2445664<li>2449344<li>2445968<li>2445664<li>2449440<li>2445760<li>2507936<li>2445552<li>2445552<li>2445552<li>2449328<li>2445664<li>2445808<li>2449456<li>2445664<li>2445664<li>2449424<li>2445664<li>2445664<li>2449440<li>2445632<li>2445632<li>2449472<li>2437216<li>2446064<li>2445664<li>2445632<li>2449296<li>2449488<li>2445552<li>2507936<li>2445968<li>2445520<li>2445632<li>2445968<li>2507936<li>2445968<li>2449552<li>2449312<li>2445552<li>2446000<li>2445664<li>2443592<li>2446152<li>0 product(s) found for discount</ul><hr />{"success":true,"response":"0 products updated","redirect":null}[2025-12-02 10:52:16] Command triggered for store_id 7 with PID 7628
PHP Notice:  Undefined index: REQUEST_URI in /var/www/vhosts/wantadigital.com/www/theartisttree-mis/class/SessionManager.php on line 59
PHP Notice:  Undefined index: REQUEST_URI in /var/www/vhosts/wantadigital.com/www/theartisttree-mis/class/SessionManager.php on line 59
PHP Notice:  Undefined index: REQUEST_URI in /var/www/vhosts/wantadigital.com/www/theartisttree-mis/class/SessionManager.php on line 59
PHP Notice:  Undefined index: REQUEST_URI in /var/www/vhosts/wantadigital.com/www/theartisttree-mis/class/SessionManager.php on line 59
PHP Notice:  Undefined index: REQUEST_URI in /var/www/vhosts/wantadigital.com/www/theartisttree-mis/class/SessionManager.php on line 59
PHP Notice:  Undefined index: REQUEST_URI in /var/www/vhosts/wantadigital.com/www/theartisttree-mis/inc/security.php on line 41
<ul><li>Oxnard<li>147 product(s) found for reset<li>2457720<li>2457496<li>2445192<li>2453768<li>2445256<li>2460392<li>2460392<li>2445096<li>2508360<li>2460776<li>2458616<li>2445448<li>2445224<li>2457160<li>2445224<li>2444104<li>2444104<li>2444600<li>2445920<li>2444272<li>2444272<li>2444416<li>2444416<li>2445000<li>2444288<li>2444288<li>2444288<li>2444288<li>2444288<li>2445280<li>2444896<li>2445504<li>2444832<li>2444800<li>2444832<li>2444896<li>2445440<li>2445440<li>2445184<li>2445104<li>2444800<li>2444832<li>2445056<li>2445056<li>2444992<li>2444992<li>2445472<li>2445120<li>2445408<li>2444928<li>2449080<li>2448920<li>2448952<li>2448920<li>2445368<li>2445368<li>2445336<li>2448952<li>2453480<li>2453352<li>2453320<li>2446792<li>2445896<li>2452424<li>2445688<li>2452440<li>2446248<li>2453080<li>2446280<li>2511896<li>2445912<li>2449592<li>2453352<li>2452056<li>2452472<li>2446280<li>2452440<li>2445944<li>2445912<li>2452248<li>2446216<li>2444888<li>2446120<li>2445720<li>2445688<li>2451576<li>2445672<li>2445688<li>2444888<li>2445688<li>2416504<li>2449256<li>2445736<li>2445736<li>2445592<li>2445768<li>2446048<li>2442944<li>2445664<li>2445664<li>2445664<li>2445968<li>2445664<li>2445664<li>2449344<li>2445968<li>2445664<li>2449440<li>2445760<li>2507936<li>2445552<li>2445552<li>2445552<li>2449328<li>2445664<li>2445808<li>2449456<li>2445664<li>2445664<li>2449424<li>2445664<li>2445664<li>2449440<li>2445632<li>2445632<li>2449472<li>2437216<li>2446064<li>2445664<li>2445632<li>2449296<li>2449488<li>2445552<li>2507936<li>2445968<li>2445520<li>2445632<li>2445968<li>2507936<li>2445968<li>2449552<li>2449312<li>2445552<li>2446000<li>2445664<li>2443592<li>2446152<li>0 product(s) found for discount</ul><hr />{"success":true,"response":"0 products updated","redirect":null}