[2025-12-02 10:07:46] Command triggered for store_id 12 with PID 4848
PHP Notice:  Undefined index: REQUEST_URI in /var/www/vhosts/wantadigital.com/www/theartisttree-mis/class/SessionManager.php on line 59
PHP Notice:  Undefined index: REQUEST_URI in /var/www/vhosts/wantadigital.com/www/theartisttree-mis/class/SessionManager.php on line 59
PHP Notice:  Undefined index: REQUEST_URI in /var/www/vhosts/wantadigital.com/www/theartisttree-mis/class/SessionManager.php on line 59
PHP Notice:  Undefined index: REQUEST_URI in /var/www/vhosts/wantadigital.com/www/theartisttree-mis/class/SessionManager.php on line 59
PHP Notice:  Undefined index: REQUEST_URI in /var/www/vhosts/wantadigital.com/www/theartisttree-mis/class/SessionManager.php on line 59
PHP Notice:  Undefined index: REQUEST_URI in /var/www/vhosts/wantadigital.com/www/theartisttree-mis/inc/security.php on line 41
<ul><li>Davis<li>0 product(s) found for reset<li>0 product(s) found for discount</ul><hr />{"success":true,"response":"0 products updated","redirect":null}[2025-12-02 10:08:17] Command triggered for store_id 12 with PID 4922
PHP Notice:  Undefined index: REQUEST_URI in /var/www/vhosts/wantadigital.com/www/theartisttree-mis/class/SessionManager.php on line 59
PHP Notice:  Undefined index: REQUEST_URI in /var/www/vhosts/wantadigital.com/www/theartisttree-mis/class/SessionManager.php on line 59
PHP Notice:  Undefined index: REQUEST_URI in /var/www/vhosts/wantadigital.com/www/theartisttree-mis/class/SessionManager.php on line 59
PHP Notice:  Undefined index: REQUEST_URI in /var/www/vhosts/wantadigital.com/www/theartisttree-mis/class/SessionManager.php on line 59
PHP Notice:  Undefined index: REQUEST_URI in /var/www/vhosts/wantadigital.com/www/theartisttree-mis/class/SessionManager.php on line 59
PHP Notice:  Undefined index: REQUEST_URI in /var/www/vhosts/wantadigital.com/www/theartisttree-mis/inc/security.php on line 41
<ul><li>Davis<li>0 product(s) found for reset<li>231 product(s) found for discount<li>2608232<li>2667832<li>2645792<li>2657208<li>2643872<li>2670664<li>2669872<li>2652536<li>2672800<li>2672024<li>2649552<li>2665480<li>2677888<li>2644072<li>2662704<li>2674776<li>2675888<li>2676344<li>2646640<li>2684392<li>2684296<li>2682568<li>2681224<li>2671040<li>2588936<li>2679456<li>2680024<li>2668576<li>2662392<li>2591136<li>2658664<li>2670480<li>2682552<li>2672512<li>2676920<li>2655632<li>2686008<li>2685824<li>2628344<li>2687360<li>2687528<li>2675824<li>2688280<li>2665728<li>2665848<li>2689600<li>2667176<li>2690480<li>2691080<li>2668128<li>2691432<li>2692160<li>2685048<li>2693536<li>2670728<li>2694192<li>2674024<li>2682752<li>2683752<li>2695824<li>2606216<li>2696848<li>2697288<li>2697600<li>2702504<li>2701176<li>2614048<li>2711232<li>2705168<li>2712792<li>2708824<li>2705952<li>2712648<li>2684080<li>2707160<li>2683840<li>2714752<li>2687360<li>2678760<li>2686656<li>2663256<li>2687536<li>2710840<li>2692784<li>2711464<li>2704912<li>2689624<li>2623008<li>2690648<li>2713856<li>2714280<li>2714976<li>2696904<li>2715728<li>2716200<li>2693504<li>2716808<li>2694544<li>2718376<li>2718288<li>2718408<li>2719040<li>2707160<li>2720368<li>2720536<li>2631584<li>2629464<li>2692256<li>2692704<li>2700168<li>2700640<li>2701096<li>2697872<li>2705432<li>2673456<li>2703160<li>2696576<li>2700392<li>2704480<li>2698256<li>2705360<li>2706440<li>2706912<li>2707336<li>2700752<li>2679280<li>2708688<li>2650176<li>2708496<li>2642440<li>2642520<li>2680304<li>2709816<li>2655712<li>2703896<li>2656608<li>2711784<li>2711056<li>2717416<li>2713168<li>2714872<li>2708288<li>2661016<li>2709512<li>2716624<li>2717064<li>2703456<li>2716776<li>2711376<li>2718208<li>2718840<li>2712256<li>2719720<li>2713136<li>2720632<li>2714032<li>2721200<li>2717936<li>2729336<li>2718784<li>2669688<li>2730704<li>2723888<li>2671744<li>2732392<li>2726720<li>2727176<li>2722752<li>2727008<li>2723728<li>2724184<li>2724640<li>2718376<li>2729928<li>2737592<li>2723416<li>2732264<li>2732720<li>2733176<li>2728832<li>2729304<li>2734528<li>2692648<li>2730672<li>2735896<li>2731584<li>2732040<li>2737376<li>2745240<li>2745696<li>2740024<li>2735600<li>2740824<li>2741568<li>2747976<li>2675744<li>2742648<li>2738400<li>2738792<li>2739672<li>2744584<li>2745272<li>2751624<li>2752080<li>2741560<li>2752976<li>2753432<li>2748248<li>2748216<li>2744152<li>2743800<li>2755712<li>2745160<li>2750496<li>2750952<li>2757536<li>2746984<li>2751208<li>2752760<li>2752072<li>2759304<li>2754880<li>2755336<li>2759528<li>2761128<li>2761552<li>2757144<li>2768608<li>2762936<li>2758936<li>2762704</ul><hr />{"success":true,"response":"224 products updated","redirect":null}[2025-12-02 10:16:34] Command triggered for store_id 12 with PID 5384
PHP Notice:  Undefined index: REQUEST_URI in /var/www/vhosts/wantadigital.com/www/theartisttree-mis/class/SessionManager.php on line 59
PHP Notice:  Undefined index: REQUEST_URI in /var/www/vhosts/wantadigital.com/www/theartisttree-mis/class/SessionManager.php on line 59
PHP Notice:  Undefined index: REQUEST_URI in /var/www/vhosts/wantadigital.com/www/theartisttree-mis/class/SessionManager.php on line 59
PHP Notice:  Undefined index: REQUEST_URI in /var/www/vhosts/wantadigital.com/www/theartisttree-mis/class/SessionManager.php on line 59
PHP Notice:  Undefined index: REQUEST_URI in /var/www/vhosts/wantadigital.com/www/theartisttree-mis/class/SessionManager.php on line 59
PHP Notice:  Undefined index: REQUEST_URI in /var/www/vhosts/wantadigital.com/www/theartisttree-mis/inc/security.php on line 41
<ul><li>Davis<li>0 product(s) found for reset<li>0 product(s) found for discount</ul><hr />{"success":true,"response":"0 products updated","redirect":null}[2025-12-02 10:17:10] Command triggered for store_id 12 with PID 5694
PHP Notice:  Undefined index: REQUEST_URI in /var/www/vhosts/wantadigital.com/www/theartisttree-mis/class/SessionManager.php on line 59
PHP Notice:  Undefined index: REQUEST_URI in /var/www/vhosts/wantadigital.com/www/theartisttree-mis/class/SessionManager.php on line 59
PHP Notice:  Undefined index: REQUEST_URI in /var/www/vhosts/wantadigital.com/www/theartisttree-mis/class/SessionManager.php on line 59
PHP Notice:  Undefined index: REQUEST_URI in /var/www/vhosts/wantadigital.com/www/theartisttree-mis/class/SessionManager.php on line 59
PHP Notice:  Undefined index: REQUEST_URI in /var/www/vhosts/wantadigital.com/www/theartisttree-mis/class/SessionManager.php on line 59
PHP Notice:  Undefined index: REQUEST_URI in /var/www/vhosts/wantadigital.com/www/theartisttree-mis/inc/security.php on line 41
<ul><li>Davis<li>0 product(s) found for reset<li>0 product(s) found for discount</ul><hr />{"success":true,"response":"0 products updated","redirect":null}[2025-12-02 10:31:18] Command triggered for store_id 12 with PID 6214
PHP Notice:  Undefined index: REQUEST_URI in /var/www/vhosts/wantadigital.com/www/theartisttree-mis/class/SessionManager.php on line 59
PHP Notice:  Undefined index: REQUEST_URI in /var/www/vhosts/wantadigital.com/www/theartisttree-mis/class/SessionManager.php on line 59
PHP Notice:  Undefined index: REQUEST_URI in /var/www/vhosts/wantadigital.com/www/theartisttree-mis/class/SessionManager.php on line 59
PHP Notice:  Undefined index: REQUEST_URI in /var/www/vhosts/wantadigital.com/www/theartisttree-mis/class/SessionManager.php on line 59
PHP Notice:  Undefined index: REQUEST_URI in /var/www/vhosts/wantadigital.com/www/theartisttree-mis/class/SessionManager.php on line 59
PHP Notice:  Undefined index: REQUEST_URI in /var/www/vhosts/wantadigital.com/www/theartisttree-mis/inc/security.php on line 41
<ul><li>Davis<li>81 product(s) found for reset<li>2355576<li>2355808<li>2345672<li>2357536<li>2346648<li>2357904<li>2358376<li>2350448<li>2349592<li>2360400<li>2361352<li>2352896<li>2353192<li>2361248<li>2351416<li>2353008<li>2346304<li>2352368<li>2352848<li>2353480<li>2353728<li>2354408<li>2357120<li>2354968<li>2355552<li>2347656<li>2356416<li>2357272<li>2357616<li>2358568<li>2358624<li>2353632<li>2370400<li>2370776<li>2371104<li>2365024<li>2364568<li>2371520<li>2365408<li>2372408<li>2366792<li>2374288<li>2367792<li>2369000<li>2368320<li>2368992<li>2376776<li>2369792<li>2377400<li>2371552<li>2378280<li>2372352<li>2372776<li>2379456<li>2373664<li>2365592<li>2373384<li>2372248<li>2379800<li>2373432<li>2373368<li>2372296<li>2344136<li>2375816<li>2373176<li>2366440<li>2373336<li>2366472<li>2359840<li>2359792<li>2359792<li>2359792<li>2359760<li>2362656<li>2362624<li>2362400<li>2362592<li>2362640<li>2362432<li>2362464<li>2362656<li>0 product(s) found for discount</ul><hr />{"success":true,"response":"51 products updated","redirect":null}[2025-12-02 10:35:25] Command triggered for store_id 12 with PID 6430
PHP Notice:  Undefined index: REQUEST_URI in /var/www/vhosts/wantadigital.com/www/theartisttree-mis/class/SessionManager.php on line 59
PHP Notice:  Undefined index: REQUEST_URI in /var/www/vhosts/wantadigital.com/www/theartisttree-mis/class/SessionManager.php on line 59
PHP Notice:  Undefined index: REQUEST_URI in /var/www/vhosts/wantadigital.com/www/theartisttree-mis/class/SessionManager.php on line 59
PHP Notice:  Undefined index: REQUEST_URI in /var/www/vhosts/wantadigital.com/www/theartisttree-mis/class/SessionManager.php on line 59
PHP Notice:  Undefined index: REQUEST_URI in /var/www/vhosts/wantadigital.com/www/theartisttree-mis/class/SessionManager.php on line 59
PHP Notice:  Undefined index: REQUEST_URI in /var/www/vhosts/wantadigital.com/www/theartisttree-mis/inc/security.php on line 41
<ul><li>Davis<li>81 product(s) found for reset<li>2334224<li>2334016<li>2323424<li>2334832<li>2323488<li>2334288<li>2334320<li>2325936<li>2324320<li>2334672<li>2335184<li>2326288<li>2326128<li>2333744<li>2323456<li>2325072<li>2318368<li>2324432<li>2324040<li>2323824<li>2323632<li>2323856<li>2326112<li>2323504<li>2323632<li>2319376<li>2323600<li>2323664<li>2323536<li>2324016<li>2323600<li>2318616<li>2334512<li>2334448<li>2334336<li>2327824<li>2326928<li>2333440<li>2326896<li>2333456<li>2327088<li>2334112<li>2327184<li>2327936<li>2326816<li>2327056<li>2334384<li>2326960<li>2333488<li>2327184<li>2333456<li>2327088<li>2327056<li>2333280<li>2327056<li>2318992<li>2326784<li>2325648<li>2333200<li>2326832<li>2326768<li>2325696<li>2297536<li>2329216<li>2326576<li>2319840<li>2326736<li>2319872<li>2313240<li>2313192<li>2313192<li>2313192<li>2313160<li>2316056<li>2316024<li>2315800<li>2315992<li>2316040<li>2315832<li>2315864<li>2316056<li>0 product(s) found for discount</ul><hr />{"success":true,"response":"0 products updated","redirect":null}[2025-12-02 10:52:16] Command triggered for store_id 12 with PID 7638
PHP Notice:  Undefined index: REQUEST_URI in /var/www/vhosts/wantadigital.com/www/theartisttree-mis/class/SessionManager.php on line 59
PHP Notice:  Undefined index: REQUEST_URI in /var/www/vhosts/wantadigital.com/www/theartisttree-mis/class/SessionManager.php on line 59
PHP Notice:  Undefined index: REQUEST_URI in /var/www/vhosts/wantadigital.com/www/theartisttree-mis/class/SessionManager.php on line 59
PHP Notice:  Undefined index: REQUEST_URI in /var/www/vhosts/wantadigital.com/www/theartisttree-mis/class/SessionManager.php on line 59
PHP Notice:  Undefined index: REQUEST_URI in /var/www/vhosts/wantadigital.com/www/theartisttree-mis/class/SessionManager.php on line 59
PHP Notice:  Undefined index: REQUEST_URI in /var/www/vhosts/wantadigital.com/www/theartisttree-mis/inc/security.php on line 41
<ul><li>Davis<li>81 product(s) found for reset<li>2334224<li>2334016<li>2323424<li>2334832<li>2323488<li>2334288<li>2334320<li>2325936<li>2324320<li>2334672<li>2335184<li>2326288<li>2326128<li>2333744<li>2323456<li>2325072<li>2318368<li>2324432<li>2324040<li>2323824<li>2323632<li>2323856<li>2326112<li>2323504<li>2323632<li>2319376<li>2323600<li>2323664<li>2323536<li>2324016<li>2323600<li>2318616<li>2334512<li>2334448<li>2334336<li>2327824<li>2326928<li>2333440<li>2326896<li>2333456<li>2327088<li>2334112<li>2327184<li>2327936<li>2326816<li>2327056<li>2334384<li>2326960<li>2333488<li>2327184<li>2333456<li>2327088<li>2327056<li>2333280<li>2327056<li>2318992<li>2326784<li>2325648<li>2333200<li>2326832<li>2326768<li>2325696<li>2297536<li>2329216<li>2326576<li>2319840<li>2326736<li>2319872<li>2313240<li>2313192<li>2313192<li>2313192<li>2313160<li>2316056<li>2316024<li>2315800<li>2315992<li>2316040<li>2315832<li>2315864<li>2316056<li>0 product(s) found for discount</ul><hr />{"success":true,"response":"0 products updated","redirect":null}