[2025-12-01 16:33:47] Command triggered for store_id 8 with PID 20778
PHP Notice:  Undefined index: REQUEST_URI in /var/www/vhosts/wantadigital.com/www/theartisttree-mis/class/SessionManager.php on line 59
PHP Notice:  Undefined index: REQUEST_URI in /var/www/vhosts/wantadigital.com/www/theartisttree-mis/class/SessionManager.php on line 59
PHP Notice:  Undefined index: REQUEST_URI in /var/www/vhosts/wantadigital.com/www/theartisttree-mis/class/SessionManager.php on line 59
PHP Notice:  Undefined index: REQUEST_URI in /var/www/vhosts/wantadigital.com/www/theartisttree-mis/class/SessionManager.php on line 59
PHP Notice:  Undefined index: REQUEST_URI in /var/www/vhosts/wantadigital.com/www/theartisttree-mis/class/SessionManager.php on line 59
PHP Notice:  Undefined index: REQUEST_URI in /var/www/vhosts/wantadigital.com/www/theartisttree-mis/inc/security.php on line 41
<ul><li>El Sobrante<li>0 product(s) found for reset<li>164 product(s) found for discount<li>2488784<li>2458200<li>2485840<li>2459048<li>2459920<li>2463592<li>2460464<li>2460936<li>2465280<li>2464088<li>2464560<li>2465064<li>2465504<li>2466280<li>2466448<li>2466920<li>2467392<li>2468184<li>2468960<li>2469128<li>2469200<li>2469848<li>2470416<li>2470888<li>2515424<li>2516536<li>2472896<li>2473496<li>2474208<li>2474152<li>2518352<li>2475304<li>2475632<li>2476168<li>2476720<li>2477096<li>2478208<li>2479736<li>2480192<li>2480648<li>2480896<li>2481464<li>2482288<li>2482600<li>2483184<li>2483512<li>2484272<li>2484648<li>2485136<li>2485496<li>2486240<li>2486856<li>2487280<li>2487800<li>2488160<li>2488696<li>2489040<li>2489496<li>2490704<li>2491336<li>2491648<li>2492024<li>2492480<li>2492872<li>2493408<li>2493928<li>2494384<li>2494856<li>2495216<li>2495608<li>2496160<li>2496632<li>2496976<li>2497576<li>2499168<li>2499528<li>2500112<li>2500568<li>2500976<li>2501448<li>2502016<li>2540728<li>2502800<li>2503304<li>2503840<li>2504312<li>2504768<li>2505016<li>2505536<li>2505992<li>2506608<li>2507000<li>2507456<li>2507800<li>2508368<li>2508728<li>2509296<li>2509704<li>2510160<li>2510616<li>2510992<li>2511512<li>2511888<li>2512456<li>2512992<li>2513528<li>2519536<li>2519960<li>2520272<li>2520872<li>2521344<li>2522072<li>2522128<li>2522600<li>2523056<li>2523832<li>2524128<li>2524536<li>2524896<li>2525480<li>2517504<li>2526280<li>2526784<li>2527128<li>2527648<li>2528040<li>2528592<li>2528920<li>2529376<li>2529848<li>2530512<li>2530760<li>2531376<li>2531704<li>2532240<li>2532696<li>2533184<li>2533496<li>2534000<li>2539928<li>2535024<li>2535416<li>2535920<li>2536280<li>2536720<li>2537144<li>2537584<li>2538056<li>2538624<li>2538968<li>2539792<li>2546968<li>2553904<li>2554264<li>2542912<li>2543384<li>2586368<li>2544328<li>2556720<li>2545704<li>2546128<li>2558232<li>2548192<li>2548664</ul><hr />{"success":true,"response":"164 products updated","redirect":null}[2025-12-01 16:35:13] Command triggered for store_id 8 with PID 20946
PHP Notice:  Undefined index: REQUEST_URI in /var/www/vhosts/wantadigital.com/www/theartisttree-mis/class/SessionManager.php on line 59
PHP Notice:  Undefined index: REQUEST_URI in /var/www/vhosts/wantadigital.com/www/theartisttree-mis/class/SessionManager.php on line 59
PHP Notice:  Undefined index: REQUEST_URI in /var/www/vhosts/wantadigital.com/www/theartisttree-mis/class/SessionManager.php on line 59
PHP Notice:  Undefined index: REQUEST_URI in /var/www/vhosts/wantadigital.com/www/theartisttree-mis/class/SessionManager.php on line 59
PHP Notice:  Undefined index: REQUEST_URI in /var/www/vhosts/wantadigital.com/www/theartisttree-mis/class/SessionManager.php on line 59
PHP Notice:  Undefined index: REQUEST_URI in /var/www/vhosts/wantadigital.com/www/theartisttree-mis/inc/security.php on line 41
<ul><li>El Sobrante<li>0 product(s) found for reset<li>164 product(s) found for discount<li>2488784<li>2458200<li>2485840<li>2459048<li>2459920<li>2463592<li>2460464<li>2460936<li>2465280<li>2464088<li>2464560<li>2465064<li>2465504<li>2466280<li>2466448<li>2466920<li>2467392<li>2468184<li>2468960<li>2469128<li>2469200<li>2469848<li>2470416<li>2470888<li>2515424<li>2516536<li>2472896<li>2473496<li>2474208<li>2474152<li>2518352<li>2475304<li>2475632<li>2476168<li>2476720<li>2477096<li>2478208<li>2479736<li>2480192<li>2480648<li>2480896<li>2481464<li>2482288<li>2482600<li>2483184<li>2483512<li>2484272<li>2484648<li>2485136<li>2485496<li>2486240<li>2486856<li>2487280<li>2487800<li>2488160<li>2488696<li>2489040<li>2489496<li>2490704<li>2491336<li>2491648<li>2492024<li>2492480<li>2492872<li>2493408<li>2493928<li>2494384<li>2494856<li>2495216<li>2495608<li>2496160<li>2496632<li>2496976<li>2497576<li>2499168<li>2499528<li>2500112<li>2500568<li>2500976<li>2501448<li>2502016<li>2540728<li>2502800<li>2503304<li>2503840<li>2504312<li>2504768<li>2505016<li>2505536<li>2505992<li>2506608<li>2507000<li>2507456<li>2507800<li>2508368<li>2508728<li>2509296<li>2509704<li>2510160<li>2510616<li>2510992<li>2511512<li>2511888<li>2512456<li>2512992<li>2513528<li>2519536<li>2519960<li>2520272<li>2520872<li>2521344<li>2522072<li>2522128<li>2522600<li>2523056<li>2523832<li>2524128<li>2524536<li>2524896<li>2525480<li>2517504<li>2526280<li>2526784<li>2527128<li>2527648<li>2528040<li>2528592<li>2528920<li>2529376<li>2529848<li>2530512<li>2530760<li>2531376<li>2531704<li>2532240<li>2532696<li>2533184<li>2533496<li>2534000<li>2539928<li>2535024<li>2535416<li>2535920<li>2536280<li>2536720<li>2537144<li>2537584<li>2538056<li>2538624<li>2538968<li>2539792<li>2546968<li>2553904<li>2554264<li>2542912<li>2543384<li>2586368<li>2544328<li>2556720<li>2545704<li>2546128<li>2558232<li>2548192<li>2548664</ul><hr />{"success":true,"response":"164 products updated","redirect":null}[2025-12-01 16:40:11] Command triggered for store_id 8 with PID 21167
PHP Notice:  Undefined index: REQUEST_URI in /var/www/vhosts/wantadigital.com/www/theartisttree-mis/class/SessionManager.php on line 59
PHP Notice:  Undefined index: REQUEST_URI in /var/www/vhosts/wantadigital.com/www/theartisttree-mis/class/SessionManager.php on line 59
PHP Notice:  Undefined index: REQUEST_URI in /var/www/vhosts/wantadigital.com/www/theartisttree-mis/class/SessionManager.php on line 59
PHP Notice:  Undefined index: REQUEST_URI in /var/www/vhosts/wantadigital.com/www/theartisttree-mis/class/SessionManager.php on line 59
PHP Notice:  Undefined index: REQUEST_URI in /var/www/vhosts/wantadigital.com/www/theartisttree-mis/class/SessionManager.php on line 59
PHP Notice:  Undefined index: REQUEST_URI in /var/www/vhosts/wantadigital.com/www/theartisttree-mis/inc/security.php on line 41
<ul><li>El Sobrante<li>0 product(s) found for reset<li>0 product(s) found for discount</ul><hr />{"success":true,"response":"0 products updated","redirect":null}[2025-12-01 16:43:16] Command triggered for store_id 8 with PID 21384
PHP Notice:  Undefined index: REQUEST_URI in /var/www/vhosts/wantadigital.com/www/theartisttree-mis/class/SessionManager.php on line 59
PHP Notice:  Undefined index: REQUEST_URI in /var/www/vhosts/wantadigital.com/www/theartisttree-mis/class/SessionManager.php on line 59
PHP Notice:  Undefined index: REQUEST_URI in /var/www/vhosts/wantadigital.com/www/theartisttree-mis/class/SessionManager.php on line 59
PHP Notice:  Undefined index: REQUEST_URI in /var/www/vhosts/wantadigital.com/www/theartisttree-mis/class/SessionManager.php on line 59
PHP Notice:  Undefined index: REQUEST_URI in /var/www/vhosts/wantadigital.com/www/theartisttree-mis/class/SessionManager.php on line 59
PHP Notice:  Undefined index: REQUEST_URI in /var/www/vhosts/wantadigital.com/www/theartisttree-mis/inc/security.php on line 41
<ul><li>El Sobrante<li>0 product(s) found for reset<li>164 product(s) found for discount<li>2488784<li>2458200<li>2485840<li>2459048<li>2459920<li>2463592<li>2460464<li>2460936<li>2465280<li>2464088<li>2464560<li>2465064<li>2465504<li>2466280<li>2466448<li>2466920<li>2467392<li>2468184<li>2468960<li>2469128<li>2469200<li>2469848<li>2470416<li>2470888<li>2515424<li>2516536<li>2472896<li>2473496<li>2474208<li>2474152<li>2518352<li>2475304<li>2475632<li>2476168<li>2476720<li>2477096<li>2478208<li>2479736<li>2480192<li>2480648<li>2480896<li>2481464<li>2482288<li>2482600<li>2483184<li>2483512<li>2484272<li>2484648<li>2485136<li>2485496<li>2486240<li>2486856<li>2487280<li>2487800<li>2488160<li>2488696<li>2489040<li>2489496<li>2490704<li>2491336<li>2491648<li>2492024<li>2492480<li>2492872<li>2493408<li>2493928<li>2494384<li>2494856<li>2495216<li>2495608<li>2496160<li>2496632<li>2496976<li>2497576<li>2499168<li>2499528<li>2500112<li>2500568<li>2500976<li>2501448<li>2502016<li>2540728<li>2502800<li>2503304<li>2503840<li>2504312<li>2504768<li>2505016<li>2505536<li>2505992<li>2506608<li>2507000<li>2507456<li>2507800<li>2508368<li>2508728<li>2509296<li>2509704<li>2510160<li>2510616<li>2510992<li>2511512<li>2511888<li>2512456<li>2512992<li>2513528<li>2519536<li>2519960<li>2520272<li>2520872<li>2521344<li>2522072<li>2522128<li>2522600<li>2523056<li>2523832<li>2524128<li>2524536<li>2524896<li>2525480<li>2517504<li>2526280<li>2526784<li>2527128<li>2527648<li>2528040<li>2528592<li>2528920<li>2529376<li>2529848<li>2530512<li>2530760<li>2531376<li>2531704<li>2532240<li>2532696<li>2533184<li>2533496<li>2534000<li>2539928<li>2535024<li>2535416<li>2535920<li>2536280<li>2536720<li>2537144<li>2537584<li>2538056<li>2538624<li>2538968<li>2539792<li>2546968<li>2553904<li>2554264<li>2542912<li>2543384<li>2586368<li>2544328<li>2556720<li>2545704<li>2546128<li>2558232<li>2548192<li>2548664</ul><hr />{"success":true,"response":"164 products updated","redirect":null}[2025-12-01 16:49:06] Command triggered for store_id 8 with PID 21616
PHP Notice:  Undefined index: REQUEST_URI in /var/www/vhosts/wantadigital.com/www/theartisttree-mis/class/SessionManager.php on line 59
PHP Notice:  Undefined index: REQUEST_URI in /var/www/vhosts/wantadigital.com/www/theartisttree-mis/class/SessionManager.php on line 59
PHP Notice:  Undefined index: REQUEST_URI in /var/www/vhosts/wantadigital.com/www/theartisttree-mis/class/SessionManager.php on line 59
PHP Notice:  Undefined index: REQUEST_URI in /var/www/vhosts/wantadigital.com/www/theartisttree-mis/class/SessionManager.php on line 59
PHP Notice:  Undefined index: REQUEST_URI in /var/www/vhosts/wantadigital.com/www/theartisttree-mis/class/SessionManager.php on line 59
PHP Notice:  Undefined index: REQUEST_URI in /var/www/vhosts/wantadigital.com/www/theartisttree-mis/inc/security.php on line 41
<ul><li>El Sobrante<li>0 product(s) found for reset<li>0 product(s) found for discount</ul><hr />{"success":true,"response":"0 products updated","redirect":null}[2025-12-01 16:50:24] Command triggered for store_id 8 with PID 21722
PHP Notice:  Undefined index: REQUEST_URI in /var/www/vhosts/wantadigital.com/www/theartisttree-mis/class/SessionManager.php on line 59
PHP Notice:  Undefined index: REQUEST_URI in /var/www/vhosts/wantadigital.com/www/theartisttree-mis/class/SessionManager.php on line 59
PHP Notice:  Undefined index: REQUEST_URI in /var/www/vhosts/wantadigital.com/www/theartisttree-mis/class/SessionManager.php on line 59
PHP Notice:  Undefined index: REQUEST_URI in /var/www/vhosts/wantadigital.com/www/theartisttree-mis/class/SessionManager.php on line 59
PHP Notice:  Undefined index: REQUEST_URI in /var/www/vhosts/wantadigital.com/www/theartisttree-mis/class/SessionManager.php on line 59
PHP Notice:  Undefined index: REQUEST_URI in /var/www/vhosts/wantadigital.com/www/theartisttree-mis/inc/security.php on line 41
<ul><li>El Sobrante<li>0 product(s) found for reset<li>0 product(s) found for discount</ul><hr />{"success":true,"response":"0 products updated","redirect":null}