[2025-12-02 10:07:46] Command triggered for store_id 13 with PID 4850
PHP Notice:  Undefined index: REQUEST_URI in /var/www/vhosts/wantadigital.com/www/theartisttree-mis/class/SessionManager.php on line 59
PHP Notice:  Undefined index: REQUEST_URI in /var/www/vhosts/wantadigital.com/www/theartisttree-mis/class/SessionManager.php on line 59
PHP Notice:  Undefined index: REQUEST_URI in /var/www/vhosts/wantadigital.com/www/theartisttree-mis/class/SessionManager.php on line 59
PHP Notice:  Undefined index: REQUEST_URI in /var/www/vhosts/wantadigital.com/www/theartisttree-mis/class/SessionManager.php on line 59
PHP Notice:  Undefined index: REQUEST_URI in /var/www/vhosts/wantadigital.com/www/theartisttree-mis/class/SessionManager.php on line 59
PHP Notice:  Undefined index: REQUEST_URI in /var/www/vhosts/wantadigital.com/www/theartisttree-mis/inc/security.php on line 41
<ul><li>Dixon<li>0 product(s) found for reset<li>0 product(s) found for discount</ul><hr />{"success":true,"response":"0 products updated","redirect":null}[2025-12-02 10:08:17] Command triggered for store_id 13 with PID 4924
PHP Notice:  Undefined index: REQUEST_URI in /var/www/vhosts/wantadigital.com/www/theartisttree-mis/class/SessionManager.php on line 59
PHP Notice:  Undefined index: REQUEST_URI in /var/www/vhosts/wantadigital.com/www/theartisttree-mis/class/SessionManager.php on line 59
PHP Notice:  Undefined index: REQUEST_URI in /var/www/vhosts/wantadigital.com/www/theartisttree-mis/class/SessionManager.php on line 59
PHP Notice:  Undefined index: REQUEST_URI in /var/www/vhosts/wantadigital.com/www/theartisttree-mis/class/SessionManager.php on line 59
PHP Notice:  Undefined index: REQUEST_URI in /var/www/vhosts/wantadigital.com/www/theartisttree-mis/class/SessionManager.php on line 59
PHP Notice:  Undefined index: REQUEST_URI in /var/www/vhosts/wantadigital.com/www/theartisttree-mis/inc/security.php on line 41
<ul><li>Dixon<li>0 product(s) found for reset<li>231 product(s) found for discount<li>2608232<li>2667832<li>2645792<li>2657208<li>2643872<li>2670664<li>2669872<li>2652536<li>2672800<li>2672024<li>2649552<li>2665480<li>2673200<li>2644072<li>2662704<li>2678152<li>2675888<li>2676344<li>2646640<li>2684392<li>2687672<li>2677880<li>2677624<li>2671040<li>2588936<li>2679456<li>2680024<li>2668576<li>2662392<li>2591136<li>2658664<li>2670480<li>2682552<li>2672512<li>2676920<li>2655632<li>2686008<li>2685824<li>2628344<li>2687360<li>2687528<li>2675824<li>2688280<li>2665728<li>2665848<li>2689600<li>2667176<li>2690480<li>2691080<li>2668128<li>2691432<li>2692160<li>2685048<li>2693536<li>2670728<li>2694192<li>2674024<li>2682752<li>2683752<li>2695824<li>2606216<li>2696848<li>2697288<li>2697600<li>2697816<li>2697576<li>2614048<li>2710872<li>2705168<li>2708856<li>2705224<li>2705952<li>2712648<li>2684080<li>2707160<li>2683840<li>2714440<li>2690736<li>2678760<li>2686656<li>2663256<li>2687536<li>2710840<li>2692784<li>2711464<li>2704912<li>2689624<li>2623008<li>2690648<li>2713856<li>2714280<li>2714976<li>2696904<li>2715728<li>2716200<li>2693504<li>2716808<li>2694544<li>2718376<li>2718288<li>2718408<li>2719040<li>2707160<li>2720368<li>2723912<li>2643904<li>2641496<li>2692272<li>2692720<li>2700184<li>2700656<li>2701112<li>2694512<li>2702072<li>2673472<li>2703176<li>2696592<li>2697032<li>2704496<li>2701648<li>2705376<li>2706456<li>2706928<li>2707352<li>2700768<li>2689392<li>2708704<li>2650192<li>2708512<li>2642456<li>2642440<li>2680320<li>2708928<li>2655288<li>2703472<li>2663456<li>2710920<li>2710192<li>2712208<li>2711848<li>2712272<li>2709424<li>2658416<li>2708160<li>2715304<li>2719480<li>2702136<li>2715456<li>2713792<li>2720520<li>2717520<li>2714672<li>2718400<li>2711816<li>2719312<li>2712712<li>2719880<li>2716616<li>2728016<li>2717464<li>2668368<li>2729384<li>2718832<li>2670424<li>2731072<li>2725400<li>2725856<li>2725136<li>2721952<li>2725784<li>2723224<li>2723680<li>2717056<li>2726088<li>2736272<li>2722064<li>2730944<li>2731400<li>2731856<li>2730888<li>2731688<li>2733208<li>2691328<li>2729352<li>2734576<li>2733968<li>2730720<li>2736056<li>2743920<li>2744376<li>2738704<li>2734280<li>2739504<li>2740248<li>2746656<li>2674424<li>2741640<li>2737080<li>2737472<li>2737992<li>2743264<li>2743344<li>2749848<li>2750304<li>2740144<li>2751200<li>2751656<li>2746160<li>2746440<li>2745392<li>2742024<li>2753936<li>2743384<li>2748720<li>2749176<li>2755760<li>2745208<li>2746912<li>2750984<li>2746560<li>2751896<li>2753104<li>2753560<li>2754016<li>2759352<li>2759776<li>2761696<li>2766832<li>2761160<li>2756800<li>2757192</ul><hr />{"success":true,"response":"220 products updated","redirect":null}[2025-12-02 10:16:34] Command triggered for store_id 13 with PID 5386
PHP Notice:  Undefined index: REQUEST_URI in /var/www/vhosts/wantadigital.com/www/theartisttree-mis/class/SessionManager.php on line 59
PHP Notice:  Undefined index: REQUEST_URI in /var/www/vhosts/wantadigital.com/www/theartisttree-mis/class/SessionManager.php on line 59
PHP Notice:  Undefined index: REQUEST_URI in /var/www/vhosts/wantadigital.com/www/theartisttree-mis/class/SessionManager.php on line 59
PHP Notice:  Undefined index: REQUEST_URI in /var/www/vhosts/wantadigital.com/www/theartisttree-mis/class/SessionManager.php on line 59
PHP Notice:  Undefined index: REQUEST_URI in /var/www/vhosts/wantadigital.com/www/theartisttree-mis/class/SessionManager.php on line 59
PHP Notice:  Undefined index: REQUEST_URI in /var/www/vhosts/wantadigital.com/www/theartisttree-mis/inc/security.php on line 41
<ul><li>Dixon<li>0 product(s) found for reset<li>0 product(s) found for discount</ul><hr />{"success":true,"response":"0 products updated","redirect":null}[2025-12-02 10:17:10] Command triggered for store_id 13 with PID 5696
PHP Notice:  Undefined index: REQUEST_URI in /var/www/vhosts/wantadigital.com/www/theartisttree-mis/class/SessionManager.php on line 59
PHP Notice:  Undefined index: REQUEST_URI in /var/www/vhosts/wantadigital.com/www/theartisttree-mis/class/SessionManager.php on line 59
PHP Notice:  Undefined index: REQUEST_URI in /var/www/vhosts/wantadigital.com/www/theartisttree-mis/class/SessionManager.php on line 59
PHP Notice:  Undefined index: REQUEST_URI in /var/www/vhosts/wantadigital.com/www/theartisttree-mis/class/SessionManager.php on line 59
PHP Notice:  Undefined index: REQUEST_URI in /var/www/vhosts/wantadigital.com/www/theartisttree-mis/class/SessionManager.php on line 59
PHP Notice:  Undefined index: REQUEST_URI in /var/www/vhosts/wantadigital.com/www/theartisttree-mis/inc/security.php on line 41
<ul><li>Dixon<li>0 product(s) found for reset<li>0 product(s) found for discount</ul><hr />{"success":true,"response":"0 products updated","redirect":null}[2025-12-02 10:31:18] Command triggered for store_id 13 with PID 6216
PHP Notice:  Undefined index: REQUEST_URI in /var/www/vhosts/wantadigital.com/www/theartisttree-mis/class/SessionManager.php on line 59
PHP Notice:  Undefined index: REQUEST_URI in /var/www/vhosts/wantadigital.com/www/theartisttree-mis/class/SessionManager.php on line 59
PHP Notice:  Undefined index: REQUEST_URI in /var/www/vhosts/wantadigital.com/www/theartisttree-mis/class/SessionManager.php on line 59
PHP Notice:  Undefined index: REQUEST_URI in /var/www/vhosts/wantadigital.com/www/theartisttree-mis/class/SessionManager.php on line 59
PHP Notice:  Undefined index: REQUEST_URI in /var/www/vhosts/wantadigital.com/www/theartisttree-mis/class/SessionManager.php on line 59
PHP Notice:  Undefined index: REQUEST_URI in /var/www/vhosts/wantadigital.com/www/theartisttree-mis/inc/security.php on line 41
<ul><li>Dixon<li>81 product(s) found for reset<li>2355576<li>2355808<li>2345672<li>2357536<li>2346648<li>2357904<li>2358376<li>2350448<li>2349592<li>2360400<li>2361288<li>2352960<li>2353128<li>2361248<li>2351416<li>2353072<li>2346304<li>2352368<li>2341728<li>2353480<li>2353664<li>2354408<li>2357184<li>2354968<li>2355488<li>2347656<li>2356416<li>2357208<li>2357616<li>2358568<li>2358624<li>2363000<li>2363376<li>2363704<li>2353528<li>2353072<li>2360024<li>2353912<li>2360976<li>2355296<li>2366952<li>2356232<li>2357504<li>2356760<li>2357496<li>2369376<li>2358232<li>2365904<li>2360056<li>2366784<li>2360856<li>2361280<li>2367960<li>2362168<li>2358192<li>2361888<li>2361568<li>2367488<li>2361872<li>2361872<li>2361616<li>2336736<li>2364320<li>2361680<li>2359040<li>2361840<li>2359072<li>2365592<li>2359776<li>2359792<li>2359792<li>2359792<li>2359760<li>2362656<li>2362624<li>2362400<li>2362592<li>2362640<li>2362496<li>2362400<li>2362784<li>0 product(s) found for discount</ul><hr />{"success":true,"response":"51 products updated","redirect":null}[2025-12-02 10:35:25] Command triggered for store_id 13 with PID 6432
PHP Notice:  Undefined index: REQUEST_URI in /var/www/vhosts/wantadigital.com/www/theartisttree-mis/class/SessionManager.php on line 59
PHP Notice:  Undefined index: REQUEST_URI in /var/www/vhosts/wantadigital.com/www/theartisttree-mis/class/SessionManager.php on line 59
PHP Notice:  Undefined index: REQUEST_URI in /var/www/vhosts/wantadigital.com/www/theartisttree-mis/class/SessionManager.php on line 59
PHP Notice:  Undefined index: REQUEST_URI in /var/www/vhosts/wantadigital.com/www/theartisttree-mis/class/SessionManager.php on line 59
PHP Notice:  Undefined index: REQUEST_URI in /var/www/vhosts/wantadigital.com/www/theartisttree-mis/class/SessionManager.php on line 59
PHP Notice:  Undefined index: REQUEST_URI in /var/www/vhosts/wantadigital.com/www/theartisttree-mis/inc/security.php on line 41
<ul><li>Dixon<li>81 product(s) found for reset<li>2334224<li>2334016<li>2323424<li>2334832<li>2323488<li>2334288<li>2334320<li>2325936<li>2324320<li>2334672<li>2335120<li>2326352<li>2326064<li>2333744<li>2323456<li>2325136<li>2318368<li>2324432<li>2312920<li>2323824<li>2323568<li>2323856<li>2326176<li>2323504<li>2323568<li>2319376<li>2323600<li>2323600<li>2323536<li>2324016<li>2323600<li>2327112<li>2327048<li>2326936<li>2316328<li>2315432<li>2321944<li>2315400<li>2322024<li>2315592<li>2326776<li>2315624<li>2316440<li>2315256<li>2315560<li>2326984<li>2315400<li>2321992<li>2315688<li>2321960<li>2315592<li>2315560<li>2321784<li>2315560<li>2311592<li>2315288<li>2314968<li>2320888<li>2315272<li>2315272<li>2315016<li>2290136<li>2317720<li>2315080<li>2312440<li>2315240<li>2312472<li>2318992<li>2313176<li>2313192<li>2313192<li>2313192<li>2313160<li>2316056<li>2316024<li>2315800<li>2315992<li>2316040<li>2315896<li>2315800<li>2316184<li>0 product(s) found for discount</ul><hr />{"success":true,"response":"0 products updated","redirect":null}[2025-12-02 10:52:16] Command triggered for store_id 13 with PID 7640
PHP Notice:  Undefined index: REQUEST_URI in /var/www/vhosts/wantadigital.com/www/theartisttree-mis/class/SessionManager.php on line 59
PHP Notice:  Undefined index: REQUEST_URI in /var/www/vhosts/wantadigital.com/www/theartisttree-mis/class/SessionManager.php on line 59
PHP Notice:  Undefined index: REQUEST_URI in /var/www/vhosts/wantadigital.com/www/theartisttree-mis/class/SessionManager.php on line 59
PHP Notice:  Undefined index: REQUEST_URI in /var/www/vhosts/wantadigital.com/www/theartisttree-mis/class/SessionManager.php on line 59
PHP Notice:  Undefined index: REQUEST_URI in /var/www/vhosts/wantadigital.com/www/theartisttree-mis/class/SessionManager.php on line 59
PHP Notice:  Undefined index: REQUEST_URI in /var/www/vhosts/wantadigital.com/www/theartisttree-mis/inc/security.php on line 41
<ul><li>Dixon<li>81 product(s) found for reset<li>2334224<li>2334016<li>2323424<li>2334832<li>2323488<li>2334288<li>2334320<li>2325936<li>2324320<li>2334672<li>2335120<li>2326352<li>2326064<li>2333744<li>2323456<li>2325136<li>2318368<li>2324432<li>2312920<li>2323824<li>2323568<li>2323856<li>2326176<li>2323504<li>2323568<li>2319376<li>2323600<li>2323600<li>2323536<li>2324016<li>2323600<li>2327112<li>2327048<li>2326936<li>2316328<li>2315432<li>2321944<li>2315400<li>2322024<li>2315592<li>2326776<li>2315624<li>2316440<li>2315256<li>2315560<li>2326984<li>2315400<li>2321992<li>2315688<li>2321960<li>2315592<li>2315560<li>2321784<li>2315560<li>2311592<li>2315288<li>2314968<li>2320888<li>2315272<li>2315272<li>2315016<li>2290136<li>2317720<li>2315080<li>2312440<li>2315240<li>2312472<li>2318992<li>2313176<li>2313192<li>2313192<li>2313192<li>2313160<li>2316056<li>2316024<li>2315800<li>2315992<li>2316040<li>2315896<li>2315800<li>2316184<li>0 product(s) found for discount</ul><hr />{"success":true,"response":"0 products updated","redirect":null}