
[2025-12-01 16:26:09] Command triggered for store_id 1 with PID 20159
PHP Notice:  Undefined index: REQUEST_URI in /var/www/vhosts/wantadigital.com/www/theartisttree-mis/class/SessionManager.php on line 59
PHP Notice:  Undefined index: REQUEST_URI in /var/www/vhosts/wantadigital.com/www/theartisttree-mis/class/SessionManager.php on line 59
PHP Notice:  Undefined index: REQUEST_URI in /var/www/vhosts/wantadigital.com/www/theartisttree-mis/class/SessionManager.php on line 59
PHP Notice:  Undefined index: REQUEST_URI in /var/www/vhosts/wantadigital.com/www/theartisttree-mis/class/SessionManager.php on line 59
PHP Notice:  Undefined index: REQUEST_URI in /var/www/vhosts/wantadigital.com/www/theartisttree-mis/class/SessionManager.php on line 59
PHP Notice:  Undefined index: REQUEST_URI in /var/www/vhosts/wantadigital.com/www/theartisttree-mis/inc/security.php on line 41
<ul><li>West Hollywood<li>0 product(s) found for reset<li>0 product(s) found for discount</ul><hr />{"success":true,"response":"0 products updated","redirect":null}[2025-12-01 16:28:49] Command triggered for store_id 1 with PID 20312
PHP Notice:  Undefined index: REQUEST_URI in /var/www/vhosts/wantadigital.com/www/theartisttree-mis/class/SessionManager.php on line 59
PHP Notice:  Undefined index: REQUEST_URI in /var/www/vhosts/wantadigital.com/www/theartisttree-mis/class/SessionManager.php on line 59
PHP Notice:  Undefined index: REQUEST_URI in /var/www/vhosts/wantadigital.com/www/theartisttree-mis/class/SessionManager.php on line 59
PHP Notice:  Undefined index: REQUEST_URI in /var/www/vhosts/wantadigital.com/www/theartisttree-mis/class/SessionManager.php on line 59
PHP Notice:  Undefined index: REQUEST_URI in /var/www/vhosts/wantadigital.com/www/theartisttree-mis/class/SessionManager.php on line 59
PHP Notice:  Undefined index: REQUEST_URI in /var/www/vhosts/wantadigital.com/www/theartisttree-mis/inc/security.php on line 41
<ul><li>West Hollywood<li>0 product(s) found for reset<li>164 product(s) found for discount<li>2459232<li>2459704<li>2460208<li>2460648<li>2461120<li>2461592<li>2462064<li>2462536<li>2463328<li>2463800<li>2464272<li>2464344<li>2464944<li>2465560<li>2466032<li>2510568<li>2511680<li>2468040<li>2468640<li>2469352<li>2469296<li>2513496<li>2470448<li>2470776<li>2471312<li>2471864<li>2472240<li>2473352<li>2472832<li>2473544<li>2505664<li>2475192<li>2502608<li>2475928<li>2476800<li>2480584<li>2477344<li>2477816<li>2482272<li>2480664<li>2480976<li>2481448<li>2481888<li>2482648<li>2483024<li>2483512<li>2483872<li>2484632<li>2485248<li>2485656<li>2486176<li>2486536<li>2487072<li>2487528<li>2487984<li>2489080<li>2489712<li>2490024<li>2490400<li>2490856<li>2491248<li>2491896<li>2492304<li>2492648<li>2493232<li>2493592<li>2493984<li>2494536<li>2495008<li>2495464<li>2495952<li>2497544<li>2498016<li>2498488<li>2498944<li>2499352<li>2499936<li>2500456<li>2539104<li>2501288<li>2501680<li>2502104<li>2502688<li>2503144<li>2503392<li>2504024<li>2504368<li>2504984<li>2505376<li>2505832<li>2506176<li>2506744<li>2507216<li>2507672<li>2508080<li>2508536<li>2508992<li>2509480<li>2509888<li>2510376<li>2510832<li>2511256<li>2511904<li>2517912<li>2518336<li>2518760<li>2519248<li>2519720<li>2520448<li>2520504<li>2520976<li>2521432<li>2522096<li>2522392<li>2522912<li>2523272<li>2523856<li>2515880<li>2524656<li>2525160<li>2525616<li>2526024<li>2526528<li>2526968<li>2527408<li>2527752<li>2528224<li>2528888<li>2529248<li>2529752<li>2530080<li>2530616<li>2530960<li>2531560<li>2531872<li>2532376<li>2538304<li>2533400<li>2533792<li>2534184<li>2534656<li>2535208<li>2535520<li>2536088<li>2536432<li>2537000<li>2539232<li>2539688<li>2540144<li>2553128<li>2553696<li>2547192<li>2554128<li>2554488<li>2543136<li>2543608<li>2586592<li>2544552<li>2556944<li>2545928<li>2546352<li>2558456<li>2548416<li>2548888</ul><hr />{"success":true,"response":"164 products updated","redirect":null}[2025-12-01 16:33:47] Command triggered for store_id 1 with PID 20766
PHP Notice:  Undefined index: REQUEST_URI in /var/www/vhosts/wantadigital.com/www/theartisttree-mis/class/SessionManager.php on line 59
PHP Notice:  Undefined index: REQUEST_URI in /var/www/vhosts/wantadigital.com/www/theartisttree-mis/class/SessionManager.php on line 59
PHP Notice:  Undefined index: REQUEST_URI in /var/www/vhosts/wantadigital.com/www/theartisttree-mis/class/SessionManager.php on line 59
PHP Notice:  Undefined index: REQUEST_URI in /var/www/vhosts/wantadigital.com/www/theartisttree-mis/class/SessionManager.php on line 59
PHP Notice:  Undefined index: REQUEST_URI in /var/www/vhosts/wantadigital.com/www/theartisttree-mis/class/SessionManager.php on line 59
PHP Notice:  Undefined index: REQUEST_URI in /var/www/vhosts/wantadigital.com/www/theartisttree-mis/inc/security.php on line 41
<ul><li>West Hollywood<li>0 product(s) found for reset<li>164 product(s) found for discount<li>2459232<li>2459704<li>2460208<li>2460648<li>2461120<li>2461592<li>2462064<li>2462536<li>2463328<li>2463800<li>2464272<li>2464344<li>2464944<li>2465560<li>2466032<li>2510568<li>2511680<li>2468040<li>2468640<li>2469352<li>2469296<li>2513496<li>2470448<li>2470776<li>2471312<li>2471864<li>2472240<li>2473352<li>2472832<li>2473544<li>2505664<li>2475192<li>2502608<li>2475928<li>2476800<li>2480584<li>2477344<li>2477816<li>2482272<li>2480664<li>2480976<li>2481448<li>2481888<li>2482648<li>2483024<li>2483512<li>2483872<li>2484632<li>2485248<li>2485656<li>2486176<li>2486536<li>2487072<li>2487528<li>2487984<li>2489080<li>2489712<li>2490024<li>2490400<li>2490856<li>2491248<li>2491896<li>2492304<li>2492648<li>2493232<li>2493592<li>2493984<li>2494536<li>2495008<li>2495464<li>2495952<li>2497544<li>2498016<li>2498488<li>2498944<li>2499352<li>2499936<li>2500456<li>2539104<li>2501288<li>2501680<li>2502104<li>2502688<li>2503144<li>2503392<li>2504024<li>2504368<li>2504984<li>2505376<li>2505832<li>2506176<li>2506744<li>2507216<li>2507672<li>2508080<li>2508536<li>2508992<li>2509480<li>2509888<li>2510376<li>2510832<li>2511256<li>2511904<li>2517912<li>2518336<li>2518760<li>2519248<li>2519720<li>2520448<li>2520504<li>2520976<li>2521432<li>2522096<li>2522392<li>2522912<li>2523272<li>2523856<li>2515880<li>2524656<li>2525160<li>2525616<li>2526024<li>2526528<li>2526968<li>2527408<li>2527752<li>2528224<li>2528888<li>2529248<li>2529752<li>2530080<li>2530616<li>2530960<li>2531560<li>2531872<li>2532376<li>2538304<li>2533400<li>2533792<li>2534184<li>2534656<li>2535208<li>2535520<li>2536088<li>2536432<li>2537000<li>2539232<li>2539688<li>2540144<li>2553128<li>2553696<li>2547192<li>2554128<li>2554488<li>2543136<li>2543608<li>2586592<li>2544552<li>2556944<li>2545928<li>2546352<li>2558456<li>2548416<li>2548888</ul><hr />{"success":true,"response":"164 products updated","redirect":null}[2025-12-01 16:35:13] Command triggered for store_id 1 with PID 20934
PHP Notice:  Undefined index: REQUEST_URI in /var/www/vhosts/wantadigital.com/www/theartisttree-mis/class/SessionManager.php on line 59
PHP Notice:  Undefined index: REQUEST_URI in /var/www/vhosts/wantadigital.com/www/theartisttree-mis/class/SessionManager.php on line 59
PHP Notice:  Undefined index: REQUEST_URI in /var/www/vhosts/wantadigital.com/www/theartisttree-mis/class/SessionManager.php on line 59
PHP Notice:  Undefined index: REQUEST_URI in /var/www/vhosts/wantadigital.com/www/theartisttree-mis/class/SessionManager.php on line 59
PHP Notice:  Undefined index: REQUEST_URI in /var/www/vhosts/wantadigital.com/www/theartisttree-mis/class/SessionManager.php on line 59
PHP Notice:  Undefined index: REQUEST_URI in /var/www/vhosts/wantadigital.com/www/theartisttree-mis/inc/security.php on line 41
<ul><li>West Hollywood<li>0 product(s) found for reset<li>164 product(s) found for discount<li>2459232<li>2459704<li>2460208<li>2460648<li>2461120<li>2461592<li>2462064<li>2462536<li>2463328<li>2463800<li>2464272<li>2464344<li>2464944<li>2465560<li>2466032<li>2510568<li>2511680<li>2468040<li>2468640<li>2469352<li>2469296<li>2513496<li>2470448<li>2470776<li>2471312<li>2471864<li>2472240<li>2473352<li>2472832<li>2473544<li>2505664<li>2475192<li>2502608<li>2475928<li>2476800<li>2480584<li>2477344<li>2477816<li>2482272<li>2480664<li>2480976<li>2481448<li>2481888<li>2482648<li>2483024<li>2483512<li>2483872<li>2484632<li>2485248<li>2485656<li>2486176<li>2486536<li>2487072<li>2487528<li>2487984<li>2489080<li>2489712<li>2490024<li>2490400<li>2490856<li>2491248<li>2491896<li>2492304<li>2492648<li>2493232<li>2493592<li>2493984<li>2494536<li>2495008<li>2495464<li>2495952<li>2497544<li>2498016<li>2498488<li>2498944<li>2499352<li>2499936<li>2500456<li>2539104<li>2501288<li>2501680<li>2502104<li>2502688<li>2503144<li>2503392<li>2504024<li>2504368<li>2504984<li>2505376<li>2505832<li>2506176<li>2506744<li>2507216<li>2507672<li>2508080<li>2508536<li>2508992<li>2509480<li>2509888<li>2510376<li>2510832<li>2511256<li>2511904<li>2517912<li>2518336<li>2518760<li>2519248<li>2519720<li>2520448<li>2520504<li>2520976<li>2521432<li>2522096<li>2522392<li>2522912<li>2523272<li>2523856<li>2515880<li>2524656<li>2525160<li>2525616<li>2526024<li>2526528<li>2526968<li>2527408<li>2527752<li>2528224<li>2528888<li>2529248<li>2529752<li>2530080<li>2530616<li>2530960<li>2531560<li>2531872<li>2532376<li>2538304<li>2533400<li>2533792<li>2534184<li>2534656<li>2535208<li>2535520<li>2536088<li>2536432<li>2537000<li>2539232<li>2539688<li>2540144<li>2553128<li>2553696<li>2547192<li>2554128<li>2554488<li>2543136<li>2543608<li>2586592<li>2544552<li>2556944<li>2545928<li>2546352<li>2558456<li>2548416<li>2548888</ul><hr />{"success":true,"response":"164 products updated","redirect":null}[2025-12-01 16:40:11] Command triggered for store_id 1 with PID 21155
PHP Notice:  Undefined index: REQUEST_URI in /var/www/vhosts/wantadigital.com/www/theartisttree-mis/class/SessionManager.php on line 59
PHP Notice:  Undefined index: REQUEST_URI in /var/www/vhosts/wantadigital.com/www/theartisttree-mis/class/SessionManager.php on line 59
PHP Notice:  Undefined index: REQUEST_URI in /var/www/vhosts/wantadigital.com/www/theartisttree-mis/class/SessionManager.php on line 59
PHP Notice:  Undefined index: REQUEST_URI in /var/www/vhosts/wantadigital.com/www/theartisttree-mis/class/SessionManager.php on line 59
PHP Notice:  Undefined index: REQUEST_URI in /var/www/vhosts/wantadigital.com/www/theartisttree-mis/class/SessionManager.php on line 59
PHP Notice:  Undefined index: REQUEST_URI in /var/www/vhosts/wantadigital.com/www/theartisttree-mis/inc/security.php on line 41
<ul><li>West Hollywood<li>0 product(s) found for reset<li>0 product(s) found for discount</ul><hr />{"success":true,"response":"0 products updated","redirect":null}[2025-12-01 16:43:16] Command triggered for store_id 1 with PID 21372
PHP Notice:  Undefined index: REQUEST_URI in /var/www/vhosts/wantadigital.com/www/theartisttree-mis/class/SessionManager.php on line 59
PHP Notice:  Undefined index: REQUEST_URI in /var/www/vhosts/wantadigital.com/www/theartisttree-mis/class/SessionManager.php on line 59
PHP Notice:  Undefined index: REQUEST_URI in /var/www/vhosts/wantadigital.com/www/theartisttree-mis/class/SessionManager.php on line 59
PHP Notice:  Undefined index: REQUEST_URI in /var/www/vhosts/wantadigital.com/www/theartisttree-mis/class/SessionManager.php on line 59
PHP Notice:  Undefined index: REQUEST_URI in /var/www/vhosts/wantadigital.com/www/theartisttree-mis/class/SessionManager.php on line 59
PHP Notice:  Undefined index: REQUEST_URI in /var/www/vhosts/wantadigital.com/www/theartisttree-mis/inc/security.php on line 41
<ul><li>West Hollywood<li>0 product(s) found for reset<li>164 product(s) found for discount<li>2459232<li>2459704<li>2460208<li>2460648<li>2461120<li>2461592<li>2462064<li>2462536<li>2463328<li>2463800<li>2464272<li>2464344<li>2464944<li>2465560<li>2466032<li>2510568<li>2511680<li>2468040<li>2468640<li>2469352<li>2469296<li>2513496<li>2470448<li>2470776<li>2471312<li>2471864<li>2472240<li>2473352<li>2472832<li>2473544<li>2505664<li>2475192<li>2502608<li>2475928<li>2476800<li>2480584<li>2477344<li>2477816<li>2482272<li>2480664<li>2480976<li>2481448<li>2481888<li>2482648<li>2483024<li>2483512<li>2483872<li>2484632<li>2485248<li>2485656<li>2486176<li>2486536<li>2487072<li>2487528<li>2487984<li>2489080<li>2489712<li>2490024<li>2490400<li>2490856<li>2491248<li>2491896<li>2492304<li>2492648<li>2493232<li>2493592<li>2493984<li>2494536<li>2495008<li>2495464<li>2495952<li>2497544<li>2498016<li>2498488<li>2498944<li>2499352<li>2499936<li>2500456<li>2539104<li>2501288<li>2501680<li>2502104<li>2502688<li>2503144<li>2503392<li>2504024<li>2504368<li>2504984<li>2505376<li>2505832<li>2506176<li>2506744<li>2507216<li>2507672<li>2508080<li>2508536<li>2508992<li>2509480<li>2509888<li>2510376<li>2510832<li>2511256<li>2511904<li>2517912<li>2518336<li>2518760<li>2519248<li>2519720<li>2520448<li>2520504<li>2520976<li>2521432<li>2522096<li>2522392<li>2522912<li>2523272<li>2523856<li>2515880<li>2524656<li>2525160<li>2525616<li>2526024<li>2526528<li>2526968<li>2527408<li>2527752<li>2528224<li>2528888<li>2529248<li>2529752<li>2530080<li>2530616<li>2530960<li>2531560<li>2531872<li>2532376<li>2538304<li>2533400<li>2533792<li>2534184<li>2534656<li>2535208<li>2535520<li>2536088<li>2536432<li>2537000<li>2539232<li>2539688<li>2540144<li>2553128<li>2553696<li>2547192<li>2554128<li>2554488<li>2543136<li>2543608<li>2586592<li>2544552<li>2556944<li>2545928<li>2546352<li>2558456<li>2548416<li>2548888</ul><hr />{"success":true,"response":"164 products updated","redirect":null}[2025-12-01 16:49:06] Command triggered for store_id 1 with PID 21604
PHP Notice:  Undefined index: REQUEST_URI in /var/www/vhosts/wantadigital.com/www/theartisttree-mis/class/SessionManager.php on line 59
PHP Notice:  Undefined index: REQUEST_URI in /var/www/vhosts/wantadigital.com/www/theartisttree-mis/class/SessionManager.php on line 59
PHP Notice:  Undefined index: REQUEST_URI in /var/www/vhosts/wantadigital.com/www/theartisttree-mis/class/SessionManager.php on line 59
PHP Notice:  Undefined index: REQUEST_URI in /var/www/vhosts/wantadigital.com/www/theartisttree-mis/class/SessionManager.php on line 59
PHP Notice:  Undefined index: REQUEST_URI in /var/www/vhosts/wantadigital.com/www/theartisttree-mis/class/SessionManager.php on line 59
PHP Notice:  Undefined index: REQUEST_URI in /var/www/vhosts/wantadigital.com/www/theartisttree-mis/inc/security.php on line 41
<ul><li>West Hollywood<li>0 product(s) found for reset<li>0 product(s) found for discount</ul><hr />{"success":true,"response":"0 products updated","redirect":null}[2025-12-01 16:50:24] Command triggered for store_id 1 with PID 21710
PHP Notice:  Undefined index: REQUEST_URI in /var/www/vhosts/wantadigital.com/www/theartisttree-mis/class/SessionManager.php on line 59
PHP Notice:  Undefined index: REQUEST_URI in /var/www/vhosts/wantadigital.com/www/theartisttree-mis/class/SessionManager.php on line 59
PHP Notice:  Undefined index: REQUEST_URI in /var/www/vhosts/wantadigital.com/www/theartisttree-mis/class/SessionManager.php on line 59
PHP Notice:  Undefined index: REQUEST_URI in /var/www/vhosts/wantadigital.com/www/theartisttree-mis/class/SessionManager.php on line 59
PHP Notice:  Undefined index: REQUEST_URI in /var/www/vhosts/wantadigital.com/www/theartisttree-mis/class/SessionManager.php on line 59
PHP Notice:  Undefined index: REQUEST_URI in /var/www/vhosts/wantadigital.com/www/theartisttree-mis/inc/security.php on line 41
<ul><li>West Hollywood<li>0 product(s) found for reset<li>0 product(s) found for discount</ul><hr />{"success":true,"response":"0 products updated","redirect":null}