[2025-12-01 16:33:47] Command triggered for store_id 5 with PID 20772
PHP Notice:  Undefined index: REQUEST_URI in /var/www/vhosts/wantadigital.com/www/theartisttree-mis/class/SessionManager.php on line 59
PHP Notice:  Undefined index: REQUEST_URI in /var/www/vhosts/wantadigital.com/www/theartisttree-mis/class/SessionManager.php on line 59
PHP Notice:  Undefined index: REQUEST_URI in /var/www/vhosts/wantadigital.com/www/theartisttree-mis/class/SessionManager.php on line 59
PHP Notice:  Undefined index: REQUEST_URI in /var/www/vhosts/wantadigital.com/www/theartisttree-mis/class/SessionManager.php on line 59
PHP Notice:  Undefined index: REQUEST_URI in /var/www/vhosts/wantadigital.com/www/theartisttree-mis/class/SessionManager.php on line 59
PHP Notice:  Undefined index: REQUEST_URI in /var/www/vhosts/wantadigital.com/www/theartisttree-mis/inc/security.php on line 41
<ul><li>Riverside<li>0 product(s) found for reset<li>163 product(s) found for discount<li>2487464<li>2456992<li>2484408<li>2457728<li>2458600<li>2462384<li>2459144<li>2459616<li>2464072<li>2462768<li>2463240<li>2463744<li>2464184<li>2464656<li>2465128<li>2465600<li>2466072<li>2466864<li>2467336<li>2467808<li>2467880<li>2468416<li>2469096<li>2469568<li>2514104<li>2515216<li>2471576<li>2472176<li>2472888<li>2472832<li>2517032<li>2473984<li>2474312<li>2474848<li>2475400<li>2475776<li>2484664<li>2476368<li>2477192<li>2478992<li>2479304<li>2479776<li>2480216<li>2480976<li>2481352<li>2481728<li>2482200<li>2482960<li>2483576<li>2483984<li>2484504<li>2484864<li>2485400<li>2485856<li>2486200<li>2487408<li>2488040<li>2488352<li>2488728<li>2489184<li>2489576<li>2490224<li>2490632<li>2491088<li>2491560<li>2491920<li>2492312<li>2492864<li>2493224<li>2493792<li>2494280<li>2495872<li>2496344<li>2496816<li>2497272<li>2497680<li>2531784<li>2498592<li>2499160<li>2499552<li>2499976<li>2500560<li>2501016<li>2501264<li>2501784<li>2502240<li>2502856<li>2503248<li>2503704<li>2504048<li>2504616<li>2505088<li>2505432<li>2505952<li>2506408<li>2506864<li>2507240<li>2507760<li>2508248<li>2508704<li>2509128<li>2509776<li>2510152<li>2519888<li>2516632<li>2517120<li>2517592<li>2518320<li>2518376<li>2518848<li>2522952<li>2519968<li>2520248<li>2520784<li>2521144<li>2521728<li>2513752<li>2522528<li>2523032<li>2523376<li>2523896<li>2524288<li>2524840<li>2525280<li>2525624<li>2526096<li>2526632<li>2527008<li>2527624<li>2527952<li>2528376<li>2528944<li>2529432<li>2529744<li>2530248<li>2536176<li>2531272<li>2531664<li>2532168<li>2532528<li>2532968<li>2533392<li>2533960<li>2534304<li>2534872<li>2537104<li>2537560<li>2538016<li>2538152<li>2538720<li>2545064<li>2552000<li>2552360<li>2541008<li>2541480<li>2592240<li>2552792<li>2554816<li>2554200<li>2544224<li>2556328<li>2546288<li>2546760</ul><hr />{"success":true,"response":"163 products updated","redirect":null}[2025-12-01 16:35:13] Command triggered for store_id 5 with PID 20940
PHP Notice:  Undefined index: REQUEST_URI in /var/www/vhosts/wantadigital.com/www/theartisttree-mis/class/SessionManager.php on line 59
PHP Notice:  Undefined index: REQUEST_URI in /var/www/vhosts/wantadigital.com/www/theartisttree-mis/class/SessionManager.php on line 59
PHP Notice:  Undefined index: REQUEST_URI in /var/www/vhosts/wantadigital.com/www/theartisttree-mis/class/SessionManager.php on line 59
PHP Notice:  Undefined index: REQUEST_URI in /var/www/vhosts/wantadigital.com/www/theartisttree-mis/class/SessionManager.php on line 59
PHP Notice:  Undefined index: REQUEST_URI in /var/www/vhosts/wantadigital.com/www/theartisttree-mis/class/SessionManager.php on line 59
PHP Notice:  Undefined index: REQUEST_URI in /var/www/vhosts/wantadigital.com/www/theartisttree-mis/inc/security.php on line 41
<ul><li>Riverside<li>0 product(s) found for reset<li>163 product(s) found for discount<li>2487464<li>2456992<li>2484408<li>2457728<li>2458600<li>2462384<li>2459144<li>2459616<li>2464072<li>2462768<li>2463240<li>2463744<li>2464184<li>2464656<li>2465128<li>2465600<li>2466072<li>2466864<li>2467336<li>2467808<li>2467880<li>2468416<li>2469096<li>2469568<li>2514104<li>2515216<li>2471576<li>2472176<li>2472888<li>2472832<li>2517032<li>2473984<li>2474312<li>2474848<li>2475400<li>2475776<li>2484664<li>2476368<li>2477192<li>2478992<li>2479304<li>2479776<li>2480216<li>2480976<li>2481352<li>2481728<li>2482200<li>2482960<li>2483576<li>2483984<li>2484504<li>2484864<li>2485400<li>2485856<li>2486200<li>2487408<li>2488040<li>2488352<li>2488728<li>2489184<li>2489576<li>2490224<li>2490632<li>2491088<li>2491560<li>2491920<li>2492312<li>2492864<li>2493224<li>2493792<li>2494280<li>2495872<li>2496344<li>2496816<li>2497272<li>2497680<li>2531784<li>2498592<li>2499160<li>2499552<li>2499976<li>2500560<li>2501016<li>2501264<li>2501784<li>2502240<li>2502856<li>2503248<li>2503704<li>2504048<li>2504616<li>2505088<li>2505432<li>2505952<li>2506408<li>2506864<li>2507240<li>2507760<li>2508248<li>2508704<li>2509128<li>2509776<li>2510152<li>2519888<li>2516632<li>2517120<li>2517592<li>2518320<li>2518376<li>2518848<li>2522952<li>2519968<li>2520248<li>2520784<li>2521144<li>2521728<li>2513752<li>2522528<li>2523032<li>2523376<li>2523896<li>2524288<li>2524840<li>2525280<li>2525624<li>2526096<li>2526632<li>2527008<li>2527624<li>2527952<li>2528376<li>2528944<li>2529432<li>2529744<li>2530248<li>2536176<li>2531272<li>2531664<li>2532168<li>2532528<li>2532968<li>2533392<li>2533960<li>2534304<li>2534872<li>2537104<li>2537560<li>2538016<li>2538152<li>2538720<li>2545064<li>2552000<li>2552360<li>2541008<li>2541480<li>2592240<li>2552792<li>2554816<li>2554200<li>2544224<li>2556328<li>2546288<li>2546760</ul><hr />{"success":true,"response":"163 products updated","redirect":null}[2025-12-01 16:40:11] Command triggered for store_id 5 with PID 21161
PHP Notice:  Undefined index: REQUEST_URI in /var/www/vhosts/wantadigital.com/www/theartisttree-mis/class/SessionManager.php on line 59
PHP Notice:  Undefined index: REQUEST_URI in /var/www/vhosts/wantadigital.com/www/theartisttree-mis/class/SessionManager.php on line 59
PHP Notice:  Undefined index: REQUEST_URI in /var/www/vhosts/wantadigital.com/www/theartisttree-mis/class/SessionManager.php on line 59
PHP Notice:  Undefined index: REQUEST_URI in /var/www/vhosts/wantadigital.com/www/theartisttree-mis/class/SessionManager.php on line 59
PHP Notice:  Undefined index: REQUEST_URI in /var/www/vhosts/wantadigital.com/www/theartisttree-mis/class/SessionManager.php on line 59
PHP Notice:  Undefined index: REQUEST_URI in /var/www/vhosts/wantadigital.com/www/theartisttree-mis/inc/security.php on line 41
<ul><li>Riverside<li>0 product(s) found for reset<li>0 product(s) found for discount</ul><hr />{"success":true,"response":"0 products updated","redirect":null}[2025-12-01 16:43:16] Command triggered for store_id 5 with PID 21378
PHP Notice:  Undefined index: REQUEST_URI in /var/www/vhosts/wantadigital.com/www/theartisttree-mis/class/SessionManager.php on line 59
PHP Notice:  Undefined index: REQUEST_URI in /var/www/vhosts/wantadigital.com/www/theartisttree-mis/class/SessionManager.php on line 59
PHP Notice:  Undefined index: REQUEST_URI in /var/www/vhosts/wantadigital.com/www/theartisttree-mis/class/SessionManager.php on line 59
PHP Notice:  Undefined index: REQUEST_URI in /var/www/vhosts/wantadigital.com/www/theartisttree-mis/class/SessionManager.php on line 59
PHP Notice:  Undefined index: REQUEST_URI in /var/www/vhosts/wantadigital.com/www/theartisttree-mis/class/SessionManager.php on line 59
PHP Notice:  Undefined index: REQUEST_URI in /var/www/vhosts/wantadigital.com/www/theartisttree-mis/inc/security.php on line 41
<ul><li>Riverside<li>0 product(s) found for reset<li>163 product(s) found for discount<li>2487464<li>2456992<li>2484408<li>2457728<li>2458600<li>2462384<li>2459144<li>2459616<li>2464072<li>2462768<li>2463240<li>2463744<li>2464184<li>2464656<li>2465128<li>2465600<li>2466072<li>2466864<li>2467336<li>2467808<li>2467880<li>2468416<li>2469096<li>2469568<li>2514104<li>2515216<li>2471576<li>2472176<li>2472888<li>2472832<li>2517032<li>2473984<li>2474312<li>2474848<li>2475400<li>2475776<li>2484664<li>2476368<li>2477192<li>2478992<li>2479304<li>2479776<li>2480216<li>2480976<li>2481352<li>2481728<li>2482200<li>2482960<li>2483576<li>2483984<li>2484504<li>2484864<li>2485400<li>2485856<li>2486200<li>2487408<li>2488040<li>2488352<li>2488728<li>2489184<li>2489576<li>2490224<li>2490632<li>2491088<li>2491560<li>2491920<li>2492312<li>2492864<li>2493224<li>2493792<li>2494280<li>2495872<li>2496344<li>2496816<li>2497272<li>2497680<li>2531784<li>2498592<li>2499160<li>2499552<li>2499976<li>2500560<li>2501016<li>2501264<li>2501784<li>2502240<li>2502856<li>2503248<li>2503704<li>2504048<li>2504616<li>2505088<li>2505432<li>2505952<li>2506408<li>2506864<li>2507240<li>2507760<li>2508248<li>2508704<li>2509128<li>2509776<li>2510152<li>2519888<li>2516632<li>2517120<li>2517592<li>2518320<li>2518376<li>2518848<li>2522952<li>2519968<li>2520248<li>2520784<li>2521144<li>2521728<li>2513752<li>2522528<li>2523032<li>2523376<li>2523896<li>2524288<li>2524840<li>2525280<li>2525624<li>2526096<li>2526632<li>2527008<li>2527624<li>2527952<li>2528376<li>2528944<li>2529432<li>2529744<li>2530248<li>2536176<li>2531272<li>2531664<li>2532168<li>2532528<li>2532968<li>2533392<li>2533960<li>2534304<li>2534872<li>2537104<li>2537560<li>2538016<li>2538152<li>2538720<li>2545064<li>2552000<li>2552360<li>2541008<li>2541480<li>2592240<li>2552792<li>2554816<li>2554200<li>2544224<li>2556328<li>2546288<li>2546760</ul><hr />{"success":true,"response":"163 products updated","redirect":null}[2025-12-01 16:49:06] Command triggered for store_id 5 with PID 21610
PHP Notice:  Undefined index: REQUEST_URI in /var/www/vhosts/wantadigital.com/www/theartisttree-mis/class/SessionManager.php on line 59
PHP Notice:  Undefined index: REQUEST_URI in /var/www/vhosts/wantadigital.com/www/theartisttree-mis/class/SessionManager.php on line 59
PHP Notice:  Undefined index: REQUEST_URI in /var/www/vhosts/wantadigital.com/www/theartisttree-mis/class/SessionManager.php on line 59
PHP Notice:  Undefined index: REQUEST_URI in /var/www/vhosts/wantadigital.com/www/theartisttree-mis/class/SessionManager.php on line 59
PHP Notice:  Undefined index: REQUEST_URI in /var/www/vhosts/wantadigital.com/www/theartisttree-mis/class/SessionManager.php on line 59
PHP Notice:  Undefined index: REQUEST_URI in /var/www/vhosts/wantadigital.com/www/theartisttree-mis/inc/security.php on line 41
<ul><li>Riverside<li>0 product(s) found for reset<li>0 product(s) found for discount</ul><hr />{"success":true,"response":"0 products updated","redirect":null}[2025-12-01 16:50:24] Command triggered for store_id 5 with PID 21716
PHP Notice:  Undefined index: REQUEST_URI in /var/www/vhosts/wantadigital.com/www/theartisttree-mis/class/SessionManager.php on line 59
PHP Notice:  Undefined index: REQUEST_URI in /var/www/vhosts/wantadigital.com/www/theartisttree-mis/class/SessionManager.php on line 59
PHP Notice:  Undefined index: REQUEST_URI in /var/www/vhosts/wantadigital.com/www/theartisttree-mis/class/SessionManager.php on line 59
PHP Notice:  Undefined index: REQUEST_URI in /var/www/vhosts/wantadigital.com/www/theartisttree-mis/class/SessionManager.php on line 59
PHP Notice:  Undefined index: REQUEST_URI in /var/www/vhosts/wantadigital.com/www/theartisttree-mis/class/SessionManager.php on line 59
PHP Notice:  Undefined index: REQUEST_URI in /var/www/vhosts/wantadigital.com/www/theartisttree-mis/inc/security.php on line 41
<ul><li>Riverside<li>0 product(s) found for reset<li>0 product(s) found for discount</ul><hr />{"success":true,"response":"0 products updated","redirect":null}