[2025-12-02 10:07:46] Command triggered for store_id 1 with PID 4828
PHP Notice:  Undefined index: REQUEST_URI in /var/www/vhosts/wantadigital.com/www/theartisttree-mis/class/SessionManager.php on line 59
PHP Notice:  Undefined index: REQUEST_URI in /var/www/vhosts/wantadigital.com/www/theartisttree-mis/class/SessionManager.php on line 59
PHP Notice:  Undefined index: REQUEST_URI in /var/www/vhosts/wantadigital.com/www/theartisttree-mis/class/SessionManager.php on line 59
PHP Notice:  Undefined index: REQUEST_URI in /var/www/vhosts/wantadigital.com/www/theartisttree-mis/class/SessionManager.php on line 59
PHP Notice:  Undefined index: REQUEST_URI in /var/www/vhosts/wantadigital.com/www/theartisttree-mis/class/SessionManager.php on line 59
PHP Notice:  Undefined index: REQUEST_URI in /var/www/vhosts/wantadigital.com/www/theartisttree-mis/inc/security.php on line 41
<ul><li>West Hollywood<li>0 product(s) found for reset<li>0 product(s) found for discount</ul><hr />{"success":true,"response":"0 products updated","redirect":null}[2025-12-02 10:08:17] Command triggered for store_id 1 with PID 4902
PHP Notice:  Undefined index: REQUEST_URI in /var/www/vhosts/wantadigital.com/www/theartisttree-mis/class/SessionManager.php on line 59
PHP Notice:  Undefined index: REQUEST_URI in /var/www/vhosts/wantadigital.com/www/theartisttree-mis/class/SessionManager.php on line 59
PHP Notice:  Undefined index: REQUEST_URI in /var/www/vhosts/wantadigital.com/www/theartisttree-mis/class/SessionManager.php on line 59
PHP Notice:  Undefined index: REQUEST_URI in /var/www/vhosts/wantadigital.com/www/theartisttree-mis/class/SessionManager.php on line 59
PHP Notice:  Undefined index: REQUEST_URI in /var/www/vhosts/wantadigital.com/www/theartisttree-mis/class/SessionManager.php on line 59
PHP Notice:  Undefined index: REQUEST_URI in /var/www/vhosts/wantadigital.com/www/theartisttree-mis/inc/security.php on line 41
<ul><li>West Hollywood<li>0 product(s) found for reset<li>231 product(s) found for discount<li>2611592<li>2671256<li>2649152<li>2660632<li>2647296<li>2674088<li>2673296<li>2655896<li>2674992<li>2675448<li>2652976<li>2668904<li>2676624<li>2647496<li>2666128<li>2678200<li>2679312<li>2679768<li>2650064<li>2687816<li>2687408<li>2681304<li>2681104<li>2674464<li>2592360<li>2682880<li>2683448<li>2672000<li>2665752<li>2594560<li>2662088<li>2673904<li>2685976<li>2688656<li>2681656<li>2668056<li>2689432<li>2690560<li>2631768<li>2690784<li>2690952<li>2683344<li>2691704<li>2669088<li>2669272<li>2693024<li>2670536<li>2693904<li>2694504<li>2671488<li>2694856<li>2695584<li>2688472<li>2696960<li>2674152<li>2697616<li>2676232<li>2686176<li>2687176<li>2699248<li>2609640<li>2706648<li>2700712<li>2701024<li>2701240<li>2701056<li>2617472<li>2714296<li>2708592<li>2708904<li>2708704<li>2709376<li>2716072<li>2687504<li>2710584<li>2687264<li>2717864<li>2689552<li>2682120<li>2690080<li>2675448<li>2690896<li>2714264<li>2696208<li>2714888<li>2708336<li>2693048<li>2626432<li>2694072<li>2717280<li>2717704<li>2718400<li>2700264<li>2723824<li>2720920<li>2696864<li>2720232<li>2697904<li>2721800<li>2721712<li>2721832<li>2722464<li>2710584<li>2723792<li>2723960<li>2696864<li>2697336<li>2709096<li>2698184<li>2649088<li>2710464<li>2699552<li>2651144<li>2711792<li>2706120<li>2706576<li>2702152<li>2708672<li>2709128<li>2703584<li>2704040<li>2697776<li>2705592<li>2716992<li>2699080<li>2711664<li>2712120<li>2712576<li>2708232<li>2708704<li>2713928<li>2672048<li>2710432<li>2715296<li>2710984<li>2711440<li>2716776<li>2724640<li>2725456<li>2719424<li>2715000<li>2720224<li>2720968<li>2727376<li>2655144<li>2722048<li>2717800<li>2724192<li>2718712<li>2723984<li>2724264<li>2731024<li>2731480<li>2720960<li>2732376<li>2732832<li>2727336<li>2727616<li>2729552<li>2723560<li>2735112<li>2724560<li>2729896<li>2730352<li>2736936<li>2730120<li>2726872<li>2732160<li>2727736<li>2738704<li>2734280<li>2734736<li>2735192<li>2740528<li>2740952<li>2736544<li>2755840<li>2742336<li>2737976<li>2738368<li>2685680<li>2683544<li>2744720<li>2738808<li>2746272<li>2746744<li>2747200<li>2740600<li>2748160<li>2730016<li>2749264<li>2742680<li>2743120<li>2750584<li>2744000<li>2751464<li>2752544<li>2753016<li>2753440<li>2746856<li>2725056<li>2754792<li>2696336<li>2755056<li>2689000<li>2689040<li>2726864<li>2756376<li>2702272<li>2750456<li>2703168<li>2758344<li>2757616<li>2759816<li>2761008<li>2761432<li>2754848<li>2707576<li>2755712<li>2763184<li>2763624<li>2750016<li>2763336<li>2758296<li>2765224<li>2765840<li>2759256<li>2777176<li>2760136<li>2767632<li>2761032</ul><hr />{"success":true,"response":"226 products updated","redirect":null}[2025-12-02 10:16:33] Command triggered for store_id 1 with PID 5364
PHP Notice:  Undefined index: REQUEST_URI in /var/www/vhosts/wantadigital.com/www/theartisttree-mis/class/SessionManager.php on line 59
PHP Notice:  Undefined index: REQUEST_URI in /var/www/vhosts/wantadigital.com/www/theartisttree-mis/class/SessionManager.php on line 59
PHP Notice:  Undefined index: REQUEST_URI in /var/www/vhosts/wantadigital.com/www/theartisttree-mis/class/SessionManager.php on line 59
PHP Notice:  Undefined index: REQUEST_URI in /var/www/vhosts/wantadigital.com/www/theartisttree-mis/class/SessionManager.php on line 59
PHP Notice:  Undefined index: REQUEST_URI in /var/www/vhosts/wantadigital.com/www/theartisttree-mis/class/SessionManager.php on line 59
PHP Notice:  Undefined index: REQUEST_URI in /var/www/vhosts/wantadigital.com/www/theartisttree-mis/inc/security.php on line 41
<ul><li>West Hollywood<li>0 product(s) found for reset<li>0 product(s) found for discount</ul><hr />{"success":true,"response":"0 products updated","redirect":null}[2025-12-02 10:17:10] Command triggered for store_id 1 with PID 5674
PHP Notice:  Undefined index: REQUEST_URI in /var/www/vhosts/wantadigital.com/www/theartisttree-mis/class/SessionManager.php on line 59
PHP Notice:  Undefined index: REQUEST_URI in /var/www/vhosts/wantadigital.com/www/theartisttree-mis/class/SessionManager.php on line 59
PHP Notice:  Undefined index: REQUEST_URI in /var/www/vhosts/wantadigital.com/www/theartisttree-mis/class/SessionManager.php on line 59
PHP Notice:  Undefined index: REQUEST_URI in /var/www/vhosts/wantadigital.com/www/theartisttree-mis/class/SessionManager.php on line 59
PHP Notice:  Undefined index: REQUEST_URI in /var/www/vhosts/wantadigital.com/www/theartisttree-mis/class/SessionManager.php on line 59
PHP Notice:  Undefined index: REQUEST_URI in /var/www/vhosts/wantadigital.com/www/theartisttree-mis/inc/security.php on line 41
<ul><li>West Hollywood<li>0 product(s) found for reset<li>0 product(s) found for discount</ul><hr />{"success":true,"response":"0 products updated","redirect":null}[2025-12-02 10:31:18] Command triggered for store_id 1 with PID 6194
PHP Notice:  Undefined index: REQUEST_URI in /var/www/vhosts/wantadigital.com/www/theartisttree-mis/class/SessionManager.php on line 59
PHP Notice:  Undefined index: REQUEST_URI in /var/www/vhosts/wantadigital.com/www/theartisttree-mis/class/SessionManager.php on line 59
PHP Notice:  Undefined index: REQUEST_URI in /var/www/vhosts/wantadigital.com/www/theartisttree-mis/class/SessionManager.php on line 59
PHP Notice:  Undefined index: REQUEST_URI in /var/www/vhosts/wantadigital.com/www/theartisttree-mis/class/SessionManager.php on line 59
PHP Notice:  Undefined index: REQUEST_URI in /var/www/vhosts/wantadigital.com/www/theartisttree-mis/class/SessionManager.php on line 59
PHP Notice:  Undefined index: REQUEST_URI in /var/www/vhosts/wantadigital.com/www/theartisttree-mis/inc/security.php on line 41
<ul><li>West Hollywood<li>147 product(s) found for reset<li>2444544<li>2474936<li>2475168<li>2467992<li>2486944<li>2468968<li>2477264<li>2486720<li>2470160<li>2534256<li>2488760<li>2481960<li>2472608<li>2472840<li>2480544<li>2473736<li>2472712<li>2472648<li>2475640<li>2472160<li>2472160<li>2472096<li>2472160<li>2472160<li>2473088<li>2473504<li>2474248<li>2474352<li>2474776<li>2475248<li>2475768<li>2476360<li>2476448<li>2476880<li>2476496<li>2476584<li>2477376<li>2481344<li>2477968<li>2481280<li>2477904<li>2481760<li>2478032<li>2477696<li>2477928<li>2480784<li>2479536<li>2479536<li>2479504<li>2479504<li>2478856<li>2476056<li>2478776<li>2478776<li>2478776<li>2478888<li>2478776<li>2478888<li>2478776<li>2479080<li>2478776<li>2478872<li>2478872<li>2541064<li>2478664<li>2478664<li>2478664<li>2482440<li>2478776<li>2478920<li>2478888<li>2478776<li>2478776<li>2478856<li>2478776<li>2478776<li>2478872<li>2478744<li>2478744<li>2478904<li>2470328<li>2478872<li>2478776<li>2478632<li>2482424<li>2478920<li>2478664<li>2541064<li>2479080<li>2478632<li>2478744<li>2478776<li>2541064<li>2478776<li>2478984<li>2478744<li>2478664<li>2479112<li>2480600<li>2483664<li>2483696<li>2483664<li>2483632<li>2480064<li>2480064<li>2480032<li>2483728<li>2488992<li>2495664<li>2489712<li>2483616<li>2483160<li>2490128<li>2487560<li>2491016<li>2491632<li>2492880<li>2485816<li>2552200<li>2486280<li>2493376<li>2494912<li>2487752<li>2494912<li>2495872<li>2496432<li>2496736<li>2497160<li>2497592<li>2491688<li>2491528<li>2495320<li>2491608<li>2491528<li>2497400<li>2491560<li>2491576<li>2490712<li>2491512<li>2462328<li>2495096<li>2491688<li>2491560<li>2491416<li>2495272<li>2488992<li>2491552<li>0 product(s) found for discount</ul><hr />{"success":true,"response":"48 products updated","redirect":null}[2025-12-02 10:35:25] Command triggered for store_id 1 with PID 6409
PHP Notice:  Undefined index: REQUEST_URI in /var/www/vhosts/wantadigital.com/www/theartisttree-mis/class/SessionManager.php on line 59
PHP Notice:  Undefined index: REQUEST_URI in /var/www/vhosts/wantadigital.com/www/theartisttree-mis/class/SessionManager.php on line 59
PHP Notice:  Undefined index: REQUEST_URI in /var/www/vhosts/wantadigital.com/www/theartisttree-mis/class/SessionManager.php on line 59
PHP Notice:  Undefined index: REQUEST_URI in /var/www/vhosts/wantadigital.com/www/theartisttree-mis/class/SessionManager.php on line 59
PHP Notice:  Undefined index: REQUEST_URI in /var/www/vhosts/wantadigital.com/www/theartisttree-mis/class/SessionManager.php on line 59
PHP Notice:  Undefined index: REQUEST_URI in /var/www/vhosts/wantadigital.com/www/theartisttree-mis/inc/security.php on line 41
<ul><li>West Hollywood<li>147 product(s) found for reset<li>2444544<li>2453640<li>2453432<li>2445800<li>2464296<li>2445864<li>2453704<li>2462664<li>2445704<li>2508984<li>2463032<li>2455848<li>2446056<li>2445832<li>2453096<li>2445832<li>2444776<li>2444712<li>2447704<li>2444224<li>2444224<li>2444160<li>2444224<li>2444224<li>2445152<li>2444752<li>2445040<li>2444688<li>2444656<li>2444688<li>2444752<li>2445296<li>2444976<li>2445360<li>2444976<li>2444656<li>2444688<li>2448608<li>2445232<li>2448544<li>2445168<li>2449024<li>2445296<li>2444960<li>2444784<li>2446776<li>2445496<li>2445496<li>2445464<li>2445464<li>2444816<li>2442016<li>2444736<li>2444736<li>2444736<li>2444848<li>2444736<li>2444848<li>2444736<li>2445040<li>2444736<li>2444832<li>2444832<li>2507024<li>2444624<li>2444624<li>2444624<li>2448400<li>2444736<li>2444880<li>2444848<li>2444736<li>2444736<li>2444816<li>2444736<li>2444736<li>2444832<li>2444704<li>2444704<li>2444864<li>2436288<li>2444832<li>2444736<li>2444592<li>2448384<li>2444880<li>2444624<li>2507024<li>2445040<li>2444592<li>2444704<li>2444736<li>2507024<li>2444736<li>2444944<li>2444704<li>2444624<li>2445072<li>2446560<li>2449624<li>2449656<li>2449624<li>2449592<li>2446024<li>2446024<li>2445992<li>2449688<li>2454136<li>2460312<li>2453976<li>2447448<li>2446552<li>2453080<li>2450024<li>2453096<li>2452904<li>2453736<li>2446648<li>2512568<li>2446264<li>2452872<li>2454008<li>2446408<li>2453128<li>2452936<li>2453096<li>2452904<li>2452872<li>2452904<li>2446568<li>2446360<li>2450152<li>2446440<li>2446360<li>2452232<li>2446392<li>2446408<li>2445544<li>2446344<li>2417160<li>2449928<li>2446520<li>2446392<li>2446248<li>2450104<li>2443824<li>2446384<li>0 product(s) found for discount</ul><hr />{"success":true,"response":"0 products updated","redirect":null}[2025-12-02 10:52:16] Command triggered for store_id 1 with PID 7618
PHP Notice:  Undefined index: REQUEST_URI in /var/www/vhosts/wantadigital.com/www/theartisttree-mis/class/SessionManager.php on line 59
PHP Notice:  Undefined index: REQUEST_URI in /var/www/vhosts/wantadigital.com/www/theartisttree-mis/class/SessionManager.php on line 59
PHP Notice:  Undefined index: REQUEST_URI in /var/www/vhosts/wantadigital.com/www/theartisttree-mis/class/SessionManager.php on line 59
PHP Notice:  Undefined index: REQUEST_URI in /var/www/vhosts/wantadigital.com/www/theartisttree-mis/class/SessionManager.php on line 59
PHP Notice:  Undefined index: REQUEST_URI in /var/www/vhosts/wantadigital.com/www/theartisttree-mis/class/SessionManager.php on line 59
PHP Notice:  Undefined index: REQUEST_URI in /var/www/vhosts/wantadigital.com/www/theartisttree-mis/inc/security.php on line 41
<ul><li>West Hollywood<li>147 product(s) found for reset<li>2444544<li>2453640<li>2453432<li>2445800<li>2464296<li>2445864<li>2453704<li>2462664<li>2445704<li>2508984<li>2463032<li>2455848<li>2446056<li>2445832<li>2453096<li>2445832<li>2444776<li>2444712<li>2447704<li>2444224<li>2444224<li>2444160<li>2444224<li>2444224<li>2445152<li>2444752<li>2445040<li>2444688<li>2444656<li>2444688<li>2444752<li>2445296<li>2444976<li>2445360<li>2444976<li>2444656<li>2444688<li>2448608<li>2445232<li>2448544<li>2445168<li>2449024<li>2445296<li>2444960<li>2444784<li>2446776<li>2445496<li>2445496<li>2445464<li>2445464<li>2444816<li>2442016<li>2444736<li>2444736<li>2444736<li>2444848<li>2444736<li>2444848<li>2444736<li>2445040<li>2444736<li>2444832<li>2444832<li>2507024<li>2444624<li>2444624<li>2444624<li>2448400<li>2444736<li>2444880<li>2444848<li>2444736<li>2444736<li>2444816<li>2444736<li>2444736<li>2444832<li>2444704<li>2444704<li>2444864<li>2436288<li>2444832<li>2444736<li>2444592<li>2448384<li>2444880<li>2444624<li>2507024<li>2445040<li>2444592<li>2444704<li>2444736<li>2507024<li>2444736<li>2444944<li>2444704<li>2444624<li>2445072<li>2446560<li>2449624<li>2449656<li>2449624<li>2449592<li>2446024<li>2446024<li>2445992<li>2449688<li>2454136<li>2460312<li>2453976<li>2447448<li>2446552<li>2453080<li>2450024<li>2453096<li>2452904<li>2453736<li>2446648<li>2512568<li>2446264<li>2452872<li>2454008<li>2446408<li>2453128<li>2452936<li>2453096<li>2452904<li>2452872<li>2452904<li>2446568<li>2446360<li>2450152<li>2446440<li>2446360<li>2452232<li>2446392<li>2446408<li>2445544<li>2446344<li>2417160<li>2449928<li>2446520<li>2446392<li>2446248<li>2450104<li>2443824<li>2446384<li>0 product(s) found for discount</ul><hr />{"success":true,"response":"0 products updated","redirect":null}