[2025-12-01 16:33:47] Command triggered for store_id 11 with PID 20784
PHP Notice:  Undefined index: REQUEST_URI in /var/www/vhosts/wantadigital.com/www/theartisttree-mis/class/SessionManager.php on line 59
PHP Notice:  Undefined index: REQUEST_URI in /var/www/vhosts/wantadigital.com/www/theartisttree-mis/class/SessionManager.php on line 59
PHP Notice:  Undefined index: REQUEST_URI in /var/www/vhosts/wantadigital.com/www/theartisttree-mis/class/SessionManager.php on line 59
PHP Notice:  Undefined index: REQUEST_URI in /var/www/vhosts/wantadigital.com/www/theartisttree-mis/class/SessionManager.php on line 59
PHP Notice:  Undefined index: REQUEST_URI in /var/www/vhosts/wantadigital.com/www/theartisttree-mis/class/SessionManager.php on line 59
PHP Notice:  Undefined index: REQUEST_URI in /var/www/vhosts/wantadigital.com/www/theartisttree-mis/inc/security.php on line 41
<ul><li>Fresno Shaw<li>0 product(s) found for reset<li>164 product(s) found for discount<li>2456880<li>2467912<li>2468272<li>2456920<li>2457392<li>2500376<li>2458336<li>2470728<li>2459712<li>2460136<li>2472240<li>2462200<li>2462672<li>2463128<li>2463600<li>2464104<li>2464544<li>2465016<li>2465488<li>2465960<li>2466432<li>2467224<li>2467696<li>2468168<li>2468240<li>2468776<li>2469456<li>2469928<li>2514464<li>2515576<li>2471936<li>2472424<li>2473248<li>2473192<li>2517392<li>2474344<li>2474672<li>2475208<li>2475760<li>2476136<li>2477248<li>2478888<li>2479344<li>2479800<li>2479936<li>2480504<li>2481696<li>2481784<li>2482256<li>2482696<li>2483344<li>2483832<li>2484320<li>2484680<li>2485424<li>2486056<li>2486464<li>2486872<li>2487344<li>2487880<li>2488224<li>2488680<li>2489776<li>2490648<li>2490832<li>2491208<li>2491664<li>2492056<li>2492592<li>2493112<li>2493456<li>2494040<li>2494400<li>2494792<li>2495344<li>2495816<li>2496272<li>2496760<li>2498352<li>2498824<li>2499296<li>2499752<li>2500272<li>2500744<li>2501264<li>2539800<li>2501984<li>2502488<li>2502912<li>2503496<li>2503952<li>2504200<li>2504720<li>2505176<li>2505792<li>2506184<li>2506528<li>2506984<li>2507440<li>2508024<li>2508368<li>2508888<li>2509344<li>2509688<li>2510176<li>2510696<li>2511072<li>2511640<li>2512064<li>2512776<li>2518944<li>2519144<li>2519568<li>2519944<li>2520528<li>2521384<li>2521312<li>2521784<li>2522240<li>2522904<li>2523200<li>2523720<li>2524080<li>2524664<li>2516688<li>2525400<li>2525856<li>2526424<li>2526832<li>2527224<li>2527776<li>2528216<li>2528560<li>2529032<li>2529568<li>2529944<li>2530560<li>2530888<li>2531312<li>2531880<li>2532256<li>2532680<li>2533184<li>2534904<li>2534208<li>2534600<li>2534992<li>2535464<li>2535904<li>2536328<li>2536784<li>2537240<li>2537696<li>2538776<li>2539488<li>2567624<li>2541248<li>2568664<li>2541984<li>2542856<li>2546640<li>2543400<li>2543872<li>2548328</ul><hr />{"success":true,"response":"164 products updated","redirect":null}[2025-12-01 16:35:13] Command triggered for store_id 11 with PID 20952
PHP Notice:  Undefined index: REQUEST_URI in /var/www/vhosts/wantadigital.com/www/theartisttree-mis/class/SessionManager.php on line 59
PHP Notice:  Undefined index: REQUEST_URI in /var/www/vhosts/wantadigital.com/www/theartisttree-mis/class/SessionManager.php on line 59
PHP Notice:  Undefined index: REQUEST_URI in /var/www/vhosts/wantadigital.com/www/theartisttree-mis/class/SessionManager.php on line 59
PHP Notice:  Undefined index: REQUEST_URI in /var/www/vhosts/wantadigital.com/www/theartisttree-mis/class/SessionManager.php on line 59
PHP Notice:  Undefined index: REQUEST_URI in /var/www/vhosts/wantadigital.com/www/theartisttree-mis/class/SessionManager.php on line 59
PHP Notice:  Undefined index: REQUEST_URI in /var/www/vhosts/wantadigital.com/www/theartisttree-mis/inc/security.php on line 41
<ul><li>Fresno Shaw<li>0 product(s) found for reset<li>164 product(s) found for discount<li>2456880<li>2467912<li>2468272<li>2456920<li>2457392<li>2500376<li>2458336<li>2470728<li>2459712<li>2460136<li>2472240<li>2462200<li>2462672<li>2463128<li>2463600<li>2464104<li>2464544<li>2465016<li>2465488<li>2465960<li>2466432<li>2467224<li>2467696<li>2468168<li>2468240<li>2468776<li>2469456<li>2469928<li>2514464<li>2515576<li>2471936<li>2472424<li>2473248<li>2473192<li>2517392<li>2474344<li>2474672<li>2475208<li>2475760<li>2476136<li>2477248<li>2478888<li>2479344<li>2479800<li>2479936<li>2480504<li>2481696<li>2481784<li>2482256<li>2482696<li>2483344<li>2483832<li>2484320<li>2484680<li>2485424<li>2486056<li>2486464<li>2486872<li>2487344<li>2487880<li>2488224<li>2488680<li>2489776<li>2490648<li>2490832<li>2491208<li>2491664<li>2492056<li>2492592<li>2493112<li>2493456<li>2494040<li>2494400<li>2494792<li>2495344<li>2495816<li>2496272<li>2496760<li>2498352<li>2498824<li>2499296<li>2499752<li>2500272<li>2500744<li>2501264<li>2539800<li>2501984<li>2502488<li>2502912<li>2503496<li>2503952<li>2504200<li>2504720<li>2505176<li>2505792<li>2506184<li>2506528<li>2506984<li>2507440<li>2508024<li>2508368<li>2508888<li>2509344<li>2509688<li>2510176<li>2510696<li>2511072<li>2511640<li>2512064<li>2512776<li>2518944<li>2519144<li>2519568<li>2519944<li>2520528<li>2521384<li>2521312<li>2521784<li>2522240<li>2522904<li>2523200<li>2523720<li>2524080<li>2524664<li>2516688<li>2525400<li>2525856<li>2526424<li>2526832<li>2527224<li>2527776<li>2528216<li>2528560<li>2529032<li>2529568<li>2529944<li>2530560<li>2530888<li>2531312<li>2531880<li>2532256<li>2532680<li>2533184<li>2534904<li>2534208<li>2534600<li>2534992<li>2535464<li>2535904<li>2536328<li>2536784<li>2537240<li>2537696<li>2538776<li>2539488<li>2567624<li>2541248<li>2568664<li>2541984<li>2542856<li>2546640<li>2543400<li>2543872<li>2548328</ul><hr />{"success":true,"response":"164 products updated","redirect":null}[2025-12-01 16:40:11] Command triggered for store_id 11 with PID 21173
PHP Notice:  Undefined index: REQUEST_URI in /var/www/vhosts/wantadigital.com/www/theartisttree-mis/class/SessionManager.php on line 59
PHP Notice:  Undefined index: REQUEST_URI in /var/www/vhosts/wantadigital.com/www/theartisttree-mis/class/SessionManager.php on line 59
PHP Notice:  Undefined index: REQUEST_URI in /var/www/vhosts/wantadigital.com/www/theartisttree-mis/class/SessionManager.php on line 59
PHP Notice:  Undefined index: REQUEST_URI in /var/www/vhosts/wantadigital.com/www/theartisttree-mis/class/SessionManager.php on line 59
PHP Notice:  Undefined index: REQUEST_URI in /var/www/vhosts/wantadigital.com/www/theartisttree-mis/class/SessionManager.php on line 59
PHP Notice:  Undefined index: REQUEST_URI in /var/www/vhosts/wantadigital.com/www/theartisttree-mis/inc/security.php on line 41
<ul><li>Fresno Shaw<li>0 product(s) found for reset<li>0 product(s) found for discount</ul><hr />{"success":true,"response":"0 products updated","redirect":null}[2025-12-01 16:43:16] Command triggered for store_id 11 with PID 21390
PHP Notice:  Undefined index: REQUEST_URI in /var/www/vhosts/wantadigital.com/www/theartisttree-mis/class/SessionManager.php on line 59
PHP Notice:  Undefined index: REQUEST_URI in /var/www/vhosts/wantadigital.com/www/theartisttree-mis/class/SessionManager.php on line 59
PHP Notice:  Undefined index: REQUEST_URI in /var/www/vhosts/wantadigital.com/www/theartisttree-mis/class/SessionManager.php on line 59
PHP Notice:  Undefined index: REQUEST_URI in /var/www/vhosts/wantadigital.com/www/theartisttree-mis/class/SessionManager.php on line 59
PHP Notice:  Undefined index: REQUEST_URI in /var/www/vhosts/wantadigital.com/www/theartisttree-mis/class/SessionManager.php on line 59
PHP Notice:  Undefined index: REQUEST_URI in /var/www/vhosts/wantadigital.com/www/theartisttree-mis/inc/security.php on line 41
<ul><li>Fresno Shaw<li>0 product(s) found for reset<li>164 product(s) found for discount<li>2456880<li>2467912<li>2468272<li>2456920<li>2457392<li>2500376<li>2458336<li>2470728<li>2459712<li>2460136<li>2472240<li>2462200<li>2462672<li>2463128<li>2463600<li>2464104<li>2464544<li>2465016<li>2465488<li>2465960<li>2466432<li>2467224<li>2467696<li>2468168<li>2468240<li>2468776<li>2469456<li>2469928<li>2514464<li>2515576<li>2471936<li>2472424<li>2473248<li>2473192<li>2517392<li>2474344<li>2474672<li>2475208<li>2475760<li>2476136<li>2477248<li>2478888<li>2479344<li>2479800<li>2479936<li>2480504<li>2481696<li>2481784<li>2482256<li>2482696<li>2483344<li>2483832<li>2484320<li>2484680<li>2485424<li>2486056<li>2486464<li>2486872<li>2487344<li>2487880<li>2488224<li>2488680<li>2489776<li>2490648<li>2490832<li>2491208<li>2491664<li>2492056<li>2492592<li>2493112<li>2493456<li>2494040<li>2494400<li>2494792<li>2495344<li>2495816<li>2496272<li>2496760<li>2498352<li>2498824<li>2499296<li>2499752<li>2500272<li>2500744<li>2501264<li>2539800<li>2501984<li>2502488<li>2502912<li>2503496<li>2503952<li>2504200<li>2504720<li>2505176<li>2505792<li>2506184<li>2506528<li>2506984<li>2507440<li>2508024<li>2508368<li>2508888<li>2509344<li>2509688<li>2510176<li>2510696<li>2511072<li>2511640<li>2512064<li>2512776<li>2518944<li>2519144<li>2519568<li>2519944<li>2520528<li>2521384<li>2521312<li>2521784<li>2522240<li>2522904<li>2523200<li>2523720<li>2524080<li>2524664<li>2516688<li>2525400<li>2525856<li>2526424<li>2526832<li>2527224<li>2527776<li>2528216<li>2528560<li>2529032<li>2529568<li>2529944<li>2530560<li>2530888<li>2531312<li>2531880<li>2532256<li>2532680<li>2533184<li>2534904<li>2534208<li>2534600<li>2534992<li>2535464<li>2535904<li>2536328<li>2536784<li>2537240<li>2537696<li>2538776<li>2539488<li>2567624<li>2541248<li>2568664<li>2541984<li>2542856<li>2546640<li>2543400<li>2543872<li>2548328</ul><hr />{"success":true,"response":"164 products updated","redirect":null}[2025-12-01 16:49:06] Command triggered for store_id 11 with PID 21622
PHP Notice:  Undefined index: REQUEST_URI in /var/www/vhosts/wantadigital.com/www/theartisttree-mis/class/SessionManager.php on line 59
PHP Notice:  Undefined index: REQUEST_URI in /var/www/vhosts/wantadigital.com/www/theartisttree-mis/class/SessionManager.php on line 59
PHP Notice:  Undefined index: REQUEST_URI in /var/www/vhosts/wantadigital.com/www/theartisttree-mis/class/SessionManager.php on line 59
PHP Notice:  Undefined index: REQUEST_URI in /var/www/vhosts/wantadigital.com/www/theartisttree-mis/class/SessionManager.php on line 59
PHP Notice:  Undefined index: REQUEST_URI in /var/www/vhosts/wantadigital.com/www/theartisttree-mis/class/SessionManager.php on line 59
PHP Notice:  Undefined index: REQUEST_URI in /var/www/vhosts/wantadigital.com/www/theartisttree-mis/inc/security.php on line 41
<ul><li>Fresno Shaw<li>0 product(s) found for reset<li>0 product(s) found for discount</ul><hr />{"success":true,"response":"0 products updated","redirect":null}[2025-12-01 16:50:24] Command triggered for store_id 11 with PID 21728
PHP Notice:  Undefined index: REQUEST_URI in /var/www/vhosts/wantadigital.com/www/theartisttree-mis/class/SessionManager.php on line 59
PHP Notice:  Undefined index: REQUEST_URI in /var/www/vhosts/wantadigital.com/www/theartisttree-mis/class/SessionManager.php on line 59
PHP Notice:  Undefined index: REQUEST_URI in /var/www/vhosts/wantadigital.com/www/theartisttree-mis/class/SessionManager.php on line 59
PHP Notice:  Undefined index: REQUEST_URI in /var/www/vhosts/wantadigital.com/www/theartisttree-mis/class/SessionManager.php on line 59
PHP Notice:  Undefined index: REQUEST_URI in /var/www/vhosts/wantadigital.com/www/theartisttree-mis/class/SessionManager.php on line 59
PHP Notice:  Undefined index: REQUEST_URI in /var/www/vhosts/wantadigital.com/www/theartisttree-mis/inc/security.php on line 41
<ul><li>Fresno Shaw<li>0 product(s) found for reset<li>0 product(s) found for discount</ul><hr />{"success":true,"response":"0 products updated","redirect":null}