[2025-12-01 16:33:47] Command triggered for store_id 4 with PID 20770
PHP Notice:  Undefined index: REQUEST_URI in /var/www/vhosts/wantadigital.com/www/theartisttree-mis/class/SessionManager.php on line 59
PHP Notice:  Undefined index: REQUEST_URI in /var/www/vhosts/wantadigital.com/www/theartisttree-mis/class/SessionManager.php on line 59
PHP Notice:  Undefined index: REQUEST_URI in /var/www/vhosts/wantadigital.com/www/theartisttree-mis/class/SessionManager.php on line 59
PHP Notice:  Undefined index: REQUEST_URI in /var/www/vhosts/wantadigital.com/www/theartisttree-mis/class/SessionManager.php on line 59
PHP Notice:  Undefined index: REQUEST_URI in /var/www/vhosts/wantadigital.com/www/theartisttree-mis/class/SessionManager.php on line 59
PHP Notice:  Undefined index: REQUEST_URI in /var/www/vhosts/wantadigital.com/www/theartisttree-mis/inc/security.php on line 41
<ul><li>Koreatown<li>0 product(s) found for reset<li>164 product(s) found for discount<li>2458928<li>2459240<li>2459824<li>2460152<li>2460912<li>2461288<li>2461776<li>2462136<li>2462880<li>2463512<li>2463920<li>2464440<li>2464800<li>2465336<li>2465792<li>2466248<li>2467344<li>2471656<li>2468288<li>2468664<li>2469120<li>2469512<li>2470160<li>2470568<li>2471024<li>2471496<li>2471856<li>2472248<li>2472800<li>2473272<li>2473600<li>2474216<li>2475808<li>2476168<li>2476752<li>2477208<li>2477600<li>2478200<li>2478720<li>2517368<li>2479552<li>2479944<li>2480352<li>2480952<li>2481408<li>2481656<li>2482288<li>2482632<li>2483248<li>2483640<li>2484096<li>2484440<li>2485008<li>2485480<li>2485936<li>2486344<li>2486800<li>2487256<li>2487744<li>2488152<li>2488640<li>2489096<li>2489632<li>2490168<li>2496176<li>2496600<li>2496896<li>2497512<li>2497984<li>2498712<li>2498768<li>2499240<li>2499696<li>2500472<li>2500768<li>2501176<li>2501536<li>2502120<li>2494144<li>2502920<li>2503424<li>2503768<li>2504288<li>2504664<li>2505232<li>2505672<li>2506016<li>2506488<li>2507152<li>2507512<li>2508016<li>2508344<li>2508880<li>2509336<li>2509824<li>2510136<li>2510640<li>2516568<li>2511664<li>2512056<li>2512560<li>2512920<li>2513344<li>2513784<li>2514224<li>2514696<li>2515264<li>2515448<li>2516272<li>2548312<li>2517840<li>2549464<li>2518576<li>2519448<li>2523232<li>2519992<li>2520464<li>2524920<li>2523296<li>2523864<li>2525248<li>2525720<li>2526224<li>2526664<li>2527136<li>2527608<li>2528080<li>2528552<li>2529344<li>2529816<li>2530288<li>2530360<li>2530896<li>2531576<li>2532048<li>2576584<li>2577696<li>2534056<li>2534656<li>2535368<li>2535312<li>2579512<li>2536464<li>2536792<li>2537328<li>2537880<li>2538256<li>2539368<li>2540896<li>2541352<li>2541808<li>2547192<li>2554128<li>2554488<li>2543136<li>2543608<li>2586592<li>2544552<li>2556944<li>2545928<li>2546352<li>2558456<li>2548416<li>2548888</ul><hr />{"success":true,"response":"164 products updated","redirect":null}[2025-12-01 16:35:13] Command triggered for store_id 4 with PID 20938
PHP Notice:  Undefined index: REQUEST_URI in /var/www/vhosts/wantadigital.com/www/theartisttree-mis/class/SessionManager.php on line 59
PHP Notice:  Undefined index: REQUEST_URI in /var/www/vhosts/wantadigital.com/www/theartisttree-mis/class/SessionManager.php on line 59
PHP Notice:  Undefined index: REQUEST_URI in /var/www/vhosts/wantadigital.com/www/theartisttree-mis/class/SessionManager.php on line 59
PHP Notice:  Undefined index: REQUEST_URI in /var/www/vhosts/wantadigital.com/www/theartisttree-mis/class/SessionManager.php on line 59
PHP Notice:  Undefined index: REQUEST_URI in /var/www/vhosts/wantadigital.com/www/theartisttree-mis/class/SessionManager.php on line 59
PHP Notice:  Undefined index: REQUEST_URI in /var/www/vhosts/wantadigital.com/www/theartisttree-mis/inc/security.php on line 41
<ul><li>Koreatown<li>0 product(s) found for reset<li>164 product(s) found for discount<li>2458928<li>2459240<li>2459824<li>2460152<li>2460912<li>2461288<li>2461776<li>2462136<li>2462880<li>2463512<li>2463920<li>2464440<li>2464800<li>2465336<li>2465792<li>2466248<li>2467344<li>2471656<li>2468288<li>2468664<li>2469120<li>2469512<li>2470160<li>2470568<li>2471024<li>2471496<li>2471856<li>2472248<li>2472800<li>2473272<li>2473600<li>2474216<li>2475808<li>2476168<li>2476752<li>2477208<li>2477600<li>2478200<li>2478720<li>2517368<li>2479552<li>2479944<li>2480352<li>2480952<li>2481408<li>2481656<li>2482288<li>2482632<li>2483248<li>2483640<li>2484096<li>2484440<li>2485008<li>2485480<li>2485936<li>2486344<li>2486800<li>2487256<li>2487744<li>2488152<li>2488640<li>2489096<li>2489632<li>2490168<li>2496176<li>2496600<li>2496896<li>2497512<li>2497984<li>2498712<li>2498768<li>2499240<li>2499696<li>2500472<li>2500768<li>2501176<li>2501536<li>2502120<li>2494144<li>2502920<li>2503424<li>2503768<li>2504288<li>2504664<li>2505232<li>2505672<li>2506016<li>2506488<li>2507152<li>2507512<li>2508016<li>2508344<li>2508880<li>2509336<li>2509824<li>2510136<li>2510640<li>2516568<li>2511664<li>2512056<li>2512560<li>2512920<li>2513344<li>2513784<li>2514224<li>2514696<li>2515264<li>2515448<li>2516272<li>2548312<li>2517840<li>2549464<li>2518576<li>2519448<li>2523232<li>2519992<li>2520464<li>2524920<li>2523296<li>2523864<li>2525248<li>2525720<li>2526224<li>2526664<li>2527136<li>2527608<li>2528080<li>2528552<li>2529344<li>2529816<li>2530288<li>2530360<li>2530896<li>2531576<li>2532048<li>2576584<li>2577696<li>2534056<li>2534656<li>2535368<li>2535312<li>2579512<li>2536464<li>2536792<li>2537328<li>2537880<li>2538256<li>2539368<li>2540896<li>2541352<li>2541808<li>2547192<li>2554128<li>2554488<li>2543136<li>2543608<li>2586592<li>2544552<li>2556944<li>2545928<li>2546352<li>2558456<li>2548416<li>2548888</ul><hr />{"success":true,"response":"164 products updated","redirect":null}[2025-12-01 16:40:11] Command triggered for store_id 4 with PID 21159
PHP Notice:  Undefined index: REQUEST_URI in /var/www/vhosts/wantadigital.com/www/theartisttree-mis/class/SessionManager.php on line 59
PHP Notice:  Undefined index: REQUEST_URI in /var/www/vhosts/wantadigital.com/www/theartisttree-mis/class/SessionManager.php on line 59
PHP Notice:  Undefined index: REQUEST_URI in /var/www/vhosts/wantadigital.com/www/theartisttree-mis/class/SessionManager.php on line 59
PHP Notice:  Undefined index: REQUEST_URI in /var/www/vhosts/wantadigital.com/www/theartisttree-mis/class/SessionManager.php on line 59
PHP Notice:  Undefined index: REQUEST_URI in /var/www/vhosts/wantadigital.com/www/theartisttree-mis/class/SessionManager.php on line 59
PHP Notice:  Undefined index: REQUEST_URI in /var/www/vhosts/wantadigital.com/www/theartisttree-mis/inc/security.php on line 41
<ul><li>Koreatown<li>0 product(s) found for reset<li>0 product(s) found for discount</ul><hr />{"success":true,"response":"0 products updated","redirect":null}[2025-12-01 16:43:16] Command triggered for store_id 4 with PID 21376
PHP Notice:  Undefined index: REQUEST_URI in /var/www/vhosts/wantadigital.com/www/theartisttree-mis/class/SessionManager.php on line 59
PHP Notice:  Undefined index: REQUEST_URI in /var/www/vhosts/wantadigital.com/www/theartisttree-mis/class/SessionManager.php on line 59
PHP Notice:  Undefined index: REQUEST_URI in /var/www/vhosts/wantadigital.com/www/theartisttree-mis/class/SessionManager.php on line 59
PHP Notice:  Undefined index: REQUEST_URI in /var/www/vhosts/wantadigital.com/www/theartisttree-mis/class/SessionManager.php on line 59
PHP Notice:  Undefined index: REQUEST_URI in /var/www/vhosts/wantadigital.com/www/theartisttree-mis/class/SessionManager.php on line 59
PHP Notice:  Undefined index: REQUEST_URI in /var/www/vhosts/wantadigital.com/www/theartisttree-mis/inc/security.php on line 41
<ul><li>Koreatown<li>0 product(s) found for reset<li>164 product(s) found for discount<li>2458928<li>2459240<li>2459824<li>2460152<li>2460912<li>2461288<li>2461776<li>2462136<li>2462880<li>2463512<li>2463920<li>2464440<li>2464800<li>2465336<li>2465792<li>2466248<li>2467344<li>2471656<li>2468288<li>2468664<li>2469120<li>2469512<li>2470160<li>2470568<li>2471024<li>2471496<li>2471856<li>2472248<li>2472800<li>2473272<li>2473600<li>2474216<li>2475808<li>2476168<li>2476752<li>2477208<li>2477600<li>2478200<li>2478720<li>2517368<li>2479552<li>2479944<li>2480352<li>2480952<li>2481408<li>2481656<li>2482288<li>2482632<li>2483248<li>2483640<li>2484096<li>2484440<li>2485008<li>2485480<li>2485936<li>2486344<li>2486800<li>2487256<li>2487744<li>2488152<li>2488640<li>2489096<li>2489632<li>2490168<li>2496176<li>2496600<li>2496896<li>2497512<li>2497984<li>2498712<li>2498768<li>2499240<li>2499696<li>2500472<li>2500768<li>2501176<li>2501536<li>2502120<li>2494144<li>2502920<li>2503424<li>2503768<li>2504288<li>2504664<li>2505232<li>2505672<li>2506016<li>2506488<li>2507152<li>2507512<li>2508016<li>2508344<li>2508880<li>2509336<li>2509824<li>2510136<li>2510640<li>2516568<li>2511664<li>2512056<li>2512560<li>2512920<li>2513344<li>2513784<li>2514224<li>2514696<li>2515264<li>2515448<li>2516272<li>2548312<li>2517840<li>2549464<li>2518576<li>2519448<li>2523232<li>2519992<li>2520464<li>2524920<li>2523296<li>2523864<li>2525248<li>2525720<li>2526224<li>2526664<li>2527136<li>2527608<li>2528080<li>2528552<li>2529344<li>2529816<li>2530288<li>2530360<li>2530896<li>2531576<li>2532048<li>2576584<li>2577696<li>2534056<li>2534656<li>2535368<li>2535312<li>2579512<li>2536464<li>2536792<li>2537328<li>2537880<li>2538256<li>2539368<li>2540896<li>2541352<li>2541808<li>2547192<li>2554128<li>2554488<li>2543136<li>2543608<li>2586592<li>2544552<li>2556944<li>2545928<li>2546352<li>2558456<li>2548416<li>2548888</ul><hr />{"success":true,"response":"164 products updated","redirect":null}[2025-12-01 16:49:06] Command triggered for store_id 4 with PID 21608
PHP Notice:  Undefined index: REQUEST_URI in /var/www/vhosts/wantadigital.com/www/theartisttree-mis/class/SessionManager.php on line 59
PHP Notice:  Undefined index: REQUEST_URI in /var/www/vhosts/wantadigital.com/www/theartisttree-mis/class/SessionManager.php on line 59
PHP Notice:  Undefined index: REQUEST_URI in /var/www/vhosts/wantadigital.com/www/theartisttree-mis/class/SessionManager.php on line 59
PHP Notice:  Undefined index: REQUEST_URI in /var/www/vhosts/wantadigital.com/www/theartisttree-mis/class/SessionManager.php on line 59
PHP Notice:  Undefined index: REQUEST_URI in /var/www/vhosts/wantadigital.com/www/theartisttree-mis/class/SessionManager.php on line 59
PHP Notice:  Undefined index: REQUEST_URI in /var/www/vhosts/wantadigital.com/www/theartisttree-mis/inc/security.php on line 41
<ul><li>Koreatown<li>0 product(s) found for reset<li>0 product(s) found for discount</ul><hr />{"success":true,"response":"0 products updated","redirect":null}[2025-12-01 16:50:24] Command triggered for store_id 4 with PID 21714
PHP Notice:  Undefined index: REQUEST_URI in /var/www/vhosts/wantadigital.com/www/theartisttree-mis/class/SessionManager.php on line 59
PHP Notice:  Undefined index: REQUEST_URI in /var/www/vhosts/wantadigital.com/www/theartisttree-mis/class/SessionManager.php on line 59
PHP Notice:  Undefined index: REQUEST_URI in /var/www/vhosts/wantadigital.com/www/theartisttree-mis/class/SessionManager.php on line 59
PHP Notice:  Undefined index: REQUEST_URI in /var/www/vhosts/wantadigital.com/www/theartisttree-mis/class/SessionManager.php on line 59
PHP Notice:  Undefined index: REQUEST_URI in /var/www/vhosts/wantadigital.com/www/theartisttree-mis/class/SessionManager.php on line 59
PHP Notice:  Undefined index: REQUEST_URI in /var/www/vhosts/wantadigital.com/www/theartisttree-mis/inc/security.php on line 41
<ul><li>Koreatown<li>0 product(s) found for reset<li>0 product(s) found for discount</ul><hr />{"success":true,"response":"0 products updated","redirect":null}