[2025-12-02 10:07:46] Command triggered for store_id 4 with PID 4832
PHP Notice:  Undefined index: REQUEST_URI in /var/www/vhosts/wantadigital.com/www/theartisttree-mis/class/SessionManager.php on line 59
PHP Notice:  Undefined index: REQUEST_URI in /var/www/vhosts/wantadigital.com/www/theartisttree-mis/class/SessionManager.php on line 59
PHP Notice:  Undefined index: REQUEST_URI in /var/www/vhosts/wantadigital.com/www/theartisttree-mis/class/SessionManager.php on line 59
PHP Notice:  Undefined index: REQUEST_URI in /var/www/vhosts/wantadigital.com/www/theartisttree-mis/class/SessionManager.php on line 59
PHP Notice:  Undefined index: REQUEST_URI in /var/www/vhosts/wantadigital.com/www/theartisttree-mis/class/SessionManager.php on line 59
PHP Notice:  Undefined index: REQUEST_URI in /var/www/vhosts/wantadigital.com/www/theartisttree-mis/inc/security.php on line 41
<ul><li>Koreatown<li>0 product(s) found for reset<li>0 product(s) found for discount</ul><hr />{"success":true,"response":"0 products updated","redirect":null}[2025-12-02 10:08:17] Command triggered for store_id 4 with PID 4906
PHP Notice:  Undefined index: REQUEST_URI in /var/www/vhosts/wantadigital.com/www/theartisttree-mis/class/SessionManager.php on line 59
PHP Notice:  Undefined index: REQUEST_URI in /var/www/vhosts/wantadigital.com/www/theartisttree-mis/class/SessionManager.php on line 59
PHP Notice:  Undefined index: REQUEST_URI in /var/www/vhosts/wantadigital.com/www/theartisttree-mis/class/SessionManager.php on line 59
PHP Notice:  Undefined index: REQUEST_URI in /var/www/vhosts/wantadigital.com/www/theartisttree-mis/class/SessionManager.php on line 59
PHP Notice:  Undefined index: REQUEST_URI in /var/www/vhosts/wantadigital.com/www/theartisttree-mis/class/SessionManager.php on line 59
PHP Notice:  Undefined index: REQUEST_URI in /var/www/vhosts/wantadigital.com/www/theartisttree-mis/inc/security.php on line 41
<ul><li>Koreatown<li>0 product(s) found for reset<li>231 product(s) found for discount<li>2611592<li>2671256<li>2654560<li>2660632<li>2647296<li>2674088<li>2680608<li>2655896<li>2674992<li>2675448<li>2652976<li>2668904<li>2682624<li>2652184<li>2674912<li>2682888<li>2679312<li>2679768<li>2650064<li>2687816<li>2687408<li>2681304<li>2681104<li>2674464<li>2592360<li>2682880<li>2683448<li>2672000<li>2665752<li>2594560<li>2662088<li>2679312<li>2685976<li>2675936<li>2680344<li>2659056<li>2689432<li>2689248<li>2631768<li>2690784<li>2690952<li>2683344<li>2691704<li>2669088<li>2678056<li>2693024<li>2679304<li>2693904<li>2694504<li>2671488<li>2694856<li>2695584<li>2688472<li>2696960<li>2674152<li>2697616<li>2676232<li>2687488<li>2687176<li>2699248<li>2609640<li>2700272<li>2700712<li>2701024<li>2701240<li>2701056<li>2617472<li>2714296<li>2708592<li>2708904<li>2708704<li>2709376<li>2716072<li>2687504<li>2710584<li>2687264<li>2717864<li>2689552<li>2682120<li>2690080<li>2666680<li>2690896<li>2714264<li>2696208<li>2714888<li>2709664<li>2693048<li>2626432<li>2694072<li>2717280<li>2719016<li>2718400<li>2700264<li>2719152<li>2719624<li>2696864<li>2720560<li>2697904<li>2721800<li>2721712<li>2721832<li>2722464<li>2710584<li>2723792<li>2723960<li>2647000<li>2644864<li>2699320<li>2699768<li>2703496<li>2703968<li>2704424<li>2698184<li>2705384<li>2676784<li>2706488<li>2699904<li>2700344<li>2707808<li>2701224<li>2708688<li>2709768<li>2710240<li>2710664<li>2704080<li>2682280<li>2712016<li>2653560<li>2712280<li>2646224<li>2646264<li>2684088<li>2713600<li>2659496<li>2707680<li>2660392<li>2715568<li>2714840<li>2717040<li>2718232<li>2718984<li>2712072<li>2668536<li>2712936<li>2720408<li>2720848<li>2707240<li>2720920<li>2715160<li>2722448<li>2723064<li>2716480<li>2727680<li>2717360<li>2724856<li>2718256<li>2721688<li>2722160<li>2733920<li>2729008<li>2673912<li>2734928<li>2724376<li>2675968<li>2736616<li>2730944<li>2731400<li>2733336<li>2727496<li>2727952<li>2728408<li>2728864<li>2728960<li>2730416<li>2741816<li>2723904<li>2736488<li>2736944<li>2737400<li>2733056<li>2733528<li>2738752<li>2696872<li>2741256<li>2740120<li>2735808<li>2736264<li>2741600<li>2749464<li>2750280<li>2744248<li>2739824<li>2745048<li>2745792<li>2752200<li>2679968<li>2746872<li>2742624<li>2743016<li>2743536<li>2748808<li>2749088<li>2755848<li>2756304<li>2745784<li>2757200<li>2758016<li>2752160<li>2748344<li>2748016<li>2748024<li>2759936<li>2755384<li>2754720<li>2755176<li>2761760<li>2751208<li>2757696<li>2756984<li>2752560<li>2763528<li>2759104<li>2759560<li>2760016<li>2765352<li>2765776<li>2761368<li>2772832<li>2767160<li>2762800<li>2763192</ul><hr />{"success":true,"response":"226 products updated","redirect":null}[2025-12-02 10:16:33] Command triggered for store_id 4 with PID 5368
PHP Notice:  Undefined index: REQUEST_URI in /var/www/vhosts/wantadigital.com/www/theartisttree-mis/class/SessionManager.php on line 59
PHP Notice:  Undefined index: REQUEST_URI in /var/www/vhosts/wantadigital.com/www/theartisttree-mis/class/SessionManager.php on line 59
PHP Notice:  Undefined index: REQUEST_URI in /var/www/vhosts/wantadigital.com/www/theartisttree-mis/class/SessionManager.php on line 59
PHP Notice:  Undefined index: REQUEST_URI in /var/www/vhosts/wantadigital.com/www/theartisttree-mis/class/SessionManager.php on line 59
PHP Notice:  Undefined index: REQUEST_URI in /var/www/vhosts/wantadigital.com/www/theartisttree-mis/class/SessionManager.php on line 59
PHP Notice:  Undefined index: REQUEST_URI in /var/www/vhosts/wantadigital.com/www/theartisttree-mis/inc/security.php on line 41
<ul><li>Koreatown<li>0 product(s) found for reset<li>0 product(s) found for discount</ul><hr />{"success":true,"response":"0 products updated","redirect":null}[2025-12-02 10:17:10] Command triggered for store_id 4 with PID 5678
PHP Notice:  Undefined index: REQUEST_URI in /var/www/vhosts/wantadigital.com/www/theartisttree-mis/class/SessionManager.php on line 59
PHP Notice:  Undefined index: REQUEST_URI in /var/www/vhosts/wantadigital.com/www/theartisttree-mis/class/SessionManager.php on line 59
PHP Notice:  Undefined index: REQUEST_URI in /var/www/vhosts/wantadigital.com/www/theartisttree-mis/class/SessionManager.php on line 59
PHP Notice:  Undefined index: REQUEST_URI in /var/www/vhosts/wantadigital.com/www/theartisttree-mis/class/SessionManager.php on line 59
PHP Notice:  Undefined index: REQUEST_URI in /var/www/vhosts/wantadigital.com/www/theartisttree-mis/class/SessionManager.php on line 59
PHP Notice:  Undefined index: REQUEST_URI in /var/www/vhosts/wantadigital.com/www/theartisttree-mis/inc/security.php on line 41
<ul><li>Koreatown<li>0 product(s) found for reset<li>0 product(s) found for discount</ul><hr />{"success":true,"response":"0 products updated","redirect":null}[2025-12-02 10:31:18] Command triggered for store_id 4 with PID 6198
PHP Notice:  Undefined index: REQUEST_URI in /var/www/vhosts/wantadigital.com/www/theartisttree-mis/class/SessionManager.php on line 59
PHP Notice:  Undefined index: REQUEST_URI in /var/www/vhosts/wantadigital.com/www/theartisttree-mis/class/SessionManager.php on line 59
PHP Notice:  Undefined index: REQUEST_URI in /var/www/vhosts/wantadigital.com/www/theartisttree-mis/class/SessionManager.php on line 59
PHP Notice:  Undefined index: REQUEST_URI in /var/www/vhosts/wantadigital.com/www/theartisttree-mis/class/SessionManager.php on line 59
PHP Notice:  Undefined index: REQUEST_URI in /var/www/vhosts/wantadigital.com/www/theartisttree-mis/class/SessionManager.php on line 59
PHP Notice:  Undefined index: REQUEST_URI in /var/www/vhosts/wantadigital.com/www/theartisttree-mis/inc/security.php on line 41
<ul><li>Koreatown<li>147 product(s) found for reset<li>2474888<li>2474792<li>2467616<li>2477960<li>2468592<li>2478200<li>2484640<li>2469784<li>2533864<li>2479384<li>2480272<li>2472232<li>2472464<li>2481480<li>2473360<li>2472272<li>2472272<li>2475264<li>2474776<li>2473288<li>2473288<li>2473432<li>2473432<li>2472992<li>2472928<li>2472992<li>2472992<li>2472928<li>2474736<li>2474792<li>2475536<li>2475640<li>2476064<li>2476536<li>2477056<li>2477736<li>2478512<li>2479032<li>2479104<li>2479544<li>2480016<li>2480696<li>2481168<li>2481576<li>2482688<li>2483640<li>2487048<li>2483640<li>2483568<li>2484440<li>2488016<li>2488048<li>2488080<li>2487984<li>2484432<li>2484432<li>2484400<li>2488016<li>2499720<li>2500032<li>2494080<li>2487984<li>2487528<li>2494496<li>2488552<li>2495384<li>2496000<li>2497248<li>2490576<li>2557008<li>2491464<li>2491840<li>2499736<li>2498936<li>2500376<li>2500696<li>2501256<li>2495200<li>2501984<li>2502776<li>2496512<li>2495536<li>2496400<li>2496368<li>2496336<li>2502224<li>2496320<li>2496336<li>2495536<li>2496336<li>2467152<li>2499904<li>2496384<li>2496384<li>2496240<li>2496416<li>2496392<li>2493592<li>2496312<li>2496312<li>2496312<li>2496424<li>2496312<li>2496424<li>2496312<li>2496616<li>2496312<li>2496680<li>2496408<li>2558584<li>2496200<li>2496200<li>2496200<li>2499976<li>2496312<li>2496456<li>2496424<li>2496312<li>2496312<li>2496392<li>2496312<li>2496312<li>2496408<li>2496280<li>2496280<li>2496440<li>2487864<li>2496408<li>2496312<li>2496168<li>2496568<li>2496456<li>2496200<li>2558584<li>2496616<li>2496168<li>2496280<li>2496312<li>2558584<li>2496312<li>2496520<li>2496280<li>2496200<li>2496648<li>2496312<li>2494240<li>2496800<li>0 product(s) found for discount</ul><hr />{"success":true,"response":"58 products updated","redirect":null}[2025-12-02 10:35:25] Command triggered for store_id 4 with PID 6413
PHP Notice:  Undefined index: REQUEST_URI in /var/www/vhosts/wantadigital.com/www/theartisttree-mis/class/SessionManager.php on line 59
PHP Notice:  Undefined index: REQUEST_URI in /var/www/vhosts/wantadigital.com/www/theartisttree-mis/class/SessionManager.php on line 59
PHP Notice:  Undefined index: REQUEST_URI in /var/www/vhosts/wantadigital.com/www/theartisttree-mis/class/SessionManager.php on line 59
PHP Notice:  Undefined index: REQUEST_URI in /var/www/vhosts/wantadigital.com/www/theartisttree-mis/class/SessionManager.php on line 59
PHP Notice:  Undefined index: REQUEST_URI in /var/www/vhosts/wantadigital.com/www/theartisttree-mis/class/SessionManager.php on line 59
PHP Notice:  Undefined index: REQUEST_URI in /var/www/vhosts/wantadigital.com/www/theartisttree-mis/inc/security.php on line 41
<ul><li>Koreatown<li>147 product(s) found for reset<li>2453536<li>2453056<li>2445424<li>2455312<li>2445488<li>2454640<li>2460640<li>2445328<li>2508592<li>2453712<li>2454160<li>2445680<li>2445456<li>2454032<li>2445456<li>2444336<li>2444336<li>2447328<li>2446024<li>2444504<li>2444504<li>2444648<li>2444648<li>2444208<li>2444144<li>2444208<li>2444208<li>2444144<li>2445136<li>2444752<li>2445040<li>2444688<li>2444656<li>2444688<li>2444752<li>2444976<li>2444976<li>2445040<li>2444656<li>2444656<li>2444688<li>2444912<li>2444912<li>2444848<li>2444848<li>2445328<li>2448672<li>2445264<li>2444784<li>2445608<li>2449184<li>2449216<li>2449248<li>2449152<li>2445600<li>2445600<li>2445568<li>2449184<li>2460016<li>2459888<li>2453552<li>2447024<li>2446128<li>2452656<li>2446224<li>2452672<li>2452480<li>2453312<li>2446208<li>2512128<li>2446144<li>2446144<li>2453584<li>2452288<li>2452704<li>2452512<li>2452672<li>2446176<li>2452448<li>2452784<li>2446144<li>2445120<li>2445984<li>2445952<li>2445920<li>2451808<li>2445904<li>2445920<li>2445120<li>2445920<li>2416736<li>2449488<li>2445968<li>2445968<li>2445824<li>2446000<li>2445976<li>2443176<li>2445896<li>2445896<li>2445896<li>2446008<li>2445896<li>2446008<li>2445896<li>2446200<li>2445896<li>2446264<li>2445992<li>2508168<li>2445784<li>2445784<li>2445784<li>2449560<li>2445896<li>2446040<li>2446008<li>2445896<li>2445896<li>2445976<li>2445896<li>2445896<li>2445992<li>2445864<li>2445864<li>2446024<li>2437448<li>2445992<li>2445896<li>2445752<li>2446152<li>2446040<li>2445784<li>2508168<li>2446200<li>2445752<li>2445864<li>2445896<li>2508168<li>2445896<li>2446104<li>2445864<li>2445784<li>2446232<li>2445896<li>2443824<li>2446384<li>0 product(s) found for discount</ul><hr />{"success":true,"response":"0 products updated","redirect":null}[2025-12-02 10:52:16] Command triggered for store_id 4 with PID 7622
PHP Notice:  Undefined index: REQUEST_URI in /var/www/vhosts/wantadigital.com/www/theartisttree-mis/class/SessionManager.php on line 59
PHP Notice:  Undefined index: REQUEST_URI in /var/www/vhosts/wantadigital.com/www/theartisttree-mis/class/SessionManager.php on line 59
PHP Notice:  Undefined index: REQUEST_URI in /var/www/vhosts/wantadigital.com/www/theartisttree-mis/class/SessionManager.php on line 59
PHP Notice:  Undefined index: REQUEST_URI in /var/www/vhosts/wantadigital.com/www/theartisttree-mis/class/SessionManager.php on line 59
PHP Notice:  Undefined index: REQUEST_URI in /var/www/vhosts/wantadigital.com/www/theartisttree-mis/class/SessionManager.php on line 59
PHP Notice:  Undefined index: REQUEST_URI in /var/www/vhosts/wantadigital.com/www/theartisttree-mis/inc/security.php on line 41
<ul><li>Koreatown<li>147 product(s) found for reset<li>2453536<li>2453056<li>2445424<li>2455312<li>2445488<li>2454640<li>2460640<li>2445328<li>2508592<li>2453712<li>2454160<li>2445680<li>2445456<li>2454032<li>2445456<li>2444336<li>2444336<li>2447328<li>2446024<li>2444504<li>2444504<li>2444648<li>2444648<li>2444208<li>2444144<li>2444208<li>2444208<li>2444144<li>2445136<li>2444752<li>2445040<li>2444688<li>2444656<li>2444688<li>2444752<li>2444976<li>2444976<li>2445040<li>2444656<li>2444656<li>2444688<li>2444912<li>2444912<li>2444848<li>2444848<li>2445328<li>2448672<li>2445264<li>2444784<li>2445608<li>2449184<li>2449216<li>2449248<li>2449152<li>2445600<li>2445600<li>2445568<li>2449184<li>2460016<li>2459888<li>2453552<li>2447024<li>2446128<li>2452656<li>2446224<li>2452672<li>2452480<li>2453312<li>2446208<li>2512128<li>2446144<li>2446144<li>2453584<li>2452288<li>2452704<li>2452512<li>2452672<li>2446176<li>2452448<li>2452784<li>2446144<li>2445120<li>2445984<li>2445952<li>2445920<li>2451808<li>2445904<li>2445920<li>2445120<li>2445920<li>2416736<li>2449488<li>2445968<li>2445968<li>2445824<li>2446000<li>2445976<li>2443176<li>2445896<li>2445896<li>2445896<li>2446008<li>2445896<li>2446008<li>2445896<li>2446200<li>2445896<li>2446264<li>2445992<li>2508168<li>2445784<li>2445784<li>2445784<li>2449560<li>2445896<li>2446040<li>2446008<li>2445896<li>2445896<li>2445976<li>2445896<li>2445896<li>2445992<li>2445864<li>2445864<li>2446024<li>2437448<li>2445992<li>2445896<li>2445752<li>2446152<li>2446040<li>2445784<li>2508168<li>2446200<li>2445752<li>2445864<li>2445896<li>2508168<li>2445896<li>2446104<li>2445864<li>2445784<li>2446232<li>2445896<li>2443824<li>2446384<li>0 product(s) found for discount</ul><hr />{"success":true,"response":"0 products updated","redirect":null}