[2025-12-02 10:07:46] Command triggered for store_id 6 with PID 4836
PHP Notice:  Undefined index: REQUEST_URI in /var/www/vhosts/wantadigital.com/www/theartisttree-mis/class/SessionManager.php on line 59
PHP Notice:  Undefined index: REQUEST_URI in /var/www/vhosts/wantadigital.com/www/theartisttree-mis/class/SessionManager.php on line 59
PHP Notice:  Undefined index: REQUEST_URI in /var/www/vhosts/wantadigital.com/www/theartisttree-mis/class/SessionManager.php on line 59
PHP Notice:  Undefined index: REQUEST_URI in /var/www/vhosts/wantadigital.com/www/theartisttree-mis/class/SessionManager.php on line 59
PHP Notice:  Undefined index: REQUEST_URI in /var/www/vhosts/wantadigital.com/www/theartisttree-mis/class/SessionManager.php on line 59
PHP Notice:  Undefined index: REQUEST_URI in /var/www/vhosts/wantadigital.com/www/theartisttree-mis/inc/security.php on line 41
<ul><li>Fresno<li>0 product(s) found for reset<li>0 product(s) found for discount</ul><hr />{"success":true,"response":"0 products updated","redirect":null}[2025-12-02 10:08:17] Command triggered for store_id 6 with PID 4910
PHP Notice:  Undefined index: REQUEST_URI in /var/www/vhosts/wantadigital.com/www/theartisttree-mis/class/SessionManager.php on line 59
PHP Notice:  Undefined index: REQUEST_URI in /var/www/vhosts/wantadigital.com/www/theartisttree-mis/class/SessionManager.php on line 59
PHP Notice:  Undefined index: REQUEST_URI in /var/www/vhosts/wantadigital.com/www/theartisttree-mis/class/SessionManager.php on line 59
PHP Notice:  Undefined index: REQUEST_URI in /var/www/vhosts/wantadigital.com/www/theartisttree-mis/class/SessionManager.php on line 59
PHP Notice:  Undefined index: REQUEST_URI in /var/www/vhosts/wantadigital.com/www/theartisttree-mis/class/SessionManager.php on line 59
PHP Notice:  Undefined index: REQUEST_URI in /var/www/vhosts/wantadigital.com/www/theartisttree-mis/inc/security.php on line 41
<ul><li>Fresno<li>0 product(s) found for reset<li>231 product(s) found for discount<li>2611584<li>2671248<li>2662224<li>2660624<li>2647288<li>2674080<li>2673288<li>2655888<li>2674984<li>2675440<li>2652968<li>2668896<li>2676616<li>2647488<li>2666120<li>2678192<li>2679304<li>2679760<li>2650056<li>2687808<li>2687400<li>2681296<li>2681096<li>2674456<li>2592352<li>2682872<li>2683440<li>2671992<li>2665744<li>2594552<li>2662080<li>2673896<li>2685968<li>2675928<li>2687648<li>2659048<li>2689424<li>2689240<li>2631760<li>2690776<li>2691304<li>2683336<li>2691696<li>2669080<li>2680672<li>2693016<li>2681936<li>2695208<li>2694496<li>2682888<li>2702160<li>2695576<li>2688464<li>2696952<li>2674144<li>2697608<li>2676224<li>2686168<li>2687168<li>2699240<li>2609632<li>2700264<li>2700704<li>2701016<li>2701232<li>2701048<li>2617464<li>2714288<li>2708944<li>2708896<li>2708696<li>2709368<li>2716064<li>2687496<li>2710576<li>2687256<li>2717856<li>2689544<li>2682112<li>2690072<li>2666672<li>2691248<li>2714256<li>2696200<li>2714880<li>2708328<li>2704448<li>2626424<li>2694064<li>2718584<li>2717696<li>2725688<li>2700256<li>2719144<li>2719616<li>2697216<li>2720224<li>2697896<li>2729104<li>2721704<li>2721824<li>2722456<li>2710576<li>2723784<li>2723952<li>2647104<li>2644968<li>2699424<li>2702496<li>2703600<li>2704072<li>2704528<li>2704288<li>2705488<li>2676888<li>2706592<li>2700008<li>2704184<li>2707912<li>2701328<li>2719248<li>2709872<li>2710704<li>2710768<li>2704184<li>2682384<li>2712120<li>2653664<li>2712384<li>2646328<li>2646368<li>2684192<li>2713704<li>2659600<li>2707784<li>2660496<li>2715672<li>2714944<li>2717144<li>2718696<li>2718760<li>2712536<li>2664904<li>2713040<li>2720512<li>2720952<li>2707344<li>2720664<li>2715264<li>2722552<li>2723168<li>2716584<li>2727784<li>2723824<li>2724960<li>2718360<li>2721680<li>2722152<li>2733552<li>2723000<li>2673904<li>2734920<li>2730728<li>2675960<li>2736608<li>2730936<li>2731392<li>2726968<li>2733488<li>2733944<li>2728400<li>2728856<li>2722592<li>2730408<li>2741808<li>2724256<li>2736480<li>2736936<li>2737392<li>2733048<li>2733520<li>2738744<li>2696864<li>2734888<li>2740112<li>2735800<li>2736616<li>2741592<li>2749456<li>2749912<li>2744240<li>2739816<li>2745040<li>2745784<li>2752192<li>2679960<li>2746864<li>2742616<li>2756088<li>2743528<li>2748800<li>2749080<li>2755840<li>2756296<li>2745776<li>2757552<li>2757648<li>2752152<li>2752432<li>2748008<li>2748016<li>2759928<li>2755736<li>2754712<li>2755168<li>2761752<li>2751200<li>2751688<li>2756976<li>2752552<li>2763520<li>2765096<li>2759552<li>2760008<li>2765344<li>2765768<li>2761360<li>2773184<li>2767152<li>2762792<li>2763184</ul><hr />{"success":true,"response":"226 products updated","redirect":null}[2025-12-02 10:16:33] Command triggered for store_id 6 with PID 5372
PHP Notice:  Undefined index: REQUEST_URI in /var/www/vhosts/wantadigital.com/www/theartisttree-mis/class/SessionManager.php on line 59
PHP Notice:  Undefined index: REQUEST_URI in /var/www/vhosts/wantadigital.com/www/theartisttree-mis/class/SessionManager.php on line 59
PHP Notice:  Undefined index: REQUEST_URI in /var/www/vhosts/wantadigital.com/www/theartisttree-mis/class/SessionManager.php on line 59
PHP Notice:  Undefined index: REQUEST_URI in /var/www/vhosts/wantadigital.com/www/theartisttree-mis/class/SessionManager.php on line 59
PHP Notice:  Undefined index: REQUEST_URI in /var/www/vhosts/wantadigital.com/www/theartisttree-mis/class/SessionManager.php on line 59
PHP Notice:  Undefined index: REQUEST_URI in /var/www/vhosts/wantadigital.com/www/theartisttree-mis/inc/security.php on line 41
<ul><li>Fresno<li>0 product(s) found for reset<li>0 product(s) found for discount</ul><hr />{"success":true,"response":"0 products updated","redirect":null}[2025-12-02 10:17:10] Command triggered for store_id 6 with PID 5682
PHP Notice:  Undefined index: REQUEST_URI in /var/www/vhosts/wantadigital.com/www/theartisttree-mis/class/SessionManager.php on line 59
PHP Notice:  Undefined index: REQUEST_URI in /var/www/vhosts/wantadigital.com/www/theartisttree-mis/class/SessionManager.php on line 59
PHP Notice:  Undefined index: REQUEST_URI in /var/www/vhosts/wantadigital.com/www/theartisttree-mis/class/SessionManager.php on line 59
PHP Notice:  Undefined index: REQUEST_URI in /var/www/vhosts/wantadigital.com/www/theartisttree-mis/class/SessionManager.php on line 59
PHP Notice:  Undefined index: REQUEST_URI in /var/www/vhosts/wantadigital.com/www/theartisttree-mis/class/SessionManager.php on line 59
PHP Notice:  Undefined index: REQUEST_URI in /var/www/vhosts/wantadigital.com/www/theartisttree-mis/inc/security.php on line 41
<ul><li>Fresno<li>0 product(s) found for reset<li>0 product(s) found for discount</ul><hr />{"success":true,"response":"0 products updated","redirect":null}[2025-12-02 10:31:18] Command triggered for store_id 6 with PID 6202
PHP Notice:  Undefined index: REQUEST_URI in /var/www/vhosts/wantadigital.com/www/theartisttree-mis/class/SessionManager.php on line 59
PHP Notice:  Undefined index: REQUEST_URI in /var/www/vhosts/wantadigital.com/www/theartisttree-mis/class/SessionManager.php on line 59
PHP Notice:  Undefined index: REQUEST_URI in /var/www/vhosts/wantadigital.com/www/theartisttree-mis/class/SessionManager.php on line 59
PHP Notice:  Undefined index: REQUEST_URI in /var/www/vhosts/wantadigital.com/www/theartisttree-mis/class/SessionManager.php on line 59
PHP Notice:  Undefined index: REQUEST_URI in /var/www/vhosts/wantadigital.com/www/theartisttree-mis/class/SessionManager.php on line 59
PHP Notice:  Undefined index: REQUEST_URI in /var/www/vhosts/wantadigital.com/www/theartisttree-mis/inc/security.php on line 41
<ul><li>Fresno<li>145 product(s) found for reset<li>2472472<li>2471752<li>2464216<li>2483184<li>2465192<li>2483408<li>2474320<li>2466384<li>2468136<li>2485904<li>2486808<li>2468832<li>2469064<li>2478048<li>2469960<li>2468872<li>2468872<li>2468488<li>2471376<li>2470000<li>2470032<li>2470160<li>2470632<li>2469904<li>2469904<li>2469904<li>2469904<li>2469904<li>2472072<li>2471768<li>2472120<li>2472160<li>2472584<li>2473056<li>2473576<li>2474616<li>2475072<li>2475552<li>2475624<li>2476064<li>2476536<li>2477216<li>2477688<li>2478096<li>2478568<li>2480160<li>2480280<li>2480704<li>2480984<li>2480576<li>2477888<li>2480608<li>2480608<li>2480608<li>2480608<li>2480608<li>2480608<li>2484288<li>2480912<li>2480608<li>2480704<li>2480704<li>2542880<li>2480608<li>2480608<li>2484272<li>2480608<li>2480752<li>2484400<li>2480608<li>2480608<li>2480688<li>2480608<li>2480608<li>2480704<li>2484256<li>2480576<li>2484416<li>2479936<li>2484384<li>2480608<li>2480576<li>2484240<li>2480752<li>2480608<li>2542880<li>2480912<li>2480464<li>2480576<li>2480608<li>2542880<li>2480608<li>2484496<li>2480576<li>2480608<li>2480944<li>2480608<li>2485432<li>2485400<li>2485432<li>2485400<li>2481992<li>2481864<li>2481832<li>2485432<li>2497136<li>2491088<li>2491496<li>2491760<li>2484944<li>2492272<li>2485736<li>2493160<li>2487640<li>2495024<li>2494480<li>2554424<li>2495072<li>2495824<li>2500888<li>2496432<li>2497792<li>2498320<li>2505032<li>2496576<li>2493264<li>2508816<li>2500512<li>2493832<li>2493816<li>2493800<li>2493896<li>2499640<li>2493752<li>2493768<li>2492952<li>2493752<li>2464568<li>2497336<li>2493800<li>2493800<li>2497336<li>2493832<li>2493904<li>2494080<li>0 product(s) found for discount</ul><hr />{"success":true,"response":"59 products updated","redirect":null}[2025-12-02 10:35:25] Command triggered for store_id 6 with PID 6418
PHP Notice:  Undefined index: REQUEST_URI in /var/www/vhosts/wantadigital.com/www/theartisttree-mis/class/SessionManager.php on line 59
PHP Notice:  Undefined index: REQUEST_URI in /var/www/vhosts/wantadigital.com/www/theartisttree-mis/class/SessionManager.php on line 59
PHP Notice:  Undefined index: REQUEST_URI in /var/www/vhosts/wantadigital.com/www/theartisttree-mis/class/SessionManager.php on line 59
PHP Notice:  Undefined index: REQUEST_URI in /var/www/vhosts/wantadigital.com/www/theartisttree-mis/class/SessionManager.php on line 59
PHP Notice:  Undefined index: REQUEST_URI in /var/www/vhosts/wantadigital.com/www/theartisttree-mis/class/SessionManager.php on line 59
PHP Notice:  Undefined index: REQUEST_URI in /var/www/vhosts/wantadigital.com/www/theartisttree-mis/inc/security.php on line 41
<ul><li>Fresno<li>145 product(s) found for reset<li>2451176<li>2449960<li>2442024<li>2460536<li>2442088<li>2459848<li>2450264<li>2441928<li>2442920<li>2460232<li>2460696<li>2442280<li>2442056<li>2450600<li>2442056<li>2440936<li>2440936<li>2440552<li>2442624<li>2441216<li>2441248<li>2441376<li>2441848<li>2441120<li>2441120<li>2441120<li>2441120<li>2441120<li>2442416<li>2441728<li>2442032<li>2441664<li>2441632<li>2441664<li>2441728<li>2442256<li>2442256<li>2442016<li>2441632<li>2441632<li>2441664<li>2441888<li>2441888<li>2441824<li>2441824<li>2442304<li>2441952<li>2441920<li>2441760<li>2441304<li>2438616<li>2441336<li>2441336<li>2441336<li>2441336<li>2441336<li>2441336<li>2445016<li>2441640<li>2441336<li>2441432<li>2441432<li>2503608<li>2441336<li>2441336<li>2445000<li>2441336<li>2441480<li>2445128<li>2441336<li>2441336<li>2441416<li>2441336<li>2441336<li>2441432<li>2444984<li>2441304<li>2445144<li>2440664<li>2445112<li>2441336<li>2441304<li>2444968<li>2441480<li>2441336<li>2503608<li>2441640<li>2441192<li>2441304<li>2441336<li>2503608<li>2441336<li>2445224<li>2441304<li>2441336<li>2441672<li>2441336<li>2446160<li>2446128<li>2446160<li>2446128<li>2442720<li>2442592<li>2442560<li>2446160<li>2456992<li>2450560<li>2450528<li>2450304<li>2443104<li>2449936<li>2443024<li>2449952<li>2443680<li>2450592<li>2449616<li>2509104<li>2449312<li>2449632<li>2454240<li>2449344<li>2449680<li>2449696<li>2455952<li>2447056<li>2443344<li>2458384<li>2449648<li>2442976<li>2442960<li>2442944<li>2443040<li>2448784<li>2442896<li>2442912<li>2442096<li>2442896<li>2413712<li>2446480<li>2442944<li>2442944<li>2446480<li>2442976<li>2443048<li>2443224<li>0 product(s) found for discount</ul><hr />{"success":true,"response":"0 products updated","redirect":null}[2025-12-02 10:52:16] Command triggered for store_id 6 with PID 7626
PHP Notice:  Undefined index: REQUEST_URI in /var/www/vhosts/wantadigital.com/www/theartisttree-mis/class/SessionManager.php on line 59
PHP Notice:  Undefined index: REQUEST_URI in /var/www/vhosts/wantadigital.com/www/theartisttree-mis/class/SessionManager.php on line 59
PHP Notice:  Undefined index: REQUEST_URI in /var/www/vhosts/wantadigital.com/www/theartisttree-mis/class/SessionManager.php on line 59
PHP Notice:  Undefined index: REQUEST_URI in /var/www/vhosts/wantadigital.com/www/theartisttree-mis/class/SessionManager.php on line 59
PHP Notice:  Undefined index: REQUEST_URI in /var/www/vhosts/wantadigital.com/www/theartisttree-mis/class/SessionManager.php on line 59
PHP Notice:  Undefined index: REQUEST_URI in /var/www/vhosts/wantadigital.com/www/theartisttree-mis/inc/security.php on line 41
<ul><li>Fresno<li>145 product(s) found for reset<li>2451176<li>2449960<li>2442024<li>2460536<li>2442088<li>2459848<li>2450264<li>2441928<li>2442920<li>2460232<li>2460696<li>2442280<li>2442056<li>2450600<li>2442056<li>2440936<li>2440936<li>2440552<li>2442624<li>2441216<li>2441248<li>2441376<li>2441848<li>2441120<li>2441120<li>2441120<li>2441120<li>2441120<li>2442416<li>2441728<li>2442032<li>2441664<li>2441632<li>2441664<li>2441728<li>2442256<li>2442256<li>2442016<li>2441632<li>2441632<li>2441664<li>2441888<li>2441888<li>2441824<li>2441824<li>2442304<li>2441952<li>2441920<li>2441760<li>2441304<li>2438616<li>2441336<li>2441336<li>2441336<li>2441336<li>2441336<li>2441336<li>2445016<li>2441640<li>2441336<li>2441432<li>2441432<li>2503608<li>2441336<li>2441336<li>2445000<li>2441336<li>2441480<li>2445128<li>2441336<li>2441336<li>2441416<li>2441336<li>2441336<li>2441432<li>2444984<li>2441304<li>2445144<li>2440664<li>2445112<li>2441336<li>2441304<li>2444968<li>2441480<li>2441336<li>2503608<li>2441640<li>2441192<li>2441304<li>2441336<li>2503608<li>2441336<li>2445224<li>2441304<li>2441336<li>2441672<li>2441336<li>2446160<li>2446128<li>2446160<li>2446128<li>2442720<li>2442592<li>2442560<li>2446160<li>2456992<li>2450560<li>2450528<li>2450304<li>2443104<li>2449936<li>2443024<li>2449952<li>2443680<li>2450592<li>2449616<li>2509104<li>2449312<li>2449632<li>2454240<li>2449344<li>2449680<li>2449696<li>2455952<li>2447056<li>2443344<li>2458384<li>2449648<li>2442976<li>2442960<li>2442944<li>2443040<li>2448784<li>2442896<li>2442912<li>2442096<li>2442896<li>2413712<li>2446480<li>2442944<li>2442944<li>2446480<li>2442976<li>2443048<li>2443224<li>0 product(s) found for discount</ul><hr />{"success":true,"response":"0 products updated","redirect":null}