[2025-12-02 10:07:46] Command triggered for store_id 9 with PID 4842
PHP Notice:  Undefined index: REQUEST_URI in /var/www/vhosts/wantadigital.com/www/theartisttree-mis/class/SessionManager.php on line 59
PHP Notice:  Undefined index: REQUEST_URI in /var/www/vhosts/wantadigital.com/www/theartisttree-mis/class/SessionManager.php on line 59
PHP Notice:  Undefined index: REQUEST_URI in /var/www/vhosts/wantadigital.com/www/theartisttree-mis/class/SessionManager.php on line 59
PHP Notice:  Undefined index: REQUEST_URI in /var/www/vhosts/wantadigital.com/www/theartisttree-mis/class/SessionManager.php on line 59
PHP Notice:  Undefined index: REQUEST_URI in /var/www/vhosts/wantadigital.com/www/theartisttree-mis/class/SessionManager.php on line 59
PHP Notice:  Undefined index: REQUEST_URI in /var/www/vhosts/wantadigital.com/www/theartisttree-mis/inc/security.php on line 41
<ul><li>Laguna Woods<li>0 product(s) found for reset<li>0 product(s) found for discount</ul><hr />{"success":true,"response":"0 products updated","redirect":null}[2025-12-02 10:08:17] Command triggered for store_id 9 with PID 4916
PHP Notice:  Undefined index: REQUEST_URI in /var/www/vhosts/wantadigital.com/www/theartisttree-mis/class/SessionManager.php on line 59
PHP Notice:  Undefined index: REQUEST_URI in /var/www/vhosts/wantadigital.com/www/theartisttree-mis/class/SessionManager.php on line 59
PHP Notice:  Undefined index: REQUEST_URI in /var/www/vhosts/wantadigital.com/www/theartisttree-mis/class/SessionManager.php on line 59
PHP Notice:  Undefined index: REQUEST_URI in /var/www/vhosts/wantadigital.com/www/theartisttree-mis/class/SessionManager.php on line 59
PHP Notice:  Undefined index: REQUEST_URI in /var/www/vhosts/wantadigital.com/www/theartisttree-mis/class/SessionManager.php on line 59
PHP Notice:  Undefined index: REQUEST_URI in /var/www/vhosts/wantadigital.com/www/theartisttree-mis/inc/security.php on line 41
<ul><li>Laguna Woods<li>0 product(s) found for reset<li>231 product(s) found for discount<li>2611368<li>2671032<li>2654320<li>2660408<li>2657168<li>2673864<li>2682976<li>2655672<li>2674768<li>2675224<li>2653112<li>2668680<li>2676400<li>2647272<li>2665904<li>2685272<li>2679088<li>2679544<li>2649840<li>2688904<li>2687184<li>2681080<li>2680880<li>2674240<li>2592136<li>2689952<li>2683224<li>2671776<li>2665528<li>2594336<li>2666320<li>2673680<li>2685752<li>2675712<li>2680480<li>2667816<li>2689208<li>2689024<li>2631544<li>2690560<li>2690728<li>2683120<li>2691480<li>2668864<li>2669048<li>2693160<li>2678144<li>2693680<li>2694280<li>2679096<li>2694992<li>2695360<li>2688248<li>2696736<li>2681760<li>2697392<li>2676008<li>2685952<li>2686952<li>2699024<li>2609416<li>2700048<li>2704224<li>2701160<li>2701016<li>2700832<li>2617248<li>2714072<li>2708368<li>2708680<li>2708480<li>2709512<li>2715848<li>2695112<li>2710720<li>2687040<li>2717640<li>2689328<li>2681896<li>2694312<li>2666456<li>2690672<li>2714040<li>2695984<li>2714664<li>2708112<li>2692824<li>2626208<li>2698304<li>2717056<li>2717480<li>2718176<li>2700040<li>2718928<li>2719400<li>2696640<li>2720008<li>2698040<li>2721576<li>2721488<li>2721608<li>2722240<li>2710360<li>2723568<li>2723736<li>2692544<li>2697112<li>2708512<li>2699256<li>2648864<li>2709880<li>2710720<li>2650920<li>2711568<li>2705896<li>2706712<li>2701928<li>2706184<li>2709232<li>2703720<li>2704144<li>2701288<li>2705368<li>2716768<li>2702592<li>2711440<li>2711896<li>2712352<li>2708368<li>2708480<li>2713704<li>2671824<li>2709848<li>2715072<li>2710760<li>2711216<li>2716912<li>2724416<li>2724872<li>2719560<li>2714776<li>2720000<li>2721104<li>2727152<li>2654920<li>2721824<li>2717936<li>2717968<li>2722224<li>2723760<li>2724040<li>2730800<li>2731256<li>2721064<li>2732152<li>2732608<li>2727112<li>2727752<li>2722968<li>2722976<li>2734888<li>2724696<li>2730032<li>2730128<li>2736712<li>2726160<li>2733944<li>2732296<li>2727512<li>2738840<li>2734056<li>2734512<li>2734968<li>2740304<li>2740728<li>2736680<li>2747784<li>2742112<li>2741488<li>2738504<li>2685456<li>2683320<li>2744496<li>2744944<li>2746048<li>2746880<li>2746976<li>2744112<li>2747936<li>2719336<li>2749040<li>2746192<li>2742896<li>2750720<li>2743776<li>2751240<li>2752320<li>2752792<li>2753216<li>2746992<li>2724832<li>2754568<li>2696112<li>2754832<li>2688776<li>2688816<li>2737096<li>2756152<li>2702048<li>2750232<li>2702944<li>2758480<li>2757392<li>2759592<li>2760784<li>2761208<li>2754624<li>2707352<li>2755488<li>2762960<li>2763400<li>2749792<li>2763112<li>2757712<li>2765000<li>2765976<li>2759032<li>2766856<li>2759912<li>2767408<li>2760808</ul><hr />{"success":true,"response":"226 products updated","redirect":null}[2025-12-02 10:16:33] Command triggered for store_id 9 with PID 5378
PHP Notice:  Undefined index: REQUEST_URI in /var/www/vhosts/wantadigital.com/www/theartisttree-mis/class/SessionManager.php on line 59
PHP Notice:  Undefined index: REQUEST_URI in /var/www/vhosts/wantadigital.com/www/theartisttree-mis/class/SessionManager.php on line 59
PHP Notice:  Undefined index: REQUEST_URI in /var/www/vhosts/wantadigital.com/www/theartisttree-mis/class/SessionManager.php on line 59
PHP Notice:  Undefined index: REQUEST_URI in /var/www/vhosts/wantadigital.com/www/theartisttree-mis/class/SessionManager.php on line 59
PHP Notice:  Undefined index: REQUEST_URI in /var/www/vhosts/wantadigital.com/www/theartisttree-mis/class/SessionManager.php on line 59
PHP Notice:  Undefined index: REQUEST_URI in /var/www/vhosts/wantadigital.com/www/theartisttree-mis/inc/security.php on line 41
<ul><li>Laguna Woods<li>0 product(s) found for reset<li>0 product(s) found for discount</ul><hr />{"success":true,"response":"0 products updated","redirect":null}[2025-12-02 10:17:10] Command triggered for store_id 9 with PID 5688
PHP Notice:  Undefined index: REQUEST_URI in /var/www/vhosts/wantadigital.com/www/theartisttree-mis/class/SessionManager.php on line 59
PHP Notice:  Undefined index: REQUEST_URI in /var/www/vhosts/wantadigital.com/www/theartisttree-mis/class/SessionManager.php on line 59
PHP Notice:  Undefined index: REQUEST_URI in /var/www/vhosts/wantadigital.com/www/theartisttree-mis/class/SessionManager.php on line 59
PHP Notice:  Undefined index: REQUEST_URI in /var/www/vhosts/wantadigital.com/www/theartisttree-mis/class/SessionManager.php on line 59
PHP Notice:  Undefined index: REQUEST_URI in /var/www/vhosts/wantadigital.com/www/theartisttree-mis/class/SessionManager.php on line 59
PHP Notice:  Undefined index: REQUEST_URI in /var/www/vhosts/wantadigital.com/www/theartisttree-mis/inc/security.php on line 41
<ul><li>Laguna Woods<li>0 product(s) found for reset<li>0 product(s) found for discount</ul><hr />{"success":true,"response":"0 products updated","redirect":null}[2025-12-02 10:31:18] Command triggered for store_id 9 with PID 6208
PHP Notice:  Undefined index: REQUEST_URI in /var/www/vhosts/wantadigital.com/www/theartisttree-mis/class/SessionManager.php on line 59
PHP Notice:  Undefined index: REQUEST_URI in /var/www/vhosts/wantadigital.com/www/theartisttree-mis/class/SessionManager.php on line 59
PHP Notice:  Undefined index: REQUEST_URI in /var/www/vhosts/wantadigital.com/www/theartisttree-mis/class/SessionManager.php on line 59
PHP Notice:  Undefined index: REQUEST_URI in /var/www/vhosts/wantadigital.com/www/theartisttree-mis/class/SessionManager.php on line 59
PHP Notice:  Undefined index: REQUEST_URI in /var/www/vhosts/wantadigital.com/www/theartisttree-mis/class/SessionManager.php on line 59
PHP Notice:  Undefined index: REQUEST_URI in /var/www/vhosts/wantadigital.com/www/theartisttree-mis/inc/security.php on line 41
<ul><li>Laguna Woods<li>146 product(s) found for reset<li>2445744<li>2445712<li>2445744<li>2445712<li>2442304<li>2442288<li>2442128<li>2445744<li>2471568<li>2471880<li>2472776<li>2469928<li>2465736<li>2472704<li>2466400<li>2473952<li>2468208<li>2481816<li>2472520<li>2535216<li>2475672<li>2470408<li>2477944<li>2474520<li>2478584<li>2476280<li>2479464<li>2473768<li>2477568<li>2484360<li>2475080<li>2473744<li>2474608<li>2474704<li>2474544<li>2480432<li>2474544<li>2474544<li>2474928<li>2474544<li>2445360<li>2478112<li>2474592<li>2474592<li>2478128<li>2478304<li>2488320<li>2493800<li>2477640<li>2487032<li>2478616<li>2488176<li>2487384<li>2479808<li>2543888<li>2495768<li>2490296<li>2482256<li>2482488<li>2491456<li>2483384<li>2482296<li>2482296<li>2482296<li>2486136<li>2482832<li>2482888<li>2482888<li>2482888<li>2482888<li>2482888<li>2484696<li>2484752<li>2485496<li>2485600<li>2486024<li>2486496<li>2487016<li>2487696<li>2488472<li>2488992<li>2489064<li>2489504<li>2489976<li>2490656<li>2491128<li>2491536<li>2492648<li>2493208<li>2493248<li>2493672<li>2493952<li>2496024<li>2494536<li>2494680<li>2494808<li>2494768<li>2495760<li>2494800<li>2494800<li>2494800<li>2494912<li>2494800<li>2494800<li>2494800<li>2498784<li>2494800<li>2494896<li>2494896<li>2560752<li>2498480<li>2500304<li>2502144<li>2494800<li>2498624<li>2494912<li>2494800<li>2494800<li>2494880<li>2494800<li>2494800<li>2498576<li>2498448<li>2494768<li>2498608<li>2494128<li>2498576<li>2494800<li>2494768<li>2498432<li>2494944<li>2494800<li>2557072<li>2498784<li>2494656<li>2494768<li>2494800<li>2557072<li>2494800<li>2498688<li>2494768<li>2494688<li>2498816<li>2494800<li>2495352<li>2495528<li>0 product(s) found for discount</ul><hr />{"success":true,"response":"59 products updated","redirect":null}[2025-12-02 10:35:25] Command triggered for store_id 9 with PID 6424
PHP Notice:  Undefined index: REQUEST_URI in /var/www/vhosts/wantadigital.com/www/theartisttree-mis/class/SessionManager.php on line 59
PHP Notice:  Undefined index: REQUEST_URI in /var/www/vhosts/wantadigital.com/www/theartisttree-mis/class/SessionManager.php on line 59
PHP Notice:  Undefined index: REQUEST_URI in /var/www/vhosts/wantadigital.com/www/theartisttree-mis/class/SessionManager.php on line 59
PHP Notice:  Undefined index: REQUEST_URI in /var/www/vhosts/wantadigital.com/www/theartisttree-mis/class/SessionManager.php on line 59
PHP Notice:  Undefined index: REQUEST_URI in /var/www/vhosts/wantadigital.com/www/theartisttree-mis/class/SessionManager.php on line 59
PHP Notice:  Undefined index: REQUEST_URI in /var/www/vhosts/wantadigital.com/www/theartisttree-mis/inc/security.php on line 41
<ul><li>Laguna Woods<li>146 product(s) found for reset<li>2445744<li>2445712<li>2445744<li>2445712<li>2442304<li>2442288<li>2442128<li>2445744<li>2450272<li>2450144<li>2450544<li>2447264<li>2442688<li>2449216<li>2442480<li>2449536<li>2443040<li>2456176<li>2446448<li>2508688<li>2448704<li>2443008<li>2450144<li>2446224<li>2449264<li>2446448<li>2449232<li>2443040<li>2446384<li>2452720<li>2443008<li>2441680<li>2442544<li>2442640<li>2442480<li>2448368<li>2442480<li>2442480<li>2442864<li>2442480<li>2413296<li>2446048<li>2442528<li>2442528<li>2446064<li>2446240<li>2455384<li>2460424<li>2443864<li>2452744<li>2443928<li>2453032<li>2451800<li>2443768<li>2507032<li>2458456<li>2452600<li>2444120<li>2443896<li>2452424<li>2443896<li>2442776<li>2442776<li>2442776<li>2446616<li>2443312<li>2443368<li>2443368<li>2443368<li>2443368<li>2443368<li>2444360<li>2443976<li>2444264<li>2443912<li>2443880<li>2443912<li>2443976<li>2444200<li>2444200<li>2444264<li>2443880<li>2443880<li>2443912<li>2444136<li>2444136<li>2444072<li>2444072<li>2444568<li>2444200<li>2444168<li>2444008<li>2445216<li>2443696<li>2443840<li>2443968<li>2443928<li>2444920<li>2443960<li>2443960<li>2443960<li>2444072<li>2443960<li>2443960<li>2443960<li>2447944<li>2443960<li>2444056<li>2444056<li>2509912<li>2447640<li>2449464<li>2451304<li>2443960<li>2447784<li>2444072<li>2443960<li>2443960<li>2444040<li>2443960<li>2443960<li>2447736<li>2447608<li>2443928<li>2447768<li>2443288<li>2447736<li>2443960<li>2443928<li>2447592<li>2444104<li>2443960<li>2506232<li>2447944<li>2443816<li>2443928<li>2443960<li>2506232<li>2443960<li>2447848<li>2443928<li>2443848<li>2447976<li>2443960<li>2444512<li>2444688<li>0 product(s) found for discount</ul><hr />{"success":true,"response":"0 products updated","redirect":null}[2025-12-02 10:52:16] Command triggered for store_id 9 with PID 7632
PHP Notice:  Undefined index: REQUEST_URI in /var/www/vhosts/wantadigital.com/www/theartisttree-mis/class/SessionManager.php on line 59
PHP Notice:  Undefined index: REQUEST_URI in /var/www/vhosts/wantadigital.com/www/theartisttree-mis/class/SessionManager.php on line 59
PHP Notice:  Undefined index: REQUEST_URI in /var/www/vhosts/wantadigital.com/www/theartisttree-mis/class/SessionManager.php on line 59
PHP Notice:  Undefined index: REQUEST_URI in /var/www/vhosts/wantadigital.com/www/theartisttree-mis/class/SessionManager.php on line 59
PHP Notice:  Undefined index: REQUEST_URI in /var/www/vhosts/wantadigital.com/www/theartisttree-mis/class/SessionManager.php on line 59
PHP Notice:  Undefined index: REQUEST_URI in /var/www/vhosts/wantadigital.com/www/theartisttree-mis/inc/security.php on line 41
<ul><li>Laguna Woods<li>146 product(s) found for reset<li>2445744<li>2445712<li>2445744<li>2445712<li>2442304<li>2442288<li>2442128<li>2445744<li>2450272<li>2450144<li>2450544<li>2447264<li>2442688<li>2449216<li>2442480<li>2449536<li>2443040<li>2456176<li>2446448<li>2508688<li>2448704<li>2443008<li>2450144<li>2446224<li>2449264<li>2446448<li>2449232<li>2443040<li>2446384<li>2452720<li>2443008<li>2441680<li>2442544<li>2442640<li>2442480<li>2448368<li>2442480<li>2442480<li>2442864<li>2442480<li>2413296<li>2446048<li>2442528<li>2442528<li>2446064<li>2446240<li>2455384<li>2460424<li>2443864<li>2452744<li>2443928<li>2453032<li>2451800<li>2443768<li>2507032<li>2458456<li>2452600<li>2444120<li>2443896<li>2452424<li>2443896<li>2442776<li>2442776<li>2442776<li>2446616<li>2443312<li>2443368<li>2443368<li>2443368<li>2443368<li>2443368<li>2444360<li>2443976<li>2444264<li>2443912<li>2443880<li>2443912<li>2443976<li>2444200<li>2444200<li>2444264<li>2443880<li>2443880<li>2443912<li>2444136<li>2444136<li>2444072<li>2444072<li>2444568<li>2444200<li>2444168<li>2444008<li>2445216<li>2443696<li>2443840<li>2443968<li>2443928<li>2444920<li>2443960<li>2443960<li>2443960<li>2444072<li>2443960<li>2443960<li>2443960<li>2447944<li>2443960<li>2444056<li>2444056<li>2509912<li>2447640<li>2449464<li>2451304<li>2443960<li>2447784<li>2444072<li>2443960<li>2443960<li>2444040<li>2443960<li>2443960<li>2447736<li>2447608<li>2443928<li>2447768<li>2443288<li>2447736<li>2443960<li>2443928<li>2447592<li>2444104<li>2443960<li>2506232<li>2447944<li>2443816<li>2443928<li>2443960<li>2506232<li>2443960<li>2447848<li>2443928<li>2443848<li>2447976<li>2443960<li>2444512<li>2444688<li>0 product(s) found for discount</ul><hr />{"success":true,"response":"0 products updated","redirect":null}