[2025-12-01 16:33:47] Command triggered for store_id 6 with PID 20774
PHP Notice:  Undefined index: REQUEST_URI in /var/www/vhosts/wantadigital.com/www/theartisttree-mis/class/SessionManager.php on line 59
PHP Notice:  Undefined index: REQUEST_URI in /var/www/vhosts/wantadigital.com/www/theartisttree-mis/class/SessionManager.php on line 59
PHP Notice:  Undefined index: REQUEST_URI in /var/www/vhosts/wantadigital.com/www/theartisttree-mis/class/SessionManager.php on line 59
PHP Notice:  Undefined index: REQUEST_URI in /var/www/vhosts/wantadigital.com/www/theartisttree-mis/class/SessionManager.php on line 59
PHP Notice:  Undefined index: REQUEST_URI in /var/www/vhosts/wantadigital.com/www/theartisttree-mis/class/SessionManager.php on line 59
PHP Notice:  Undefined index: REQUEST_URI in /var/www/vhosts/wantadigital.com/www/theartisttree-mis/inc/security.php on line 41
<ul><li>Fresno<li>0 product(s) found for reset<li>164 product(s) found for discount<li>2459048<li>2459616<li>2490824<li>2460352<li>2487768<li>2464768<li>2461960<li>2465744<li>2462504<li>2462976<li>2467432<li>2466096<li>2466568<li>2467072<li>2467512<li>2467984<li>2468456<li>2468928<li>2469400<li>2470192<li>2470664<li>2471136<li>2471208<li>2471744<li>2472424<li>2472896<li>2517432<li>2518544<li>2474904<li>2475392<li>2476216<li>2476160<li>2520360<li>2477312<li>2477640<li>2478176<li>2478728<li>2479104<li>2480216<li>2481744<li>2482200<li>2482656<li>2483000<li>2483088<li>2483560<li>2484000<li>2484648<li>2485136<li>2485624<li>2485984<li>2486728<li>2487360<li>2487768<li>2488176<li>2488648<li>2489184<li>2489528<li>2489984<li>2491080<li>2492256<li>2492136<li>2492512<li>2492968<li>2493360<li>2493896<li>2494416<li>2494760<li>2495344<li>2495704<li>2496096<li>2496648<li>2497120<li>2497576<li>2498064<li>2499656<li>2500128<li>2500600<li>2501056<li>2501576<li>2502048<li>2502568<li>2541104<li>2503288<li>2503792<li>2504216<li>2504800<li>2505256<li>2505504<li>2506024<li>2506480<li>2507096<li>2507488<li>2507832<li>2508288<li>2508744<li>2509328<li>2509672<li>2510192<li>2510648<li>2510992<li>2511480<li>2512000<li>2512376<li>2512944<li>2513368<li>2514080<li>2520248<li>2520448<li>2520872<li>2521248<li>2521832<li>2522688<li>2522616<li>2523088<li>2523544<li>2524208<li>2524504<li>2525024<li>2525384<li>2525968<li>2517992<li>2526704<li>2527160<li>2527728<li>2528136<li>2528528<li>2529080<li>2529520<li>2529864<li>2530336<li>2530872<li>2531248<li>2531864<li>2532192<li>2532616<li>2533184<li>2533560<li>2533984<li>2534488<li>2540304<li>2535512<li>2535904<li>2536296<li>2536768<li>2537208<li>2537632<li>2538088<li>2538544<li>2539000<li>2539296<li>2540008<li>2553184<li>2560120<li>2558160<li>2543128<li>2543600<li>2586584<li>2544544<li>2556936<li>2545920<li>2546344<li>2558448<li>2548408<li>2548880</ul><hr />{"success":true,"response":"164 products updated","redirect":null}[2025-12-01 16:35:13] Command triggered for store_id 6 with PID 20942
PHP Notice:  Undefined index: REQUEST_URI in /var/www/vhosts/wantadigital.com/www/theartisttree-mis/class/SessionManager.php on line 59
PHP Notice:  Undefined index: REQUEST_URI in /var/www/vhosts/wantadigital.com/www/theartisttree-mis/class/SessionManager.php on line 59
PHP Notice:  Undefined index: REQUEST_URI in /var/www/vhosts/wantadigital.com/www/theartisttree-mis/class/SessionManager.php on line 59
PHP Notice:  Undefined index: REQUEST_URI in /var/www/vhosts/wantadigital.com/www/theartisttree-mis/class/SessionManager.php on line 59
PHP Notice:  Undefined index: REQUEST_URI in /var/www/vhosts/wantadigital.com/www/theartisttree-mis/class/SessionManager.php on line 59
PHP Notice:  Undefined index: REQUEST_URI in /var/www/vhosts/wantadigital.com/www/theartisttree-mis/inc/security.php on line 41
<ul><li>Fresno<li>0 product(s) found for reset<li>164 product(s) found for discount<li>2459048<li>2459616<li>2490824<li>2460352<li>2487768<li>2464768<li>2461960<li>2465744<li>2462504<li>2462976<li>2467432<li>2466096<li>2466568<li>2467072<li>2467512<li>2467984<li>2468456<li>2468928<li>2469400<li>2470192<li>2470664<li>2471136<li>2471208<li>2471744<li>2472424<li>2472896<li>2517432<li>2518544<li>2474904<li>2475392<li>2476216<li>2476160<li>2520360<li>2477312<li>2477640<li>2478176<li>2478728<li>2479104<li>2480216<li>2481744<li>2482200<li>2482656<li>2483000<li>2483088<li>2483560<li>2484000<li>2484648<li>2485136<li>2485624<li>2485984<li>2486728<li>2487360<li>2487768<li>2488176<li>2488648<li>2489184<li>2489528<li>2489984<li>2491080<li>2492256<li>2492136<li>2492512<li>2492968<li>2493360<li>2493896<li>2494416<li>2494760<li>2495344<li>2495704<li>2496096<li>2496648<li>2497120<li>2497576<li>2498064<li>2499656<li>2500128<li>2500600<li>2501056<li>2501576<li>2502048<li>2502568<li>2541104<li>2503288<li>2503792<li>2504216<li>2504800<li>2505256<li>2505504<li>2506024<li>2506480<li>2507096<li>2507488<li>2507832<li>2508288<li>2508744<li>2509328<li>2509672<li>2510192<li>2510648<li>2510992<li>2511480<li>2512000<li>2512376<li>2512944<li>2513368<li>2514080<li>2520248<li>2520448<li>2520872<li>2521248<li>2521832<li>2522688<li>2522616<li>2523088<li>2523544<li>2524208<li>2524504<li>2525024<li>2525384<li>2525968<li>2517992<li>2526704<li>2527160<li>2527728<li>2528136<li>2528528<li>2529080<li>2529520<li>2529864<li>2530336<li>2530872<li>2531248<li>2531864<li>2532192<li>2532616<li>2533184<li>2533560<li>2533984<li>2534488<li>2540304<li>2535512<li>2535904<li>2536296<li>2536768<li>2537208<li>2537632<li>2538088<li>2538544<li>2539000<li>2539296<li>2540008<li>2553184<li>2560120<li>2558160<li>2543128<li>2543600<li>2586584<li>2544544<li>2556936<li>2545920<li>2546344<li>2558448<li>2548408<li>2548880</ul><hr />{"success":true,"response":"164 products updated","redirect":null}[2025-12-01 16:40:11] Command triggered for store_id 6 with PID 21163
PHP Notice:  Undefined index: REQUEST_URI in /var/www/vhosts/wantadigital.com/www/theartisttree-mis/class/SessionManager.php on line 59
PHP Notice:  Undefined index: REQUEST_URI in /var/www/vhosts/wantadigital.com/www/theartisttree-mis/class/SessionManager.php on line 59
PHP Notice:  Undefined index: REQUEST_URI in /var/www/vhosts/wantadigital.com/www/theartisttree-mis/class/SessionManager.php on line 59
PHP Notice:  Undefined index: REQUEST_URI in /var/www/vhosts/wantadigital.com/www/theartisttree-mis/class/SessionManager.php on line 59
PHP Notice:  Undefined index: REQUEST_URI in /var/www/vhosts/wantadigital.com/www/theartisttree-mis/class/SessionManager.php on line 59
PHP Notice:  Undefined index: REQUEST_URI in /var/www/vhosts/wantadigital.com/www/theartisttree-mis/inc/security.php on line 41
<ul><li>Fresno<li>0 product(s) found for reset<li>0 product(s) found for discount</ul><hr />{"success":true,"response":"0 products updated","redirect":null}[2025-12-01 16:43:16] Command triggered for store_id 6 with PID 21380
PHP Notice:  Undefined index: REQUEST_URI in /var/www/vhosts/wantadigital.com/www/theartisttree-mis/class/SessionManager.php on line 59
PHP Notice:  Undefined index: REQUEST_URI in /var/www/vhosts/wantadigital.com/www/theartisttree-mis/class/SessionManager.php on line 59
PHP Notice:  Undefined index: REQUEST_URI in /var/www/vhosts/wantadigital.com/www/theartisttree-mis/class/SessionManager.php on line 59
PHP Notice:  Undefined index: REQUEST_URI in /var/www/vhosts/wantadigital.com/www/theartisttree-mis/class/SessionManager.php on line 59
PHP Notice:  Undefined index: REQUEST_URI in /var/www/vhosts/wantadigital.com/www/theartisttree-mis/class/SessionManager.php on line 59
PHP Notice:  Undefined index: REQUEST_URI in /var/www/vhosts/wantadigital.com/www/theartisttree-mis/inc/security.php on line 41
<ul><li>Fresno<li>0 product(s) found for reset<li>164 product(s) found for discount<li>2459048<li>2459616<li>2490824<li>2460352<li>2487768<li>2464768<li>2461960<li>2465744<li>2462504<li>2462976<li>2467432<li>2466096<li>2466568<li>2467072<li>2467512<li>2467984<li>2468456<li>2468928<li>2469400<li>2470192<li>2470664<li>2471136<li>2471208<li>2471744<li>2472424<li>2472896<li>2517432<li>2518544<li>2474904<li>2475392<li>2476216<li>2476160<li>2520360<li>2477312<li>2477640<li>2478176<li>2478728<li>2479104<li>2480216<li>2481744<li>2482200<li>2482656<li>2483000<li>2483088<li>2483560<li>2484000<li>2484648<li>2485136<li>2485624<li>2485984<li>2486728<li>2487360<li>2487768<li>2488176<li>2488648<li>2489184<li>2489528<li>2489984<li>2491080<li>2492256<li>2492136<li>2492512<li>2492968<li>2493360<li>2493896<li>2494416<li>2494760<li>2495344<li>2495704<li>2496096<li>2496648<li>2497120<li>2497576<li>2498064<li>2499656<li>2500128<li>2500600<li>2501056<li>2501576<li>2502048<li>2502568<li>2541104<li>2503288<li>2503792<li>2504216<li>2504800<li>2505256<li>2505504<li>2506024<li>2506480<li>2507096<li>2507488<li>2507832<li>2508288<li>2508744<li>2509328<li>2509672<li>2510192<li>2510648<li>2510992<li>2511480<li>2512000<li>2512376<li>2512944<li>2513368<li>2514080<li>2520248<li>2520448<li>2520872<li>2521248<li>2521832<li>2522688<li>2522616<li>2523088<li>2523544<li>2524208<li>2524504<li>2525024<li>2525384<li>2525968<li>2517992<li>2526704<li>2527160<li>2527728<li>2528136<li>2528528<li>2529080<li>2529520<li>2529864<li>2530336<li>2530872<li>2531248<li>2531864<li>2532192<li>2532616<li>2533184<li>2533560<li>2533984<li>2534488<li>2540304<li>2535512<li>2535904<li>2536296<li>2536768<li>2537208<li>2537632<li>2538088<li>2538544<li>2539000<li>2539296<li>2540008<li>2553184<li>2560120<li>2558160<li>2543128<li>2543600<li>2586584<li>2544544<li>2556936<li>2545920<li>2546344<li>2558448<li>2548408<li>2548880</ul><hr />{"success":true,"response":"164 products updated","redirect":null}[2025-12-01 16:49:06] Command triggered for store_id 6 with PID 21612
PHP Notice:  Undefined index: REQUEST_URI in /var/www/vhosts/wantadigital.com/www/theartisttree-mis/class/SessionManager.php on line 59
PHP Notice:  Undefined index: REQUEST_URI in /var/www/vhosts/wantadigital.com/www/theartisttree-mis/class/SessionManager.php on line 59
PHP Notice:  Undefined index: REQUEST_URI in /var/www/vhosts/wantadigital.com/www/theartisttree-mis/class/SessionManager.php on line 59
PHP Notice:  Undefined index: REQUEST_URI in /var/www/vhosts/wantadigital.com/www/theartisttree-mis/class/SessionManager.php on line 59
PHP Notice:  Undefined index: REQUEST_URI in /var/www/vhosts/wantadigital.com/www/theartisttree-mis/class/SessionManager.php on line 59
PHP Notice:  Undefined index: REQUEST_URI in /var/www/vhosts/wantadigital.com/www/theartisttree-mis/inc/security.php on line 41
<ul><li>Fresno<li>0 product(s) found for reset<li>0 product(s) found for discount</ul><hr />{"success":true,"response":"0 products updated","redirect":null}[2025-12-01 16:50:24] Command triggered for store_id 6 with PID 21718
PHP Notice:  Undefined index: REQUEST_URI in /var/www/vhosts/wantadigital.com/www/theartisttree-mis/class/SessionManager.php on line 59
PHP Notice:  Undefined index: REQUEST_URI in /var/www/vhosts/wantadigital.com/www/theartisttree-mis/class/SessionManager.php on line 59
PHP Notice:  Undefined index: REQUEST_URI in /var/www/vhosts/wantadigital.com/www/theartisttree-mis/class/SessionManager.php on line 59
PHP Notice:  Undefined index: REQUEST_URI in /var/www/vhosts/wantadigital.com/www/theartisttree-mis/class/SessionManager.php on line 59
PHP Notice:  Undefined index: REQUEST_URI in /var/www/vhosts/wantadigital.com/www/theartisttree-mis/class/SessionManager.php on line 59
PHP Notice:  Undefined index: REQUEST_URI in /var/www/vhosts/wantadigital.com/www/theartisttree-mis/inc/security.php on line 41
<ul><li>Fresno<li>0 product(s) found for reset<li>0 product(s) found for discount</ul><hr />{"success":true,"response":"0 products updated","redirect":null}