[2025-12-01 16:33:47] Command triggered for store_id 3 with PID 20768
PHP Notice:  Undefined index: REQUEST_URI in /var/www/vhosts/wantadigital.com/www/theartisttree-mis/class/SessionManager.php on line 59
PHP Notice:  Undefined index: REQUEST_URI in /var/www/vhosts/wantadigital.com/www/theartisttree-mis/class/SessionManager.php on line 59
PHP Notice:  Undefined index: REQUEST_URI in /var/www/vhosts/wantadigital.com/www/theartisttree-mis/class/SessionManager.php on line 59
PHP Notice:  Undefined index: REQUEST_URI in /var/www/vhosts/wantadigital.com/www/theartisttree-mis/class/SessionManager.php on line 59
PHP Notice:  Undefined index: REQUEST_URI in /var/www/vhosts/wantadigital.com/www/theartisttree-mis/class/SessionManager.php on line 59
PHP Notice:  Undefined index: REQUEST_URI in /var/www/vhosts/wantadigital.com/www/theartisttree-mis/inc/security.php on line 41
<ul><li>Beverly<li>0 product(s) found for reset<li>164 product(s) found for discount<li>2459048<li>2459616<li>2490792<li>2460320<li>2487736<li>2461056<li>2461928<li>2465712<li>2462472<li>2462928<li>2467400<li>2464864<li>2465688<li>2467488<li>2467800<li>2468384<li>2468712<li>2469472<li>2469848<li>2470336<li>2470696<li>2471440<li>2472072<li>2472480<li>2472888<li>2473360<li>2473896<li>2474352<li>2474808<li>2475904<li>2476536<li>2476848<li>2477224<li>2477680<li>2478072<li>2478720<li>2479128<li>2479472<li>2480056<li>2480416<li>2480808<li>2481360<li>2481720<li>2482288<li>2482776<li>2484368<li>2484840<li>2485312<li>2485768<li>2486288<li>2486760<li>2487280<li>2525928<li>2488112<li>2488504<li>2489040<li>2489512<li>2489968<li>2490216<li>2490736<li>2491192<li>2491808<li>2492200<li>2492656<li>2493000<li>2493568<li>2494040<li>2494384<li>2494904<li>2495360<li>2495816<li>2496304<li>2496712<li>2497200<li>2497656<li>2498192<li>2498728<li>2504736<li>2505160<li>2505472<li>2506072<li>2506544<li>2507272<li>2507328<li>2507800<li>2508256<li>2509032<li>2509328<li>2509736<li>2510096<li>2510680<li>2502704<li>2511480<li>2511984<li>2512328<li>2512848<li>2513240<li>2513792<li>2514232<li>2514576<li>2515048<li>2515712<li>2516072<li>2516576<li>2516904<li>2517328<li>2517896<li>2518384<li>2518696<li>2519200<li>2525128<li>2520224<li>2520616<li>2521008<li>2521480<li>2521920<li>2522344<li>2522912<li>2523256<li>2523824<li>2525240<li>2525712<li>2526216<li>2526656<li>2527128<li>2527600<li>2528072<li>2528544<li>2529336<li>2529808<li>2530280<li>2530352<li>2530888<li>2531568<li>2532040<li>2576576<li>2577688<li>2534048<li>2534648<li>2535360<li>2535304<li>2579504<li>2536456<li>2536784<li>2537320<li>2537872<li>2538248<li>2539360<li>2540888<li>2541344<li>2541800<li>2547184<li>2554120<li>2554480<li>2543128<li>2543600<li>2586584<li>2544544<li>2556936<li>2545920<li>2546344<li>2558448<li>2548408<li>2548880</ul><hr />{"success":true,"response":"164 products updated","redirect":null}[2025-12-01 16:35:13] Command triggered for store_id 3 with PID 20936
PHP Notice:  Undefined index: REQUEST_URI in /var/www/vhosts/wantadigital.com/www/theartisttree-mis/class/SessionManager.php on line 59
PHP Notice:  Undefined index: REQUEST_URI in /var/www/vhosts/wantadigital.com/www/theartisttree-mis/class/SessionManager.php on line 59
PHP Notice:  Undefined index: REQUEST_URI in /var/www/vhosts/wantadigital.com/www/theartisttree-mis/class/SessionManager.php on line 59
PHP Notice:  Undefined index: REQUEST_URI in /var/www/vhosts/wantadigital.com/www/theartisttree-mis/class/SessionManager.php on line 59
PHP Notice:  Undefined index: REQUEST_URI in /var/www/vhosts/wantadigital.com/www/theartisttree-mis/class/SessionManager.php on line 59
PHP Notice:  Undefined index: REQUEST_URI in /var/www/vhosts/wantadigital.com/www/theartisttree-mis/inc/security.php on line 41
<ul><li>Beverly<li>0 product(s) found for reset<li>164 product(s) found for discount<li>2459048<li>2459616<li>2490792<li>2460320<li>2487736<li>2461056<li>2461928<li>2465712<li>2462472<li>2462928<li>2467400<li>2464864<li>2465688<li>2467488<li>2467800<li>2468384<li>2468712<li>2469472<li>2469848<li>2470336<li>2470696<li>2471440<li>2472072<li>2472480<li>2472888<li>2473360<li>2473896<li>2474352<li>2474808<li>2475904<li>2476536<li>2476848<li>2477224<li>2477680<li>2478072<li>2478720<li>2479128<li>2479472<li>2480056<li>2480416<li>2480808<li>2481360<li>2481720<li>2482288<li>2482776<li>2484368<li>2484840<li>2485312<li>2485768<li>2486288<li>2486760<li>2487280<li>2525928<li>2488112<li>2488504<li>2489040<li>2489512<li>2489968<li>2490216<li>2490736<li>2491192<li>2491808<li>2492200<li>2492656<li>2493000<li>2493568<li>2494040<li>2494384<li>2494904<li>2495360<li>2495816<li>2496304<li>2496712<li>2497200<li>2497656<li>2498192<li>2498728<li>2504736<li>2505160<li>2505472<li>2506072<li>2506544<li>2507272<li>2507328<li>2507800<li>2508256<li>2509032<li>2509328<li>2509736<li>2510096<li>2510680<li>2502704<li>2511480<li>2511984<li>2512328<li>2512848<li>2513240<li>2513792<li>2514232<li>2514576<li>2515048<li>2515712<li>2516072<li>2516576<li>2516904<li>2517328<li>2517896<li>2518384<li>2518696<li>2519200<li>2525128<li>2520224<li>2520616<li>2521008<li>2521480<li>2521920<li>2522344<li>2522912<li>2523256<li>2523824<li>2525240<li>2525712<li>2526216<li>2526656<li>2527128<li>2527600<li>2528072<li>2528544<li>2529336<li>2529808<li>2530280<li>2530352<li>2530888<li>2531568<li>2532040<li>2576576<li>2577688<li>2534048<li>2534648<li>2535360<li>2535304<li>2579504<li>2536456<li>2536784<li>2537320<li>2537872<li>2538248<li>2539360<li>2540888<li>2541344<li>2541800<li>2547184<li>2554120<li>2554480<li>2543128<li>2543600<li>2586584<li>2544544<li>2556936<li>2545920<li>2546344<li>2558448<li>2548408<li>2548880</ul><hr />{"success":true,"response":"164 products updated","redirect":null}[2025-12-01 16:40:11] Command triggered for store_id 3 with PID 21157
PHP Notice:  Undefined index: REQUEST_URI in /var/www/vhosts/wantadigital.com/www/theartisttree-mis/class/SessionManager.php on line 59
PHP Notice:  Undefined index: REQUEST_URI in /var/www/vhosts/wantadigital.com/www/theartisttree-mis/class/SessionManager.php on line 59
PHP Notice:  Undefined index: REQUEST_URI in /var/www/vhosts/wantadigital.com/www/theartisttree-mis/class/SessionManager.php on line 59
PHP Notice:  Undefined index: REQUEST_URI in /var/www/vhosts/wantadigital.com/www/theartisttree-mis/class/SessionManager.php on line 59
PHP Notice:  Undefined index: REQUEST_URI in /var/www/vhosts/wantadigital.com/www/theartisttree-mis/class/SessionManager.php on line 59
PHP Notice:  Undefined index: REQUEST_URI in /var/www/vhosts/wantadigital.com/www/theartisttree-mis/inc/security.php on line 41
<ul><li>Beverly<li>0 product(s) found for reset<li>0 product(s) found for discount</ul><hr />{"success":true,"response":"0 products updated","redirect":null}[2025-12-01 16:43:16] Command triggered for store_id 3 with PID 21374
PHP Notice:  Undefined index: REQUEST_URI in /var/www/vhosts/wantadigital.com/www/theartisttree-mis/class/SessionManager.php on line 59
PHP Notice:  Undefined index: REQUEST_URI in /var/www/vhosts/wantadigital.com/www/theartisttree-mis/class/SessionManager.php on line 59
PHP Notice:  Undefined index: REQUEST_URI in /var/www/vhosts/wantadigital.com/www/theartisttree-mis/class/SessionManager.php on line 59
PHP Notice:  Undefined index: REQUEST_URI in /var/www/vhosts/wantadigital.com/www/theartisttree-mis/class/SessionManager.php on line 59
PHP Notice:  Undefined index: REQUEST_URI in /var/www/vhosts/wantadigital.com/www/theartisttree-mis/class/SessionManager.php on line 59
PHP Notice:  Undefined index: REQUEST_URI in /var/www/vhosts/wantadigital.com/www/theartisttree-mis/inc/security.php on line 41
<ul><li>Beverly<li>0 product(s) found for reset<li>164 product(s) found for discount<li>2459048<li>2459616<li>2490792<li>2460320<li>2487736<li>2461056<li>2461928<li>2465712<li>2462472<li>2462928<li>2467400<li>2464864<li>2465688<li>2467488<li>2467800<li>2468384<li>2468712<li>2469472<li>2469848<li>2470336<li>2470696<li>2471440<li>2472072<li>2472480<li>2472888<li>2473360<li>2473896<li>2474352<li>2474808<li>2475904<li>2476536<li>2476848<li>2477224<li>2477680<li>2478072<li>2478720<li>2479128<li>2479472<li>2480056<li>2480416<li>2480808<li>2481360<li>2481720<li>2482288<li>2482776<li>2484368<li>2484840<li>2485312<li>2485768<li>2486288<li>2486760<li>2487280<li>2525928<li>2488112<li>2488504<li>2489040<li>2489512<li>2489968<li>2490216<li>2490736<li>2491192<li>2491808<li>2492200<li>2492656<li>2493000<li>2493568<li>2494040<li>2494384<li>2494904<li>2495360<li>2495816<li>2496304<li>2496712<li>2497200<li>2497656<li>2498192<li>2498728<li>2504736<li>2505160<li>2505472<li>2506072<li>2506544<li>2507272<li>2507328<li>2507800<li>2508256<li>2509032<li>2509328<li>2509736<li>2510096<li>2510680<li>2502704<li>2511480<li>2511984<li>2512328<li>2512848<li>2513240<li>2513792<li>2514232<li>2514576<li>2515048<li>2515712<li>2516072<li>2516576<li>2516904<li>2517328<li>2517896<li>2518384<li>2518696<li>2519200<li>2525128<li>2520224<li>2520616<li>2521008<li>2521480<li>2521920<li>2522344<li>2522912<li>2523256<li>2523824<li>2525240<li>2525712<li>2526216<li>2526656<li>2527128<li>2527600<li>2528072<li>2528544<li>2529336<li>2529808<li>2530280<li>2530352<li>2530888<li>2531568<li>2532040<li>2576576<li>2577688<li>2534048<li>2534648<li>2535360<li>2535304<li>2579504<li>2536456<li>2536784<li>2537320<li>2537872<li>2538248<li>2539360<li>2540888<li>2541344<li>2541800<li>2547184<li>2554120<li>2554480<li>2543128<li>2543600<li>2586584<li>2544544<li>2556936<li>2545920<li>2546344<li>2558448<li>2548408<li>2548880</ul><hr />{"success":true,"response":"164 products updated","redirect":null}[2025-12-01 16:49:06] Command triggered for store_id 3 with PID 21606
PHP Notice:  Undefined index: REQUEST_URI in /var/www/vhosts/wantadigital.com/www/theartisttree-mis/class/SessionManager.php on line 59
PHP Notice:  Undefined index: REQUEST_URI in /var/www/vhosts/wantadigital.com/www/theartisttree-mis/class/SessionManager.php on line 59
PHP Notice:  Undefined index: REQUEST_URI in /var/www/vhosts/wantadigital.com/www/theartisttree-mis/class/SessionManager.php on line 59
PHP Notice:  Undefined index: REQUEST_URI in /var/www/vhosts/wantadigital.com/www/theartisttree-mis/class/SessionManager.php on line 59
PHP Notice:  Undefined index: REQUEST_URI in /var/www/vhosts/wantadigital.com/www/theartisttree-mis/class/SessionManager.php on line 59
PHP Notice:  Undefined index: REQUEST_URI in /var/www/vhosts/wantadigital.com/www/theartisttree-mis/inc/security.php on line 41
<ul><li>Beverly<li>0 product(s) found for reset<li>0 product(s) found for discount</ul><hr />{"success":true,"response":"0 products updated","redirect":null}[2025-12-01 16:50:24] Command triggered for store_id 3 with PID 21712
PHP Notice:  Undefined index: REQUEST_URI in /var/www/vhosts/wantadigital.com/www/theartisttree-mis/class/SessionManager.php on line 59
PHP Notice:  Undefined index: REQUEST_URI in /var/www/vhosts/wantadigital.com/www/theartisttree-mis/class/SessionManager.php on line 59
PHP Notice:  Undefined index: REQUEST_URI in /var/www/vhosts/wantadigital.com/www/theartisttree-mis/class/SessionManager.php on line 59
PHP Notice:  Undefined index: REQUEST_URI in /var/www/vhosts/wantadigital.com/www/theartisttree-mis/class/SessionManager.php on line 59
PHP Notice:  Undefined index: REQUEST_URI in /var/www/vhosts/wantadigital.com/www/theartisttree-mis/class/SessionManager.php on line 59
PHP Notice:  Undefined index: REQUEST_URI in /var/www/vhosts/wantadigital.com/www/theartisttree-mis/inc/security.php on line 41
<ul><li>Beverly<li>0 product(s) found for reset<li>0 product(s) found for discount</ul><hr />{"success":true,"response":"0 products updated","redirect":null}