[2025-12-02 10:07:46] Command triggered for store_id 8 with PID 4840
PHP Notice:  Undefined index: REQUEST_URI in /var/www/vhosts/wantadigital.com/www/theartisttree-mis/class/SessionManager.php on line 59
PHP Notice:  Undefined index: REQUEST_URI in /var/www/vhosts/wantadigital.com/www/theartisttree-mis/class/SessionManager.php on line 59
PHP Notice:  Undefined index: REQUEST_URI in /var/www/vhosts/wantadigital.com/www/theartisttree-mis/class/SessionManager.php on line 59
PHP Notice:  Undefined index: REQUEST_URI in /var/www/vhosts/wantadigital.com/www/theartisttree-mis/class/SessionManager.php on line 59
PHP Notice:  Undefined index: REQUEST_URI in /var/www/vhosts/wantadigital.com/www/theartisttree-mis/class/SessionManager.php on line 59
PHP Notice:  Undefined index: REQUEST_URI in /var/www/vhosts/wantadigital.com/www/theartisttree-mis/inc/security.php on line 41
<ul><li>El Sobrante<li>0 product(s) found for reset<li>0 product(s) found for discount</ul><hr />{"success":true,"response":"0 products updated","redirect":null}[2025-12-02 10:08:17] Command triggered for store_id 8 with PID 4914
PHP Notice:  Undefined index: REQUEST_URI in /var/www/vhosts/wantadigital.com/www/theartisttree-mis/class/SessionManager.php on line 59
PHP Notice:  Undefined index: REQUEST_URI in /var/www/vhosts/wantadigital.com/www/theartisttree-mis/class/SessionManager.php on line 59
PHP Notice:  Undefined index: REQUEST_URI in /var/www/vhosts/wantadigital.com/www/theartisttree-mis/class/SessionManager.php on line 59
PHP Notice:  Undefined index: REQUEST_URI in /var/www/vhosts/wantadigital.com/www/theartisttree-mis/class/SessionManager.php on line 59
PHP Notice:  Undefined index: REQUEST_URI in /var/www/vhosts/wantadigital.com/www/theartisttree-mis/class/SessionManager.php on line 59
PHP Notice:  Undefined index: REQUEST_URI in /var/www/vhosts/wantadigital.com/www/theartisttree-mis/inc/security.php on line 41
<ul><li>El Sobrante<li>0 product(s) found for reset<li>231 product(s) found for discount<li>2611240<li>2670840<li>2648800<li>2660280<li>2646944<li>2673672<li>2672944<li>2655544<li>2674640<li>2675032<li>2652624<li>2675832<li>2676272<li>2647144<li>2665776<li>2677848<li>2678896<li>2679352<li>2649712<li>2687400<li>2686992<li>2680952<li>2680752<li>2674048<li>2591944<li>2682528<li>2683096<li>2671584<li>2665400<li>2594144<li>2661736<li>2673552<li>2685560<li>2675584<li>2680288<li>2658704<li>2689016<li>2688832<li>2632712<li>2690368<li>2690536<li>2682992<li>2691288<li>2668736<li>2668920<li>2699984<li>2670184<li>2693552<li>2697464<li>2671136<li>2694440<li>2695168<li>2688416<li>2696544<li>2673800<li>2697200<li>2675880<li>2685760<li>2698216<li>2698896<li>2609224<li>2699920<li>2700360<li>2700608<li>2707248<li>2700704<li>2617120<li>2713880<li>2711552<li>2708488<li>2708352<li>2708960<li>2715656<li>2687152<li>2710168<li>2686912<li>2717448<li>2689200<li>2681768<li>2689728<li>2666328<li>2690544<li>2713912<li>2695856<li>2714472<li>2707920<li>2692696<li>2626016<li>2693720<li>2716864<li>2717288<li>2718048<li>2699912<li>2722504<li>2719208<li>2696512<li>2719816<li>2697552<li>2721384<li>2721296<li>2721416<li>2722048<li>2710232<li>2723440<li>2723608<li>2700248<li>2696984<li>2708384<li>2697832<li>2648736<li>2709752<li>2699200<li>2650792<li>2711440<li>2705768<li>2706224<li>2701800<li>2702320<li>2702776<li>2703232<li>2707064<li>2697424<li>2705240<li>2716640<li>2698728<li>2711312<li>2711768<li>2712224<li>2707880<li>2708352<li>2713576<li>2671696<li>2709720<li>2714944<li>2710632<li>2711088<li>2716424<li>2724648<li>2724744<li>2719072<li>2718024<li>2719872<li>2720616<li>2727024<li>2654792<li>2721696<li>2717448<li>2717840<li>2718360<li>2723632<li>2723912<li>2730672<li>2731488<li>2720968<li>2732024<li>2732480<li>2726984<li>2727264<li>2733296<li>2722848<li>2734760<li>2724208<li>2729544<li>2730000<li>2736584<li>2726032<li>2726520<li>2731808<li>2727384<li>2738352<li>2733928<li>2734384<li>2738576<li>2740176<li>2740600<li>2736192<li>2747656<li>2741984<li>2737984<li>2738016<li>2685440<li>2683304<li>2738120<li>2738568<li>2746032<li>2746864<li>2746960<li>2740360<li>2747920<li>2719320<li>2749024<li>2742440<li>2742880<li>2750344<li>2743760<li>2751224<li>2752304<li>2752776<li>2753200<li>2750352<li>2724816<li>2754552<li>2696096<li>2754816<li>2688760<li>2688800<li>2726624<li>2756136<li>2702032<li>2750216<li>2702928<li>2758104<li>2753280<li>2759576<li>2760768<li>2761192<li>2754608<li>2707336<li>2755472<li>2762944<li>2763384<li>2750136<li>2766832<li>2757696<li>2764984<li>2765600<li>2759016<li>2766480<li>2763632<li>2767392<li>2760792</ul><hr />{"success":true,"response":"226 products updated","redirect":null}[2025-12-02 10:16:33] Command triggered for store_id 8 with PID 5376
PHP Notice:  Undefined index: REQUEST_URI in /var/www/vhosts/wantadigital.com/www/theartisttree-mis/class/SessionManager.php on line 59
PHP Notice:  Undefined index: REQUEST_URI in /var/www/vhosts/wantadigital.com/www/theartisttree-mis/class/SessionManager.php on line 59
PHP Notice:  Undefined index: REQUEST_URI in /var/www/vhosts/wantadigital.com/www/theartisttree-mis/class/SessionManager.php on line 59
PHP Notice:  Undefined index: REQUEST_URI in /var/www/vhosts/wantadigital.com/www/theartisttree-mis/class/SessionManager.php on line 59
PHP Notice:  Undefined index: REQUEST_URI in /var/www/vhosts/wantadigital.com/www/theartisttree-mis/class/SessionManager.php on line 59
PHP Notice:  Undefined index: REQUEST_URI in /var/www/vhosts/wantadigital.com/www/theartisttree-mis/inc/security.php on line 41
<ul><li>El Sobrante<li>0 product(s) found for reset<li>0 product(s) found for discount</ul><hr />{"success":true,"response":"0 products updated","redirect":null}[2025-12-02 10:17:10] Command triggered for store_id 8 with PID 5686
PHP Notice:  Undefined index: REQUEST_URI in /var/www/vhosts/wantadigital.com/www/theartisttree-mis/class/SessionManager.php on line 59
PHP Notice:  Undefined index: REQUEST_URI in /var/www/vhosts/wantadigital.com/www/theartisttree-mis/class/SessionManager.php on line 59
PHP Notice:  Undefined index: REQUEST_URI in /var/www/vhosts/wantadigital.com/www/theartisttree-mis/class/SessionManager.php on line 59
PHP Notice:  Undefined index: REQUEST_URI in /var/www/vhosts/wantadigital.com/www/theartisttree-mis/class/SessionManager.php on line 59
PHP Notice:  Undefined index: REQUEST_URI in /var/www/vhosts/wantadigital.com/www/theartisttree-mis/class/SessionManager.php on line 59
PHP Notice:  Undefined index: REQUEST_URI in /var/www/vhosts/wantadigital.com/www/theartisttree-mis/inc/security.php on line 41
<ul><li>El Sobrante<li>0 product(s) found for reset<li>0 product(s) found for discount</ul><hr />{"success":true,"response":"0 products updated","redirect":null}[2025-12-02 10:31:18] Command triggered for store_id 8 with PID 6206
PHP Notice:  Undefined index: REQUEST_URI in /var/www/vhosts/wantadigital.com/www/theartisttree-mis/class/SessionManager.php on line 59
PHP Notice:  Undefined index: REQUEST_URI in /var/www/vhosts/wantadigital.com/www/theartisttree-mis/class/SessionManager.php on line 59
PHP Notice:  Undefined index: REQUEST_URI in /var/www/vhosts/wantadigital.com/www/theartisttree-mis/class/SessionManager.php on line 59
PHP Notice:  Undefined index: REQUEST_URI in /var/www/vhosts/wantadigital.com/www/theartisttree-mis/class/SessionManager.php on line 59
PHP Notice:  Undefined index: REQUEST_URI in /var/www/vhosts/wantadigital.com/www/theartisttree-mis/class/SessionManager.php on line 59
PHP Notice:  Undefined index: REQUEST_URI in /var/www/vhosts/wantadigital.com/www/theartisttree-mis/inc/security.php on line 41
<ul><li>El Sobrante<li>152 product(s) found for reset<li>2483968<li>2484216<li>2475744<li>2488512<li>2476720<li>2488752<li>2486752<li>2477912<li>2541992<li>2493872<li>2488400<li>2480360<li>2480592<li>2488296<li>2481488<li>2480528<li>2480400<li>2484272<li>2482872<li>2481448<li>2481448<li>2481592<li>2481592<li>2485584<li>2485616<li>2485584<li>2485552<li>2482000<li>2482000<li>2481968<li>2485584<li>2490864<li>2494912<li>2491584<li>2489224<li>2485032<li>2492360<li>2486056<li>2492888<li>2487144<li>2495112<li>2491816<li>2554512<li>2488608<li>2493080<li>2497240<li>2490080<li>2501616<li>2492200<li>2499120<li>2492704<li>2493488<li>2503656<li>2494016<li>2493920<li>2493904<li>2494016<li>2493856<li>2500608<li>2497648<li>2493984<li>2493040<li>2493904<li>2464656<li>2497488<li>2493888<li>2493888<li>2493744<li>2493920<li>2494184<li>2494184<li>2494184<li>2494184<li>2494184<li>2494184<li>2493440<li>2490640<li>2493360<li>2493360<li>2493360<li>2493472<li>2493360<li>2493472<li>2493360<li>2493664<li>2493360<li>2493456<li>2493456<li>2555632<li>2493248<li>2493248<li>2493248<li>2497024<li>2493360<li>2497184<li>2497152<li>2493360<li>2493360<li>2493440<li>2493360<li>2493360<li>2493456<li>2493328<li>2493328<li>2493616<li>2484912<li>2493424<li>2493360<li>2493216<li>2493616<li>2493504<li>2493248<li>2555632<li>2493664<li>2493216<li>2493328<li>2493360<li>2555632<li>2493360<li>2493536<li>2493328<li>2493360<li>2493696<li>2493360<li>2493848<li>2493848<li>2493848<li>2493848<li>2493848<li>2495592<li>2495648<li>2496392<li>2496496<li>2496920<li>2497392<li>2497912<li>2498200<li>2498592<li>2499432<li>2499112<li>2499504<li>2499976<li>2500656<li>2501128<li>2501536<li>2502008<li>2502960<li>2502688<li>2503688<li>2503968<li>2504728<li>2504904<li>0 product(s) found for discount</ul><hr />{"success":true,"response":"57 products updated","redirect":null}[2025-12-02 10:35:25] Command triggered for store_id 8 with PID 6422
PHP Notice:  Undefined index: REQUEST_URI in /var/www/vhosts/wantadigital.com/www/theartisttree-mis/class/SessionManager.php on line 59
PHP Notice:  Undefined index: REQUEST_URI in /var/www/vhosts/wantadigital.com/www/theartisttree-mis/class/SessionManager.php on line 59
PHP Notice:  Undefined index: REQUEST_URI in /var/www/vhosts/wantadigital.com/www/theartisttree-mis/class/SessionManager.php on line 59
PHP Notice:  Undefined index: REQUEST_URI in /var/www/vhosts/wantadigital.com/www/theartisttree-mis/class/SessionManager.php on line 59
PHP Notice:  Undefined index: REQUEST_URI in /var/www/vhosts/wantadigital.com/www/theartisttree-mis/class/SessionManager.php on line 59
PHP Notice:  Undefined index: REQUEST_URI in /var/www/vhosts/wantadigital.com/www/theartisttree-mis/inc/security.php on line 41
<ul><li>El Sobrante<li>152 product(s) found for reset<li>2462672<li>2462480<li>2453552<li>2465808<li>2453616<li>2465136<li>2462752<li>2453456<li>2516720<li>2468144<li>2462288<li>2453808<li>2453584<li>2460848<li>2453584<li>2452592<li>2452464<li>2456336<li>2454120<li>2452664<li>2452664<li>2452808<li>2452808<li>2456800<li>2456832<li>2456800<li>2456768<li>2453216<li>2453216<li>2453184<li>2456800<li>2461264<li>2464816<li>2461104<li>2458256<li>2453680<li>2460512<li>2453776<li>2460224<li>2453728<li>2461168<li>2457440<li>2519680<li>2453392<li>2457376<li>2461136<li>2453536<li>2463936<li>2454064<li>2460528<li>2453728<li>2454000<li>2463712<li>2453696<li>2453552<li>2453536<li>2453648<li>2453488<li>2460240<li>2457280<li>2453616<li>2452672<li>2453536<li>2424288<li>2457120<li>2453520<li>2453520<li>2453376<li>2453552<li>2453816<li>2453816<li>2453816<li>2453816<li>2453816<li>2453816<li>2453072<li>2450272<li>2452992<li>2452992<li>2452992<li>2453104<li>2452992<li>2453104<li>2452992<li>2453296<li>2452992<li>2453088<li>2453088<li>2515264<li>2452880<li>2452880<li>2452880<li>2456656<li>2452992<li>2456816<li>2456784<li>2452992<li>2452992<li>2453072<li>2452992<li>2452992<li>2453088<li>2452960<li>2452960<li>2453248<li>2444544<li>2453056<li>2452992<li>2452848<li>2453248<li>2453136<li>2452880<li>2515264<li>2453296<li>2452848<li>2452960<li>2452992<li>2515264<li>2452992<li>2453168<li>2452960<li>2452992<li>2453328<li>2452992<li>2453480<li>2453480<li>2453480<li>2453480<li>2453480<li>2454408<li>2454024<li>2454312<li>2453960<li>2453928<li>2453960<li>2454024<li>2454264<li>2454248<li>2454312<li>2453944<li>2453928<li>2453960<li>2454184<li>2454184<li>2454120<li>2454120<li>2454600<li>2454264<li>2454216<li>2454056<li>2454768<li>2454944<li>0 product(s) found for discount</ul><hr />{"success":true,"response":"0 products updated","redirect":null}[2025-12-02 10:52:16] Command triggered for store_id 8 with PID 7630
PHP Notice:  Undefined index: REQUEST_URI in /var/www/vhosts/wantadigital.com/www/theartisttree-mis/class/SessionManager.php on line 59
PHP Notice:  Undefined index: REQUEST_URI in /var/www/vhosts/wantadigital.com/www/theartisttree-mis/class/SessionManager.php on line 59
PHP Notice:  Undefined index: REQUEST_URI in /var/www/vhosts/wantadigital.com/www/theartisttree-mis/class/SessionManager.php on line 59
PHP Notice:  Undefined index: REQUEST_URI in /var/www/vhosts/wantadigital.com/www/theartisttree-mis/class/SessionManager.php on line 59
PHP Notice:  Undefined index: REQUEST_URI in /var/www/vhosts/wantadigital.com/www/theartisttree-mis/class/SessionManager.php on line 59
PHP Notice:  Undefined index: REQUEST_URI in /var/www/vhosts/wantadigital.com/www/theartisttree-mis/inc/security.php on line 41
<ul><li>El Sobrante<li>152 product(s) found for reset<li>2462672<li>2462480<li>2453552<li>2465808<li>2453616<li>2465136<li>2462752<li>2453456<li>2516720<li>2468144<li>2462288<li>2453808<li>2453584<li>2460848<li>2453584<li>2452592<li>2452464<li>2456336<li>2454120<li>2452664<li>2452664<li>2452808<li>2452808<li>2456800<li>2456832<li>2456800<li>2456768<li>2453216<li>2453216<li>2453184<li>2456800<li>2461264<li>2464816<li>2461104<li>2458256<li>2453680<li>2460512<li>2453776<li>2460224<li>2453728<li>2461168<li>2457440<li>2519680<li>2453392<li>2457376<li>2461136<li>2453536<li>2463936<li>2454064<li>2460528<li>2453728<li>2454000<li>2463712<li>2453696<li>2453552<li>2453536<li>2453648<li>2453488<li>2460240<li>2457280<li>2453616<li>2452672<li>2453536<li>2424288<li>2457120<li>2453520<li>2453520<li>2453376<li>2453552<li>2453816<li>2453816<li>2453816<li>2453816<li>2453816<li>2453816<li>2453072<li>2450272<li>2452992<li>2452992<li>2452992<li>2453104<li>2452992<li>2453104<li>2452992<li>2453296<li>2452992<li>2453088<li>2453088<li>2515264<li>2452880<li>2452880<li>2452880<li>2456656<li>2452992<li>2456816<li>2456784<li>2452992<li>2452992<li>2453072<li>2452992<li>2452992<li>2453088<li>2452960<li>2452960<li>2453248<li>2444544<li>2453056<li>2452992<li>2452848<li>2453248<li>2453136<li>2452880<li>2515264<li>2453296<li>2452848<li>2452960<li>2452992<li>2515264<li>2452992<li>2453168<li>2452960<li>2452992<li>2453328<li>2452992<li>2453480<li>2453480<li>2453480<li>2453480<li>2453480<li>2454408<li>2454024<li>2454312<li>2453960<li>2453928<li>2453960<li>2454024<li>2454264<li>2454248<li>2454312<li>2453944<li>2453928<li>2453960<li>2454184<li>2454184<li>2454120<li>2454120<li>2454600<li>2454264<li>2454216<li>2454056<li>2454768<li>2454944<li>0 product(s) found for discount</ul><hr />{"success":true,"response":"0 products updated","redirect":null}