[2025-12-02 10:07:46] Command triggered for store_id 10 with PID 4844
PHP Notice:  Undefined index: REQUEST_URI in /var/www/vhosts/wantadigital.com/www/theartisttree-mis/class/SessionManager.php on line 59
PHP Notice:  Undefined index: REQUEST_URI in /var/www/vhosts/wantadigital.com/www/theartisttree-mis/class/SessionManager.php on line 59
PHP Notice:  Undefined index: REQUEST_URI in /var/www/vhosts/wantadigital.com/www/theartisttree-mis/class/SessionManager.php on line 59
PHP Notice:  Undefined index: REQUEST_URI in /var/www/vhosts/wantadigital.com/www/theartisttree-mis/class/SessionManager.php on line 59
PHP Notice:  Undefined index: REQUEST_URI in /var/www/vhosts/wantadigital.com/www/theartisttree-mis/class/SessionManager.php on line 59
PHP Notice:  Undefined index: REQUEST_URI in /var/www/vhosts/wantadigital.com/www/theartisttree-mis/inc/security.php on line 41
<ul><li>Hawthorne<li>0 product(s) found for reset<li>0 product(s) found for discount</ul><hr />{"success":true,"response":"0 products updated","redirect":null}[2025-12-02 10:08:17] Command triggered for store_id 10 with PID 4918
PHP Notice:  Undefined index: REQUEST_URI in /var/www/vhosts/wantadigital.com/www/theartisttree-mis/class/SessionManager.php on line 59
PHP Notice:  Undefined index: REQUEST_URI in /var/www/vhosts/wantadigital.com/www/theartisttree-mis/class/SessionManager.php on line 59
PHP Notice:  Undefined index: REQUEST_URI in /var/www/vhosts/wantadigital.com/www/theartisttree-mis/class/SessionManager.php on line 59
PHP Notice:  Undefined index: REQUEST_URI in /var/www/vhosts/wantadigital.com/www/theartisttree-mis/class/SessionManager.php on line 59
PHP Notice:  Undefined index: REQUEST_URI in /var/www/vhosts/wantadigital.com/www/theartisttree-mis/class/SessionManager.php on line 59
PHP Notice:  Undefined index: REQUEST_URI in /var/www/vhosts/wantadigital.com/www/theartisttree-mis/inc/security.php on line 41
<ul><li>Hawthorne<li>0 product(s) found for reset<li>231 product(s) found for discount<li>2611240<li>2670904<li>2648800<li>2660280<li>2646944<li>2673736<li>2672944<li>2655544<li>2674640<li>2675096<li>2652624<li>2668552<li>2676272<li>2647144<li>2665776<li>2677848<li>2678960<li>2679416<li>2649712<li>2687464<li>2687056<li>2680952<li>2680752<li>2674112<li>2592008<li>2682528<li>2690408<li>2672944<li>2666680<li>2594208<li>2661736<li>2673552<li>2685624<li>2675584<li>2679992<li>2658704<li>2689080<li>2688896<li>2631416<li>2690432<li>2690600<li>2682992<li>2691352<li>2668736<li>2668920<li>2692672<li>2670184<li>2694832<li>2694152<li>2671136<li>2701816<li>2696544<li>2688120<li>2696608<li>2682584<li>2697264<li>2675880<li>2685824<li>2686824<li>2698896<li>2609288<li>2704608<li>2700360<li>2700672<li>2700888<li>2700704<li>2617120<li>2713944<li>2708240<li>2708552<li>2708352<li>2709024<li>2715720<li>2687152<li>2710232<li>2686912<li>2717512<li>2689200<li>2681768<li>2689728<li>2666328<li>2690544<li>2713912<li>2699592<li>2714536<li>2707984<li>2692696<li>2626080<li>2693720<li>2716928<li>2717352<li>2718048<li>2699912<li>2718800<li>2719272<li>2696512<li>2719880<li>2697552<li>2721448<li>2721360<li>2721480<li>2723424<li>2710232<li>2729440<li>2723608<li>2696512<li>2696984<li>2708384<li>2701208<li>2648736<li>2710112<li>2699200<li>2650792<li>2711440<li>2705768<li>2706224<li>2708160<li>2702320<li>2702776<li>2703232<li>2703688<li>2701160<li>2705240<li>2716640<li>2698728<li>2711312<li>2711768<li>2712224<li>2707880<li>2708352<li>2713576<li>2671696<li>2716080<li>2714944<li>2710632<li>2711088<li>2716424<li>2724288<li>2725104<li>2719072<li>2720648<li>2719872<li>2720616<li>2727024<li>2654792<li>2721696<li>2717448<li>2717840<li>2718360<li>2723632<li>2723912<li>2730672<li>2731128<li>2720608<li>2732024<li>2732480<li>2726984<li>2727264<li>2722840<li>2726584<li>2734760<li>2724208<li>2729544<li>2730000<li>2736584<li>2726032<li>2726520<li>2731808<li>2727384<li>2738352<li>2733928<li>2734384<li>2734840<li>2740176<li>2740600<li>2736192<li>2747656<li>2741984<li>2737624<li>2738016<li>2685456<li>2683320<li>2738136<li>2738584<li>2746048<li>2749896<li>2746976<li>2744112<li>2747936<li>2719336<li>2749040<li>2742456<li>2742896<li>2750360<li>2743776<li>2751240<li>2756056<li>2752792<li>2753216<li>2746992<li>2724832<li>2754928<li>2696112<li>2754832<li>2688776<li>2688816<li>2726640<li>2756152<li>2702048<li>2750232<li>2702944<li>2758120<li>2770472<li>2759592<li>2764520<li>2761208<li>2754624<li>2707352<li>2755488<li>2762960<li>2763400<li>2749792<li>2776192<li>2757712<li>2765000<li>2765616<li>2762768<li>2776952<li>2759912<li>2767408<li>2760808</ul><hr />{"success":true,"response":"226 products updated","redirect":null}[2025-12-02 10:16:34] Command triggered for store_id 10 with PID 5380
PHP Notice:  Undefined index: REQUEST_URI in /var/www/vhosts/wantadigital.com/www/theartisttree-mis/class/SessionManager.php on line 59
PHP Notice:  Undefined index: REQUEST_URI in /var/www/vhosts/wantadigital.com/www/theartisttree-mis/class/SessionManager.php on line 59
PHP Notice:  Undefined index: REQUEST_URI in /var/www/vhosts/wantadigital.com/www/theartisttree-mis/class/SessionManager.php on line 59
PHP Notice:  Undefined index: REQUEST_URI in /var/www/vhosts/wantadigital.com/www/theartisttree-mis/class/SessionManager.php on line 59
PHP Notice:  Undefined index: REQUEST_URI in /var/www/vhosts/wantadigital.com/www/theartisttree-mis/class/SessionManager.php on line 59
PHP Notice:  Undefined index: REQUEST_URI in /var/www/vhosts/wantadigital.com/www/theartisttree-mis/inc/security.php on line 41
<ul><li>Hawthorne<li>0 product(s) found for reset<li>0 product(s) found for discount</ul><hr />{"success":true,"response":"0 products updated","redirect":null}[2025-12-02 10:17:10] Command triggered for store_id 10 with PID 5690
PHP Notice:  Undefined index: REQUEST_URI in /var/www/vhosts/wantadigital.com/www/theartisttree-mis/class/SessionManager.php on line 59
PHP Notice:  Undefined index: REQUEST_URI in /var/www/vhosts/wantadigital.com/www/theartisttree-mis/class/SessionManager.php on line 59
PHP Notice:  Undefined index: REQUEST_URI in /var/www/vhosts/wantadigital.com/www/theartisttree-mis/class/SessionManager.php on line 59
PHP Notice:  Undefined index: REQUEST_URI in /var/www/vhosts/wantadigital.com/www/theartisttree-mis/class/SessionManager.php on line 59
PHP Notice:  Undefined index: REQUEST_URI in /var/www/vhosts/wantadigital.com/www/theartisttree-mis/class/SessionManager.php on line 59
PHP Notice:  Undefined index: REQUEST_URI in /var/www/vhosts/wantadigital.com/www/theartisttree-mis/inc/security.php on line 41
<ul><li>Hawthorne<li>0 product(s) found for reset<li>0 product(s) found for discount</ul><hr />{"success":true,"response":"0 products updated","redirect":null}[2025-12-02 10:31:18] Command triggered for store_id 10 with PID 6210
PHP Notice:  Undefined index: REQUEST_URI in /var/www/vhosts/wantadigital.com/www/theartisttree-mis/class/SessionManager.php on line 59
PHP Notice:  Undefined index: REQUEST_URI in /var/www/vhosts/wantadigital.com/www/theartisttree-mis/class/SessionManager.php on line 59
PHP Notice:  Undefined index: REQUEST_URI in /var/www/vhosts/wantadigital.com/www/theartisttree-mis/class/SessionManager.php on line 59
PHP Notice:  Undefined index: REQUEST_URI in /var/www/vhosts/wantadigital.com/www/theartisttree-mis/class/SessionManager.php on line 59
PHP Notice:  Undefined index: REQUEST_URI in /var/www/vhosts/wantadigital.com/www/theartisttree-mis/class/SessionManager.php on line 59
PHP Notice:  Undefined index: REQUEST_URI in /var/www/vhosts/wantadigital.com/www/theartisttree-mis/inc/security.php on line 41
<ul><li>Hawthorne<li>148 product(s) found for reset<li>2477216<li>2476136<li>2468960<li>2485288<li>2469936<li>2485544<li>2486016<li>2471128<li>2535208<li>2490632<li>2488928<li>2473576<li>2473808<li>2481512<li>2474704<li>2473616<li>2473616<li>2477488<li>2476088<li>2474600<li>2474744<li>2474744<li>2475040<li>2478816<li>2475168<li>2477376<li>2477376<li>2475040<li>2475040<li>2476832<li>2476888<li>2477632<li>2477736<li>2478160<li>2478632<li>2479152<li>2479440<li>2480192<li>2480672<li>2480656<li>2480744<li>2481216<li>2481808<li>2481504<li>2481440<li>2481440<li>2481920<li>2481960<li>2481992<li>2482224<li>2485688<li>2485656<li>2485688<li>2485784<li>2482104<li>2482104<li>2482072<li>2485688<li>2500000<li>2495064<li>2491736<li>2485640<li>2491544<li>2492512<li>2489584<li>2493400<li>2496280<li>2501264<li>2494592<li>2554664<li>2489120<li>2493232<li>2497752<li>2496592<li>2498032<li>2498352<li>2499272<li>2492856<li>2493280<li>2503808<li>2494528<li>2493192<li>2494056<li>2494024<li>2493992<li>2499880<li>2497752<li>2493992<li>2493192<li>2494120<li>2493816<li>2497688<li>2494040<li>2497720<li>2493896<li>2494072<li>2494448<li>2493640<li>2490840<li>2493560<li>2493560<li>2493560<li>2493672<li>2493560<li>2493672<li>2493560<li>2493864<li>2493560<li>2493656<li>2493656<li>2555832<li>2493448<li>2493448<li>2493448<li>2500904<li>2493560<li>2493704<li>2493976<li>2493560<li>2493560<li>2493944<li>2493560<li>2493560<li>2493656<li>2493528<li>2493528<li>2493688<li>2485112<li>2497336<li>2493560<li>2493416<li>2493512<li>2493704<li>2493448<li>2555832<li>2493864<li>2493416<li>2493528<li>2493560<li>2556104<li>2493560<li>2493768<li>2493528<li>2493560<li>2493896<li>2493560<li>2495024<li>2495072<li>0 product(s) found for discount</ul><hr />{"success":true,"response":"52 products updated","redirect":null}[2025-12-02 10:35:25] Command triggered for store_id 10 with PID 6426
PHP Notice:  Undefined index: REQUEST_URI in /var/www/vhosts/wantadigital.com/www/theartisttree-mis/class/SessionManager.php on line 59
PHP Notice:  Undefined index: REQUEST_URI in /var/www/vhosts/wantadigital.com/www/theartisttree-mis/class/SessionManager.php on line 59
PHP Notice:  Undefined index: REQUEST_URI in /var/www/vhosts/wantadigital.com/www/theartisttree-mis/class/SessionManager.php on line 59
PHP Notice:  Undefined index: REQUEST_URI in /var/www/vhosts/wantadigital.com/www/theartisttree-mis/class/SessionManager.php on line 59
PHP Notice:  Undefined index: REQUEST_URI in /var/www/vhosts/wantadigital.com/www/theartisttree-mis/class/SessionManager.php on line 59
PHP Notice:  Undefined index: REQUEST_URI in /var/www/vhosts/wantadigital.com/www/theartisttree-mis/inc/security.php on line 41
<ul><li>Hawthorne<li>148 product(s) found for reset<li>2455920<li>2454400<li>2446768<li>2462640<li>2446832<li>2461984<li>2462016<li>2446672<li>2509936<li>2464960<li>2462816<li>2447024<li>2446800<li>2454064<li>2446800<li>2445680<li>2445680<li>2449552<li>2447336<li>2445816<li>2445960<li>2445960<li>2446256<li>2450032<li>2446384<li>2448592<li>2448592<li>2446256<li>2446256<li>2447232<li>2446848<li>2447136<li>2446784<li>2446752<li>2446784<li>2446848<li>2447088<li>2447376<li>2447136<li>2447072<li>2446752<li>2446784<li>2447328<li>2447024<li>2446960<li>2446960<li>2447440<li>2447072<li>2447056<li>2446880<li>2450296<li>2450264<li>2450296<li>2450392<li>2446712<li>2446712<li>2446680<li>2450296<li>2463736<li>2458360<li>2454648<li>2448120<li>2453528<li>2454056<li>2450696<li>2454072<li>2456200<li>2460712<li>2453608<li>2513224<li>2447240<li>2450920<li>2454984<li>2453384<li>2453800<li>2453608<li>2454072<li>2447272<li>2447240<li>2457256<li>2447544<li>2446216<li>2447080<li>2447048<li>2447016<li>2452904<li>2450776<li>2447016<li>2446216<li>2447144<li>2446840<li>2450712<li>2447064<li>2450744<li>2446920<li>2447096<li>2447472<li>2446664<li>2443864<li>2446584<li>2446584<li>2446584<li>2446696<li>2446584<li>2446696<li>2446584<li>2446888<li>2446584<li>2446680<li>2446680<li>2508856<li>2446472<li>2446472<li>2446472<li>2453928<li>2446584<li>2446728<li>2447000<li>2446584<li>2446584<li>2446968<li>2446584<li>2446584<li>2446680<li>2446552<li>2446552<li>2446712<li>2438136<li>2450360<li>2446584<li>2446440<li>2446536<li>2446728<li>2446472<li>2508856<li>2446888<li>2446440<li>2446552<li>2446584<li>2509128<li>2446584<li>2446792<li>2446552<li>2446584<li>2446920<li>2446584<li>2448048<li>2448096<li>0 product(s) found for discount</ul><hr />{"success":true,"response":"0 products updated","redirect":null}[2025-12-02 10:52:16] Command triggered for store_id 10 with PID 7634
PHP Notice:  Undefined index: REQUEST_URI in /var/www/vhosts/wantadigital.com/www/theartisttree-mis/class/SessionManager.php on line 59
PHP Notice:  Undefined index: REQUEST_URI in /var/www/vhosts/wantadigital.com/www/theartisttree-mis/class/SessionManager.php on line 59
PHP Notice:  Undefined index: REQUEST_URI in /var/www/vhosts/wantadigital.com/www/theartisttree-mis/class/SessionManager.php on line 59
PHP Notice:  Undefined index: REQUEST_URI in /var/www/vhosts/wantadigital.com/www/theartisttree-mis/class/SessionManager.php on line 59
PHP Notice:  Undefined index: REQUEST_URI in /var/www/vhosts/wantadigital.com/www/theartisttree-mis/class/SessionManager.php on line 59
PHP Notice:  Undefined index: REQUEST_URI in /var/www/vhosts/wantadigital.com/www/theartisttree-mis/inc/security.php on line 41
<ul><li>Hawthorne<li>148 product(s) found for reset<li>2455920<li>2454400<li>2446768<li>2462640<li>2446832<li>2461984<li>2462016<li>2446672<li>2509936<li>2464960<li>2462816<li>2447024<li>2446800<li>2454064<li>2446800<li>2445680<li>2445680<li>2449552<li>2447336<li>2445816<li>2445960<li>2445960<li>2446256<li>2450032<li>2446384<li>2448592<li>2448592<li>2446256<li>2446256<li>2447232<li>2446848<li>2447136<li>2446784<li>2446752<li>2446784<li>2446848<li>2447088<li>2447376<li>2447136<li>2447072<li>2446752<li>2446784<li>2447328<li>2447024<li>2446960<li>2446960<li>2447440<li>2447072<li>2447056<li>2446880<li>2450296<li>2450264<li>2450296<li>2450392<li>2446712<li>2446712<li>2446680<li>2450296<li>2463736<li>2458360<li>2454648<li>2448120<li>2453528<li>2454056<li>2450696<li>2454072<li>2456200<li>2460712<li>2453608<li>2513224<li>2447240<li>2450920<li>2454984<li>2453384<li>2453800<li>2453608<li>2454072<li>2447272<li>2447240<li>2457256<li>2447544<li>2446216<li>2447080<li>2447048<li>2447016<li>2452904<li>2450776<li>2447016<li>2446216<li>2447144<li>2446840<li>2450712<li>2447064<li>2450744<li>2446920<li>2447096<li>2447472<li>2446664<li>2443864<li>2446584<li>2446584<li>2446584<li>2446696<li>2446584<li>2446696<li>2446584<li>2446888<li>2446584<li>2446680<li>2446680<li>2508856<li>2446472<li>2446472<li>2446472<li>2453928<li>2446584<li>2446728<li>2447000<li>2446584<li>2446584<li>2446968<li>2446584<li>2446584<li>2446680<li>2446552<li>2446552<li>2446712<li>2438136<li>2450360<li>2446584<li>2446440<li>2446536<li>2446728<li>2446472<li>2508856<li>2446888<li>2446440<li>2446552<li>2446584<li>2509128<li>2446584<li>2446792<li>2446552<li>2446584<li>2446920<li>2446584<li>2448048<li>2448096<li>0 product(s) found for discount</ul><hr />{"success":true,"response":"0 products updated","redirect":null}