[2025-12-01 16:33:47] Command triggered for store_id 12 with PID 20786
PHP Notice:  Undefined index: REQUEST_URI in /var/www/vhosts/wantadigital.com/www/theartisttree-mis/class/SessionManager.php on line 59
PHP Notice:  Undefined index: REQUEST_URI in /var/www/vhosts/wantadigital.com/www/theartisttree-mis/class/SessionManager.php on line 59
PHP Notice:  Undefined index: REQUEST_URI in /var/www/vhosts/wantadigital.com/www/theartisttree-mis/class/SessionManager.php on line 59
PHP Notice:  Undefined index: REQUEST_URI in /var/www/vhosts/wantadigital.com/www/theartisttree-mis/class/SessionManager.php on line 59
PHP Notice:  Undefined index: REQUEST_URI in /var/www/vhosts/wantadigital.com/www/theartisttree-mis/class/SessionManager.php on line 59
PHP Notice:  Undefined index: REQUEST_URI in /var/www/vhosts/wantadigital.com/www/theartisttree-mis/inc/security.php on line 41
<ul><li>Davis<li>0 product(s) found for reset<li>164 product(s) found for discount<li>2482888<li>2456144<li>2491448<li>2456992<li>2457864<li>2461536<li>2462040<li>2458880<li>2463224<li>2460592<li>2461368<li>2459600<li>2459976<li>2460448<li>2460888<li>2464368<li>2464856<li>2465232<li>2465704<li>2466464<li>2467080<li>2467488<li>2467896<li>2468368<li>2468792<li>2469248<li>2469704<li>2470800<li>2471352<li>2471856<li>2472232<li>2472688<li>2473080<li>2473616<li>2474136<li>2474480<li>2475064<li>2475424<li>2475816<li>2476368<li>2476728<li>2477184<li>2477800<li>2479376<li>2479736<li>2480320<li>2480776<li>2481184<li>2481656<li>2482112<li>2520760<li>2483008<li>2483512<li>2483936<li>2484520<li>2484992<li>2485224<li>2485744<li>2486200<li>2486816<li>2487208<li>2487552<li>2488008<li>2488464<li>2488936<li>2489392<li>2489912<li>2490368<li>2490712<li>2491200<li>2491720<li>2492096<li>2492664<li>2493088<li>2493608<li>2499680<li>2500168<li>2500480<li>2500968<li>2501552<li>2502216<li>2502336<li>2502808<li>2503264<li>2503928<li>2504224<li>2504744<li>2505104<li>2505496<li>2497664<li>2506424<li>2506880<li>2507336<li>2507856<li>2508248<li>2508688<li>2509128<li>2509584<li>2510056<li>2510608<li>2510968<li>2511584<li>2511912<li>2512336<li>2512792<li>2513280<li>2513704<li>2514208<li>2515928<li>2515232<li>2515624<li>2516016<li>2516488<li>2516928<li>2517352<li>2517808<li>2518264<li>2518720<li>2520040<li>2520608<li>2522680<li>2523136<li>2523592<li>2524096<li>2524568<li>2525072<li>2525512<li>2525984<li>2526456<li>2526928<li>2527400<li>2528192<li>2528664<li>2529136<li>2526376<li>2526912<li>2530424<li>2530896<li>2578936<li>2576624<li>2532904<li>2533392<li>2534216<li>2533968<li>2578488<li>2535312<li>2535640<li>2536176<li>2536728<li>2537104<li>2538216<li>2547648<li>2551256<li>2554992<li>2539960<li>2540432<li>2587096<li>2541376<li>2553768<li>2546384<li>2543176<li>2555280<li>2545048<li>2545520</ul><hr />{"success":true,"response":"164 products updated","redirect":null}[2025-12-01 16:35:13] Command triggered for store_id 12 with PID 20954
PHP Notice:  Undefined index: REQUEST_URI in /var/www/vhosts/wantadigital.com/www/theartisttree-mis/class/SessionManager.php on line 59
PHP Notice:  Undefined index: REQUEST_URI in /var/www/vhosts/wantadigital.com/www/theartisttree-mis/class/SessionManager.php on line 59
PHP Notice:  Undefined index: REQUEST_URI in /var/www/vhosts/wantadigital.com/www/theartisttree-mis/class/SessionManager.php on line 59
PHP Notice:  Undefined index: REQUEST_URI in /var/www/vhosts/wantadigital.com/www/theartisttree-mis/class/SessionManager.php on line 59
PHP Notice:  Undefined index: REQUEST_URI in /var/www/vhosts/wantadigital.com/www/theartisttree-mis/class/SessionManager.php on line 59
PHP Notice:  Undefined index: REQUEST_URI in /var/www/vhosts/wantadigital.com/www/theartisttree-mis/inc/security.php on line 41
<ul><li>Davis<li>0 product(s) found for reset<li>164 product(s) found for discount<li>2482888<li>2456144<li>2491448<li>2456992<li>2457864<li>2461536<li>2462040<li>2458880<li>2463224<li>2460592<li>2461368<li>2459600<li>2459976<li>2460448<li>2460888<li>2464368<li>2464856<li>2465232<li>2465704<li>2466464<li>2467080<li>2467488<li>2467896<li>2468368<li>2468792<li>2469248<li>2469704<li>2470800<li>2471352<li>2471856<li>2472232<li>2472688<li>2473080<li>2473616<li>2474136<li>2474480<li>2475064<li>2475424<li>2475816<li>2476368<li>2476728<li>2477184<li>2477800<li>2479376<li>2479736<li>2480320<li>2480776<li>2481184<li>2481656<li>2482112<li>2520760<li>2483008<li>2483512<li>2483936<li>2484520<li>2484992<li>2485224<li>2485744<li>2486200<li>2486816<li>2487208<li>2487552<li>2488008<li>2488464<li>2488936<li>2489392<li>2489912<li>2490368<li>2490712<li>2491200<li>2491720<li>2492096<li>2492664<li>2493088<li>2493608<li>2499680<li>2500168<li>2500480<li>2500968<li>2501552<li>2502216<li>2502336<li>2502808<li>2503264<li>2503928<li>2504224<li>2504744<li>2505104<li>2505496<li>2497664<li>2506424<li>2506880<li>2507336<li>2507856<li>2508248<li>2508688<li>2509128<li>2509584<li>2510056<li>2510608<li>2510968<li>2511584<li>2511912<li>2512336<li>2512792<li>2513280<li>2513704<li>2514208<li>2515928<li>2515232<li>2515624<li>2516016<li>2516488<li>2516928<li>2517352<li>2517808<li>2518264<li>2518720<li>2520040<li>2520608<li>2522680<li>2523136<li>2523592<li>2524096<li>2524568<li>2525072<li>2525512<li>2525984<li>2526456<li>2526928<li>2527400<li>2528192<li>2528664<li>2529136<li>2526376<li>2526912<li>2530424<li>2530896<li>2578936<li>2576624<li>2532904<li>2533392<li>2534216<li>2533968<li>2578488<li>2535312<li>2535640<li>2536176<li>2536728<li>2537104<li>2538216<li>2547648<li>2551256<li>2554992<li>2539960<li>2540432<li>2587096<li>2541376<li>2553768<li>2546384<li>2543176<li>2555280<li>2545048<li>2545520</ul><hr />{"success":true,"response":"164 products updated","redirect":null}[2025-12-01 16:40:11] Command triggered for store_id 12 with PID 21175
PHP Notice:  Undefined index: REQUEST_URI in /var/www/vhosts/wantadigital.com/www/theartisttree-mis/class/SessionManager.php on line 59
PHP Notice:  Undefined index: REQUEST_URI in /var/www/vhosts/wantadigital.com/www/theartisttree-mis/class/SessionManager.php on line 59
PHP Notice:  Undefined index: REQUEST_URI in /var/www/vhosts/wantadigital.com/www/theartisttree-mis/class/SessionManager.php on line 59
PHP Notice:  Undefined index: REQUEST_URI in /var/www/vhosts/wantadigital.com/www/theartisttree-mis/class/SessionManager.php on line 59
PHP Notice:  Undefined index: REQUEST_URI in /var/www/vhosts/wantadigital.com/www/theartisttree-mis/class/SessionManager.php on line 59
PHP Notice:  Undefined index: REQUEST_URI in /var/www/vhosts/wantadigital.com/www/theartisttree-mis/inc/security.php on line 41
<ul><li>Davis<li>0 product(s) found for reset<li>0 product(s) found for discount</ul><hr />{"success":true,"response":"0 products updated","redirect":null}[2025-12-01 16:43:16] Command triggered for store_id 12 with PID 21392
PHP Notice:  Undefined index: REQUEST_URI in /var/www/vhosts/wantadigital.com/www/theartisttree-mis/class/SessionManager.php on line 59
PHP Notice:  Undefined index: REQUEST_URI in /var/www/vhosts/wantadigital.com/www/theartisttree-mis/class/SessionManager.php on line 59
PHP Notice:  Undefined index: REQUEST_URI in /var/www/vhosts/wantadigital.com/www/theartisttree-mis/class/SessionManager.php on line 59
PHP Notice:  Undefined index: REQUEST_URI in /var/www/vhosts/wantadigital.com/www/theartisttree-mis/class/SessionManager.php on line 59
PHP Notice:  Undefined index: REQUEST_URI in /var/www/vhosts/wantadigital.com/www/theartisttree-mis/class/SessionManager.php on line 59
PHP Notice:  Undefined index: REQUEST_URI in /var/www/vhosts/wantadigital.com/www/theartisttree-mis/inc/security.php on line 41
<ul><li>Davis<li>0 product(s) found for reset<li>164 product(s) found for discount<li>2482888<li>2456144<li>2491448<li>2456992<li>2457864<li>2461536<li>2462040<li>2458880<li>2463224<li>2460592<li>2461368<li>2459600<li>2459976<li>2460448<li>2460888<li>2464368<li>2464856<li>2465232<li>2465704<li>2466464<li>2467080<li>2467488<li>2467896<li>2468368<li>2468792<li>2469248<li>2469704<li>2470800<li>2471352<li>2471856<li>2472232<li>2472688<li>2473080<li>2473616<li>2474136<li>2474480<li>2475064<li>2475424<li>2475816<li>2476368<li>2476728<li>2477184<li>2477800<li>2479376<li>2479736<li>2480320<li>2480776<li>2481184<li>2481656<li>2482112<li>2520760<li>2483008<li>2483512<li>2483936<li>2484520<li>2484992<li>2485224<li>2485744<li>2486200<li>2486816<li>2487208<li>2487552<li>2488008<li>2488464<li>2488936<li>2489392<li>2489912<li>2490368<li>2490712<li>2491200<li>2491720<li>2492096<li>2492664<li>2493088<li>2493608<li>2499680<li>2500168<li>2500480<li>2500968<li>2501552<li>2502216<li>2502336<li>2502808<li>2503264<li>2503928<li>2504224<li>2504744<li>2505104<li>2505496<li>2497664<li>2506424<li>2506880<li>2507336<li>2507856<li>2508248<li>2508688<li>2509128<li>2509584<li>2510056<li>2510608<li>2510968<li>2511584<li>2511912<li>2512336<li>2512792<li>2513280<li>2513704<li>2514208<li>2515928<li>2515232<li>2515624<li>2516016<li>2516488<li>2516928<li>2517352<li>2517808<li>2518264<li>2518720<li>2520040<li>2520608<li>2522680<li>2523136<li>2523592<li>2524096<li>2524568<li>2525072<li>2525512<li>2525984<li>2526456<li>2526928<li>2527400<li>2528192<li>2528664<li>2529136<li>2526376<li>2526912<li>2530424<li>2530896<li>2578936<li>2576624<li>2532904<li>2533392<li>2534216<li>2533968<li>2578488<li>2535312<li>2535640<li>2536176<li>2536728<li>2537104<li>2538216<li>2547648<li>2551256<li>2554992<li>2539960<li>2540432<li>2587096<li>2541376<li>2553768<li>2546384<li>2543176<li>2555280<li>2545048<li>2545520</ul><hr />{"success":true,"response":"164 products updated","redirect":null}[2025-12-01 16:49:06] Command triggered for store_id 12 with PID 21624
PHP Notice:  Undefined index: REQUEST_URI in /var/www/vhosts/wantadigital.com/www/theartisttree-mis/class/SessionManager.php on line 59
PHP Notice:  Undefined index: REQUEST_URI in /var/www/vhosts/wantadigital.com/www/theartisttree-mis/class/SessionManager.php on line 59
PHP Notice:  Undefined index: REQUEST_URI in /var/www/vhosts/wantadigital.com/www/theartisttree-mis/class/SessionManager.php on line 59
PHP Notice:  Undefined index: REQUEST_URI in /var/www/vhosts/wantadigital.com/www/theartisttree-mis/class/SessionManager.php on line 59
PHP Notice:  Undefined index: REQUEST_URI in /var/www/vhosts/wantadigital.com/www/theartisttree-mis/class/SessionManager.php on line 59
PHP Notice:  Undefined index: REQUEST_URI in /var/www/vhosts/wantadigital.com/www/theartisttree-mis/inc/security.php on line 41
<ul><li>Davis<li>0 product(s) found for reset<li>0 product(s) found for discount</ul><hr />{"success":true,"response":"0 products updated","redirect":null}[2025-12-01 16:50:24] Command triggered for store_id 12 with PID 21730
PHP Notice:  Undefined index: REQUEST_URI in /var/www/vhosts/wantadigital.com/www/theartisttree-mis/class/SessionManager.php on line 59
PHP Notice:  Undefined index: REQUEST_URI in /var/www/vhosts/wantadigital.com/www/theartisttree-mis/class/SessionManager.php on line 59
PHP Notice:  Undefined index: REQUEST_URI in /var/www/vhosts/wantadigital.com/www/theartisttree-mis/class/SessionManager.php on line 59
PHP Notice:  Undefined index: REQUEST_URI in /var/www/vhosts/wantadigital.com/www/theartisttree-mis/class/SessionManager.php on line 59
PHP Notice:  Undefined index: REQUEST_URI in /var/www/vhosts/wantadigital.com/www/theartisttree-mis/class/SessionManager.php on line 59
PHP Notice:  Undefined index: REQUEST_URI in /var/www/vhosts/wantadigital.com/www/theartisttree-mis/inc/security.php on line 41
<ul><li>Davis<li>0 product(s) found for reset<li>0 product(s) found for discount</ul><hr />{"success":true,"response":"0 products updated","redirect":null}