[2025-12-02 10:07:46] Command triggered for store_id 11 with PID 4846
PHP Notice:  Undefined index: REQUEST_URI in /var/www/vhosts/wantadigital.com/www/theartisttree-mis/class/SessionManager.php on line 59
PHP Notice:  Undefined index: REQUEST_URI in /var/www/vhosts/wantadigital.com/www/theartisttree-mis/class/SessionManager.php on line 59
PHP Notice:  Undefined index: REQUEST_URI in /var/www/vhosts/wantadigital.com/www/theartisttree-mis/class/SessionManager.php on line 59
PHP Notice:  Undefined index: REQUEST_URI in /var/www/vhosts/wantadigital.com/www/theartisttree-mis/class/SessionManager.php on line 59
PHP Notice:  Undefined index: REQUEST_URI in /var/www/vhosts/wantadigital.com/www/theartisttree-mis/class/SessionManager.php on line 59
PHP Notice:  Undefined index: REQUEST_URI in /var/www/vhosts/wantadigital.com/www/theartisttree-mis/inc/security.php on line 41
<ul><li>Fresno Shaw<li>0 product(s) found for reset<li>0 product(s) found for discount</ul><hr />{"success":true,"response":"0 products updated","redirect":null}[2025-12-02 10:08:17] Command triggered for store_id 11 with PID 4920
PHP Notice:  Undefined index: REQUEST_URI in /var/www/vhosts/wantadigital.com/www/theartisttree-mis/class/SessionManager.php on line 59
PHP Notice:  Undefined index: REQUEST_URI in /var/www/vhosts/wantadigital.com/www/theartisttree-mis/class/SessionManager.php on line 59
PHP Notice:  Undefined index: REQUEST_URI in /var/www/vhosts/wantadigital.com/www/theartisttree-mis/class/SessionManager.php on line 59
PHP Notice:  Undefined index: REQUEST_URI in /var/www/vhosts/wantadigital.com/www/theartisttree-mis/class/SessionManager.php on line 59
PHP Notice:  Undefined index: REQUEST_URI in /var/www/vhosts/wantadigital.com/www/theartisttree-mis/class/SessionManager.php on line 59
PHP Notice:  Undefined index: REQUEST_URI in /var/www/vhosts/wantadigital.com/www/theartisttree-mis/inc/security.php on line 41
<ul><li>Fresno Shaw<li>0 product(s) found for reset<li>231 product(s) found for discount<li>2608304<li>2667968<li>2645864<li>2657344<li>2644008<li>2670800<li>2670008<li>2652608<li>2671704<li>2672160<li>2649688<li>2665616<li>2673336<li>2644208<li>2662840<li>2674912<li>2676024<li>2676480<li>2647136<li>2684528<li>2684120<li>2678016<li>2677760<li>2671176<li>2589072<li>2679592<li>2680160<li>2676024<li>2662464<li>2591272<li>2658800<li>2670616<li>2692608<li>2672648<li>2684352<li>2655768<li>2686144<li>2685960<li>2628480<li>2687496<li>2687664<li>2675960<li>2689696<li>2665800<li>2665984<li>2689736<li>2667248<li>2690616<li>2691216<li>2668200<li>2691568<li>2692296<li>2691544<li>2693672<li>2670864<li>2694328<li>2672944<li>2682888<li>2683888<li>2695960<li>2606352<li>2696984<li>2697424<li>2697736<li>2697952<li>2697712<li>2614184<li>2711008<li>2705304<li>2715552<li>2705360<li>2706088<li>2712784<li>2684216<li>2707296<li>2683976<li>2714576<li>2686264<li>2678832<li>2686792<li>2663392<li>2687608<li>2710976<li>2692920<li>2711600<li>2705048<li>2689760<li>2623144<li>2690784<li>2713992<li>2714416<li>2715112<li>2696976<li>2715864<li>2716336<li>2693576<li>2720680<li>2694616<li>2718512<li>2718424<li>2718544<li>2719176<li>2707296<li>2720504<li>2720672<li>2693688<li>2694520<li>2705560<li>2695008<li>2645912<li>2706928<li>2696736<li>2647968<li>2712352<li>2702944<li>2703400<li>2698976<li>2699496<li>2699952<li>2700408<li>2700864<li>2694600<li>2702416<li>2714176<li>2695904<li>2708488<li>2708944<li>2709400<li>2705056<li>2705528<li>2710752<li>2668872<li>2706896<li>2712120<li>2707808<li>2708264<li>2713600<li>2721464<li>2732376<li>2716248<li>2711824<li>2717048<li>2717792<li>2724200<li>2651968<li>2718872<li>2714624<li>2718752<li>2715536<li>2720808<li>2721088<li>2738304<li>2728304<li>2717784<li>2729560<li>2729656<li>2724160<li>2724440<li>2720016<li>2720024<li>2731936<li>2725120<li>2726720<li>2727176<li>2744216<li>2723208<li>2723696<li>2728984<li>2724560<li>2735528<li>2731104<li>2731560<li>2732016<li>2737352<li>2737776<li>2733368<li>2755288<li>2739160<li>2734800<li>2735192<li>2682448<li>2680312<li>2735184<li>2735632<li>2743096<li>2743568<li>2744024<li>2737424<li>2744984<li>2712288<li>2746088<li>2745864<li>2746304<li>2757864<li>2747184<li>2748288<li>2749368<li>2749840<li>2750264<li>2743680<li>2721880<li>2751976<li>2693104<li>2751880<li>2685824<li>2685808<li>2723688<li>2753200<li>2699096<li>2747280<li>2699992<li>2755168<li>2754440<li>2756640<li>2757832<li>2758256<li>2751672<li>2704400<li>2752536<li>2763744<li>2760448<li>2742744<li>2760160<li>2754760<li>2762048<li>2762664<li>2759816<li>2763544<li>2756960<li>2764456<li>2757856</ul><hr />{"success":true,"response":"226 products updated","redirect":null}[2025-12-02 10:16:34] Command triggered for store_id 11 with PID 5382
PHP Notice:  Undefined index: REQUEST_URI in /var/www/vhosts/wantadigital.com/www/theartisttree-mis/class/SessionManager.php on line 59
PHP Notice:  Undefined index: REQUEST_URI in /var/www/vhosts/wantadigital.com/www/theartisttree-mis/class/SessionManager.php on line 59
PHP Notice:  Undefined index: REQUEST_URI in /var/www/vhosts/wantadigital.com/www/theartisttree-mis/class/SessionManager.php on line 59
PHP Notice:  Undefined index: REQUEST_URI in /var/www/vhosts/wantadigital.com/www/theartisttree-mis/class/SessionManager.php on line 59
PHP Notice:  Undefined index: REQUEST_URI in /var/www/vhosts/wantadigital.com/www/theartisttree-mis/class/SessionManager.php on line 59
PHP Notice:  Undefined index: REQUEST_URI in /var/www/vhosts/wantadigital.com/www/theartisttree-mis/inc/security.php on line 41
<ul><li>Fresno Shaw<li>0 product(s) found for reset<li>0 product(s) found for discount</ul><hr />{"success":true,"response":"0 products updated","redirect":null}[2025-12-02 10:17:10] Command triggered for store_id 11 with PID 5692
PHP Notice:  Undefined index: REQUEST_URI in /var/www/vhosts/wantadigital.com/www/theartisttree-mis/class/SessionManager.php on line 59
PHP Notice:  Undefined index: REQUEST_URI in /var/www/vhosts/wantadigital.com/www/theartisttree-mis/class/SessionManager.php on line 59
PHP Notice:  Undefined index: REQUEST_URI in /var/www/vhosts/wantadigital.com/www/theartisttree-mis/class/SessionManager.php on line 59
PHP Notice:  Undefined index: REQUEST_URI in /var/www/vhosts/wantadigital.com/www/theartisttree-mis/class/SessionManager.php on line 59
PHP Notice:  Undefined index: REQUEST_URI in /var/www/vhosts/wantadigital.com/www/theartisttree-mis/class/SessionManager.php on line 59
PHP Notice:  Undefined index: REQUEST_URI in /var/www/vhosts/wantadigital.com/www/theartisttree-mis/inc/security.php on line 41
<ul><li>Fresno Shaw<li>0 product(s) found for reset<li>0 product(s) found for discount</ul><hr />{"success":true,"response":"0 products updated","redirect":null}[2025-12-02 10:31:18] Command triggered for store_id 11 with PID 6212
PHP Notice:  Undefined index: REQUEST_URI in /var/www/vhosts/wantadigital.com/www/theartisttree-mis/class/SessionManager.php on line 59
PHP Notice:  Undefined index: REQUEST_URI in /var/www/vhosts/wantadigital.com/www/theartisttree-mis/class/SessionManager.php on line 59
PHP Notice:  Undefined index: REQUEST_URI in /var/www/vhosts/wantadigital.com/www/theartisttree-mis/class/SessionManager.php on line 59
PHP Notice:  Undefined index: REQUEST_URI in /var/www/vhosts/wantadigital.com/www/theartisttree-mis/class/SessionManager.php on line 59
PHP Notice:  Undefined index: REQUEST_URI in /var/www/vhosts/wantadigital.com/www/theartisttree-mis/class/SessionManager.php on line 59
PHP Notice:  Undefined index: REQUEST_URI in /var/www/vhosts/wantadigital.com/www/theartisttree-mis/inc/security.php on line 41
<ul><li>Fresno Shaw<li>145 product(s) found for reset<li>2441232<li>2441072<li>2441104<li>2441072<li>2437536<li>2437536<li>2437504<li>2441104<li>2466984<li>2467296<li>2467704<li>2461608<li>2461152<li>2468480<li>2461944<li>2469008<li>2467224<li>2470872<li>2464688<li>2530632<li>2464920<li>2466032<li>2477096<li>2466640<li>2474000<li>2468168<li>2475240<li>2475408<li>2469472<li>2476400<li>2470720<li>2469104<li>2470032<li>2469952<li>2473728<li>2475792<li>2469904<li>2469920<li>2473664<li>2469904<li>2440720<li>2473616<li>2469952<li>2469952<li>2469808<li>2469984<li>2484528<li>2480072<li>2472896<li>2482288<li>2473872<li>2485904<li>2489000<li>2475064<li>2476816<li>2491024<li>2485552<li>2477512<li>2477744<li>2485808<li>2478640<li>2477496<li>2477496<li>2481368<li>2477984<li>2478032<li>2478408<li>2478608<li>2471824<li>2478640<li>2478640<li>2478640<li>2478640<li>2478640<li>2478640<li>2482320<li>2478944<li>2478640<li>2478736<li>2478736<li>2540912<li>2478640<li>2478640<li>2482304<li>2478640<li>2479088<li>2479056<li>2478640<li>2478640<li>2478720<li>2478640<li>2478640<li>2478736<li>2478608<li>2478608<li>2482416<li>2470192<li>2478736<li>2478640<li>2478608<li>2482272<li>2478784<li>2478640<li>2540912<li>2478944<li>2478496<li>2478608<li>2478640<li>2540912<li>2478640<li>2478848<li>2478608<li>2478640<li>2478976<li>2478640<li>2478840<li>2478840<li>2478968<li>2478840<li>2478840<li>2480704<li>2480760<li>2481504<li>2481608<li>2482032<li>2482504<li>2483024<li>2483704<li>2484840<li>2485000<li>2485432<li>2485512<li>2485984<li>2486664<li>2487136<li>2487544<li>2488656<li>2489608<li>2489728<li>2493888<li>2490432<li>2492616<li>2491312<li>2491216<li>2491216<li>0 product(s) found for discount</ul><hr />{"success":true,"response":"60 products updated","redirect":null}[2025-12-02 10:35:25] Command triggered for store_id 11 with PID 6428
PHP Notice:  Undefined index: REQUEST_URI in /var/www/vhosts/wantadigital.com/www/theartisttree-mis/class/SessionManager.php on line 59
PHP Notice:  Undefined index: REQUEST_URI in /var/www/vhosts/wantadigital.com/www/theartisttree-mis/class/SessionManager.php on line 59
PHP Notice:  Undefined index: REQUEST_URI in /var/www/vhosts/wantadigital.com/www/theartisttree-mis/class/SessionManager.php on line 59
PHP Notice:  Undefined index: REQUEST_URI in /var/www/vhosts/wantadigital.com/www/theartisttree-mis/class/SessionManager.php on line 59
PHP Notice:  Undefined index: REQUEST_URI in /var/www/vhosts/wantadigital.com/www/theartisttree-mis/class/SessionManager.php on line 59
PHP Notice:  Undefined index: REQUEST_URI in /var/www/vhosts/wantadigital.com/www/theartisttree-mis/inc/security.php on line 41
<ul><li>Fresno Shaw<li>145 product(s) found for reset<li>2441232<li>2441072<li>2441104<li>2441072<li>2437536<li>2437536<li>2437504<li>2441104<li>2445632<li>2445504<li>2445472<li>2438944<li>2438048<li>2444880<li>2437968<li>2444592<li>2442000<li>2445232<li>2438560<li>2504048<li>2437952<li>2438576<li>2449184<li>2438288<li>2444624<li>2438336<li>2444896<li>2444624<li>2438288<li>2444704<li>2438592<li>2437040<li>2437968<li>2437888<li>2441664<li>2443728<li>2437840<li>2437856<li>2441600<li>2437840<li>2408656<li>2441552<li>2437888<li>2437888<li>2437744<li>2437920<li>2451592<li>2446696<li>2439064<li>2447944<li>2439128<li>2450648<li>2453304<li>2438968<li>2439960<li>2453656<li>2447800<li>2439320<li>2439096<li>2446664<li>2439096<li>2437976<li>2437976<li>2441848<li>2438464<li>2438512<li>2438888<li>2439088<li>2432304<li>2439120<li>2439120<li>2439120<li>2439120<li>2439120<li>2439120<li>2442800<li>2439424<li>2439120<li>2439216<li>2439216<li>2501392<li>2439120<li>2439120<li>2442784<li>2439120<li>2439568<li>2439536<li>2439120<li>2439120<li>2439200<li>2439120<li>2439120<li>2439216<li>2439088<li>2439088<li>2442896<li>2430672<li>2439216<li>2439120<li>2439088<li>2442752<li>2439264<li>2439120<li>2501392<li>2439424<li>2438976<li>2439088<li>2439120<li>2501392<li>2439120<li>2439328<li>2439088<li>2439120<li>2439456<li>2439120<li>2439320<li>2439320<li>2439448<li>2439320<li>2439320<li>2440312<li>2439928<li>2440216<li>2439864<li>2439832<li>2439864<li>2439928<li>2440152<li>2440456<li>2440216<li>2440136<li>2439832<li>2439864<li>2440088<li>2440088<li>2440024<li>2440024<li>2440504<li>2440152<li>2443800<li>2439960<li>2441280<li>2440000<li>2439904<li>2439904<li>0 product(s) found for discount</ul><hr />{"success":true,"response":"0 products updated","redirect":null}[2025-12-02 10:52:16] Command triggered for store_id 11 with PID 7636
PHP Notice:  Undefined index: REQUEST_URI in /var/www/vhosts/wantadigital.com/www/theartisttree-mis/class/SessionManager.php on line 59
PHP Notice:  Undefined index: REQUEST_URI in /var/www/vhosts/wantadigital.com/www/theartisttree-mis/class/SessionManager.php on line 59
PHP Notice:  Undefined index: REQUEST_URI in /var/www/vhosts/wantadigital.com/www/theartisttree-mis/class/SessionManager.php on line 59
PHP Notice:  Undefined index: REQUEST_URI in /var/www/vhosts/wantadigital.com/www/theartisttree-mis/class/SessionManager.php on line 59
PHP Notice:  Undefined index: REQUEST_URI in /var/www/vhosts/wantadigital.com/www/theartisttree-mis/class/SessionManager.php on line 59
PHP Notice:  Undefined index: REQUEST_URI in /var/www/vhosts/wantadigital.com/www/theartisttree-mis/inc/security.php on line 41
<ul><li>Fresno Shaw<li>145 product(s) found for reset<li>2441232<li>2441072<li>2441104<li>2441072<li>2437536<li>2437536<li>2437504<li>2441104<li>2445632<li>2445504<li>2445472<li>2438944<li>2438048<li>2444880<li>2437968<li>2444592<li>2442000<li>2445232<li>2438560<li>2504048<li>2437952<li>2438576<li>2449184<li>2438288<li>2444624<li>2438336<li>2444896<li>2444624<li>2438288<li>2444704<li>2438592<li>2437040<li>2437968<li>2437888<li>2441664<li>2443728<li>2437840<li>2437856<li>2441600<li>2437840<li>2408656<li>2441552<li>2437888<li>2437888<li>2437744<li>2437920<li>2451592<li>2446696<li>2439064<li>2447944<li>2439128<li>2450648<li>2453304<li>2438968<li>2439960<li>2453656<li>2447800<li>2439320<li>2439096<li>2446664<li>2439096<li>2437976<li>2437976<li>2441848<li>2438464<li>2438512<li>2438888<li>2439088<li>2432304<li>2439120<li>2439120<li>2439120<li>2439120<li>2439120<li>2439120<li>2442800<li>2439424<li>2439120<li>2439216<li>2439216<li>2501392<li>2439120<li>2439120<li>2442784<li>2439120<li>2439568<li>2439536<li>2439120<li>2439120<li>2439200<li>2439120<li>2439120<li>2439216<li>2439088<li>2439088<li>2442896<li>2430672<li>2439216<li>2439120<li>2439088<li>2442752<li>2439264<li>2439120<li>2501392<li>2439424<li>2438976<li>2439088<li>2439120<li>2501392<li>2439120<li>2439328<li>2439088<li>2439120<li>2439456<li>2439120<li>2439320<li>2439320<li>2439448<li>2439320<li>2439320<li>2440312<li>2439928<li>2440216<li>2439864<li>2439832<li>2439864<li>2439928<li>2440152<li>2440456<li>2440216<li>2440136<li>2439832<li>2439864<li>2440088<li>2440088<li>2440024<li>2440024<li>2440504<li>2440152<li>2443800<li>2439960<li>2441280<li>2440000<li>2439904<li>2439904<li>0 product(s) found for discount</ul><hr />{"success":true,"response":"0 products updated","redirect":null}