[2025-12-01 16:33:47] Command triggered for store_id 9 with PID 20780
PHP Notice:  Undefined index: REQUEST_URI in /var/www/vhosts/wantadigital.com/www/theartisttree-mis/class/SessionManager.php on line 59
PHP Notice:  Undefined index: REQUEST_URI in /var/www/vhosts/wantadigital.com/www/theartisttree-mis/class/SessionManager.php on line 59
PHP Notice:  Undefined index: REQUEST_URI in /var/www/vhosts/wantadigital.com/www/theartisttree-mis/class/SessionManager.php on line 59
PHP Notice:  Undefined index: REQUEST_URI in /var/www/vhosts/wantadigital.com/www/theartisttree-mis/class/SessionManager.php on line 59
PHP Notice:  Undefined index: REQUEST_URI in /var/www/vhosts/wantadigital.com/www/theartisttree-mis/class/SessionManager.php on line 59
PHP Notice:  Undefined index: REQUEST_URI in /var/www/vhosts/wantadigital.com/www/theartisttree-mis/inc/security.php on line 41
<ul><li>Laguna Woods<li>0 product(s) found for reset<li>164 product(s) found for discount<li>2459008<li>2459480<li>2459984<li>2460424<li>2460896<li>2461368<li>2461840<li>2462312<li>2463104<li>2463576<li>2464048<li>2464120<li>2464720<li>2465640<li>2465808<li>2510344<li>2511456<li>2467816<li>2468304<li>2469128<li>2469072<li>2513272<li>2470224<li>2470552<li>2471088<li>2471640<li>2472016<li>2473192<li>2474656<li>2475112<li>2475568<li>2475704<li>2476272<li>2477352<li>2477664<li>2478136<li>2478576<li>2479224<li>2479712<li>2480088<li>2480560<li>2481384<li>2481936<li>2482344<li>2482752<li>2483224<li>2483776<li>2484104<li>2484560<li>2485656<li>2486400<li>2486712<li>2487088<li>2487544<li>2487936<li>2488472<li>2488992<li>2489336<li>2489920<li>2490280<li>2490672<li>2491224<li>2491584<li>2492040<li>2492640<li>2494232<li>2494592<li>2495176<li>2495632<li>2496040<li>2496624<li>2496968<li>2535680<li>2497864<li>2498368<li>2498792<li>2499376<li>2499832<li>2500080<li>2500600<li>2501056<li>2501672<li>2502064<li>2502408<li>2502864<li>2503320<li>2503792<li>2504248<li>2504768<li>2505224<li>2505568<li>2506056<li>2506576<li>2506952<li>2507520<li>2507944<li>2508592<li>2514600<li>2515024<li>2515336<li>2515824<li>2516408<li>2517136<li>2517192<li>2517664<li>2518120<li>2518784<li>2519080<li>2519600<li>2519960<li>2520544<li>2512568<li>2521344<li>2521736<li>2522192<li>2522712<li>2523104<li>2523544<li>2523984<li>2524440<li>2524912<li>2525528<li>2525824<li>2526440<li>2526768<li>2527192<li>2527648<li>2528136<li>2528560<li>2529064<li>2534880<li>2530088<li>2530544<li>2530872<li>2531344<li>2531784<li>2532208<li>2532664<li>2533120<li>2533576<li>2534656<li>2535368<li>2567408<li>2536824<li>2564352<li>2537672<li>2538544<li>2542216<li>2539088<li>2539560<li>2543904<li>2546968<li>2553904<li>2554264<li>2542912<li>2543384<li>2586368<li>2544328<li>2556720<li>2545704<li>2546128<li>2558232<li>2548192<li>2548664</ul><hr />{"success":true,"response":"164 products updated","redirect":null}[2025-12-01 16:35:13] Command triggered for store_id 9 with PID 20948
PHP Notice:  Undefined index: REQUEST_URI in /var/www/vhosts/wantadigital.com/www/theartisttree-mis/class/SessionManager.php on line 59
PHP Notice:  Undefined index: REQUEST_URI in /var/www/vhosts/wantadigital.com/www/theartisttree-mis/class/SessionManager.php on line 59
PHP Notice:  Undefined index: REQUEST_URI in /var/www/vhosts/wantadigital.com/www/theartisttree-mis/class/SessionManager.php on line 59
PHP Notice:  Undefined index: REQUEST_URI in /var/www/vhosts/wantadigital.com/www/theartisttree-mis/class/SessionManager.php on line 59
PHP Notice:  Undefined index: REQUEST_URI in /var/www/vhosts/wantadigital.com/www/theartisttree-mis/class/SessionManager.php on line 59
PHP Notice:  Undefined index: REQUEST_URI in /var/www/vhosts/wantadigital.com/www/theartisttree-mis/inc/security.php on line 41
<ul><li>Laguna Woods<li>0 product(s) found for reset<li>164 product(s) found for discount<li>2459008<li>2459480<li>2459984<li>2460424<li>2460896<li>2461368<li>2461840<li>2462312<li>2463104<li>2463576<li>2464048<li>2464120<li>2464720<li>2465640<li>2465808<li>2510344<li>2511456<li>2467816<li>2468304<li>2469128<li>2469072<li>2513272<li>2470224<li>2470552<li>2471088<li>2471640<li>2472016<li>2473192<li>2474656<li>2475112<li>2475568<li>2475704<li>2476272<li>2477352<li>2477664<li>2478136<li>2478576<li>2479224<li>2479712<li>2480088<li>2480560<li>2481384<li>2481936<li>2482344<li>2482752<li>2483224<li>2483776<li>2484104<li>2484560<li>2485656<li>2486400<li>2486712<li>2487088<li>2487544<li>2487936<li>2488472<li>2488992<li>2489336<li>2489920<li>2490280<li>2490672<li>2491224<li>2491584<li>2492040<li>2492640<li>2494232<li>2494592<li>2495176<li>2495632<li>2496040<li>2496624<li>2496968<li>2535680<li>2497864<li>2498368<li>2498792<li>2499376<li>2499832<li>2500080<li>2500600<li>2501056<li>2501672<li>2502064<li>2502408<li>2502864<li>2503320<li>2503792<li>2504248<li>2504768<li>2505224<li>2505568<li>2506056<li>2506576<li>2506952<li>2507520<li>2507944<li>2508592<li>2514600<li>2515024<li>2515336<li>2515824<li>2516408<li>2517136<li>2517192<li>2517664<li>2518120<li>2518784<li>2519080<li>2519600<li>2519960<li>2520544<li>2512568<li>2521344<li>2521736<li>2522192<li>2522712<li>2523104<li>2523544<li>2523984<li>2524440<li>2524912<li>2525528<li>2525824<li>2526440<li>2526768<li>2527192<li>2527648<li>2528136<li>2528560<li>2529064<li>2534880<li>2530088<li>2530544<li>2530872<li>2531344<li>2531784<li>2532208<li>2532664<li>2533120<li>2533576<li>2534656<li>2535368<li>2567408<li>2536824<li>2564352<li>2537672<li>2538544<li>2542216<li>2539088<li>2539560<li>2543904<li>2546968<li>2553904<li>2554264<li>2542912<li>2543384<li>2586368<li>2544328<li>2556720<li>2545704<li>2546128<li>2558232<li>2548192<li>2548664</ul><hr />{"success":true,"response":"164 products updated","redirect":null}[2025-12-01 16:40:11] Command triggered for store_id 9 with PID 21169
PHP Notice:  Undefined index: REQUEST_URI in /var/www/vhosts/wantadigital.com/www/theartisttree-mis/class/SessionManager.php on line 59
PHP Notice:  Undefined index: REQUEST_URI in /var/www/vhosts/wantadigital.com/www/theartisttree-mis/class/SessionManager.php on line 59
PHP Notice:  Undefined index: REQUEST_URI in /var/www/vhosts/wantadigital.com/www/theartisttree-mis/class/SessionManager.php on line 59
PHP Notice:  Undefined index: REQUEST_URI in /var/www/vhosts/wantadigital.com/www/theartisttree-mis/class/SessionManager.php on line 59
PHP Notice:  Undefined index: REQUEST_URI in /var/www/vhosts/wantadigital.com/www/theartisttree-mis/class/SessionManager.php on line 59
PHP Notice:  Undefined index: REQUEST_URI in /var/www/vhosts/wantadigital.com/www/theartisttree-mis/inc/security.php on line 41
<ul><li>Laguna Woods<li>0 product(s) found for reset<li>0 product(s) found for discount</ul><hr />{"success":true,"response":"0 products updated","redirect":null}[2025-12-01 16:43:16] Command triggered for store_id 9 with PID 21386
PHP Notice:  Undefined index: REQUEST_URI in /var/www/vhosts/wantadigital.com/www/theartisttree-mis/class/SessionManager.php on line 59
PHP Notice:  Undefined index: REQUEST_URI in /var/www/vhosts/wantadigital.com/www/theartisttree-mis/class/SessionManager.php on line 59
PHP Notice:  Undefined index: REQUEST_URI in /var/www/vhosts/wantadigital.com/www/theartisttree-mis/class/SessionManager.php on line 59
PHP Notice:  Undefined index: REQUEST_URI in /var/www/vhosts/wantadigital.com/www/theartisttree-mis/class/SessionManager.php on line 59
PHP Notice:  Undefined index: REQUEST_URI in /var/www/vhosts/wantadigital.com/www/theartisttree-mis/class/SessionManager.php on line 59
PHP Notice:  Undefined index: REQUEST_URI in /var/www/vhosts/wantadigital.com/www/theartisttree-mis/inc/security.php on line 41
<ul><li>Laguna Woods<li>0 product(s) found for reset<li>164 product(s) found for discount<li>2459008<li>2459480<li>2459984<li>2460424<li>2460896<li>2461368<li>2461840<li>2462312<li>2463104<li>2463576<li>2464048<li>2464120<li>2464720<li>2465640<li>2465808<li>2510344<li>2511456<li>2467816<li>2468304<li>2469128<li>2469072<li>2513272<li>2470224<li>2470552<li>2471088<li>2471640<li>2472016<li>2473192<li>2474656<li>2475112<li>2475568<li>2475704<li>2476272<li>2477352<li>2477664<li>2478136<li>2478576<li>2479224<li>2479712<li>2480088<li>2480560<li>2481384<li>2481936<li>2482344<li>2482752<li>2483224<li>2483776<li>2484104<li>2484560<li>2485656<li>2486400<li>2486712<li>2487088<li>2487544<li>2487936<li>2488472<li>2488992<li>2489336<li>2489920<li>2490280<li>2490672<li>2491224<li>2491584<li>2492040<li>2492640<li>2494232<li>2494592<li>2495176<li>2495632<li>2496040<li>2496624<li>2496968<li>2535680<li>2497864<li>2498368<li>2498792<li>2499376<li>2499832<li>2500080<li>2500600<li>2501056<li>2501672<li>2502064<li>2502408<li>2502864<li>2503320<li>2503792<li>2504248<li>2504768<li>2505224<li>2505568<li>2506056<li>2506576<li>2506952<li>2507520<li>2507944<li>2508592<li>2514600<li>2515024<li>2515336<li>2515824<li>2516408<li>2517136<li>2517192<li>2517664<li>2518120<li>2518784<li>2519080<li>2519600<li>2519960<li>2520544<li>2512568<li>2521344<li>2521736<li>2522192<li>2522712<li>2523104<li>2523544<li>2523984<li>2524440<li>2524912<li>2525528<li>2525824<li>2526440<li>2526768<li>2527192<li>2527648<li>2528136<li>2528560<li>2529064<li>2534880<li>2530088<li>2530544<li>2530872<li>2531344<li>2531784<li>2532208<li>2532664<li>2533120<li>2533576<li>2534656<li>2535368<li>2567408<li>2536824<li>2564352<li>2537672<li>2538544<li>2542216<li>2539088<li>2539560<li>2543904<li>2546968<li>2553904<li>2554264<li>2542912<li>2543384<li>2586368<li>2544328<li>2556720<li>2545704<li>2546128<li>2558232<li>2548192<li>2548664</ul><hr />{"success":true,"response":"164 products updated","redirect":null}[2025-12-01 16:49:06] Command triggered for store_id 9 with PID 21618
PHP Notice:  Undefined index: REQUEST_URI in /var/www/vhosts/wantadigital.com/www/theartisttree-mis/class/SessionManager.php on line 59
PHP Notice:  Undefined index: REQUEST_URI in /var/www/vhosts/wantadigital.com/www/theartisttree-mis/class/SessionManager.php on line 59
PHP Notice:  Undefined index: REQUEST_URI in /var/www/vhosts/wantadigital.com/www/theartisttree-mis/class/SessionManager.php on line 59
PHP Notice:  Undefined index: REQUEST_URI in /var/www/vhosts/wantadigital.com/www/theartisttree-mis/class/SessionManager.php on line 59
PHP Notice:  Undefined index: REQUEST_URI in /var/www/vhosts/wantadigital.com/www/theartisttree-mis/class/SessionManager.php on line 59
PHP Notice:  Undefined index: REQUEST_URI in /var/www/vhosts/wantadigital.com/www/theartisttree-mis/inc/security.php on line 41
<ul><li>Laguna Woods<li>0 product(s) found for reset<li>0 product(s) found for discount</ul><hr />{"success":true,"response":"0 products updated","redirect":null}[2025-12-01 16:50:24] Command triggered for store_id 9 with PID 21724
PHP Notice:  Undefined index: REQUEST_URI in /var/www/vhosts/wantadigital.com/www/theartisttree-mis/class/SessionManager.php on line 59
PHP Notice:  Undefined index: REQUEST_URI in /var/www/vhosts/wantadigital.com/www/theartisttree-mis/class/SessionManager.php on line 59
PHP Notice:  Undefined index: REQUEST_URI in /var/www/vhosts/wantadigital.com/www/theartisttree-mis/class/SessionManager.php on line 59
PHP Notice:  Undefined index: REQUEST_URI in /var/www/vhosts/wantadigital.com/www/theartisttree-mis/class/SessionManager.php on line 59
PHP Notice:  Undefined index: REQUEST_URI in /var/www/vhosts/wantadigital.com/www/theartisttree-mis/class/SessionManager.php on line 59
PHP Notice:  Undefined index: REQUEST_URI in /var/www/vhosts/wantadigital.com/www/theartisttree-mis/inc/security.php on line 41
<ul><li>Laguna Woods<li>0 product(s) found for reset<li>0 product(s) found for discount</ul><hr />{"success":true,"response":"0 products updated","redirect":null}